Started GET "/users" for ::1 at 2020-01-13 23:27:22 -0500
DEPRECATION WARNING: ActiveRecord::Base.raise_in_transactional_callbacks= is deprecated, has no effect and will be removed without replacement. (called from block (3 levels) in <class:Railtie> at /Users/techreset/.rbenv/versions/2.5.1/lib/ruby/gems/2.5.0/gems/activerecord-5.0.7.2/lib/active_record/railtie.rb:113)
  
ActionController::RoutingError (No route matches [GET] "/users"):
  
actionpack (5.0.7.2) lib/action_dispatch/middleware/debug_exceptions.rb:53:in `call'
web-console (3.7.0) lib/web_console/middleware.rb:135:in `call_app'
web-console (3.7.0) lib/web_console/middleware.rb:30:in `block in call'
web-console (3.7.0) lib/web_console/middleware.rb:20:in `catch'
web-console (3.7.0) lib/web_console/middleware.rb:20:in `call'
actionpack (5.0.7.2) lib/action_dispatch/middleware/show_exceptions.rb:31:in `call'
railties (5.0.7.2) lib/rails/rack/logger.rb:36:in `call_app'
railties (5.0.7.2) lib/rails/rack/logger.rb:24:in `block in call'
activesupport (5.0.7.2) lib/active_support/tagged_logging.rb:69:in `block in tagged'
activesupport (5.0.7.2) lib/active_support/tagged_logging.rb:26:in `tagged'
activesupport (5.0.7.2) lib/active_support/tagged_logging.rb:69:in `tagged'
railties (5.0.7.2) lib/rails/rack/logger.rb:24:in `call'
actionpack (5.0.7.2) lib/action_dispatch/middleware/request_id.rb:24:in `call'
rack (2.1.1) lib/rack/method_override.rb:24:in `call'
rack (2.1.1) lib/rack/runtime.rb:24:in `call'
activesupport (5.0.7.2) lib/active_support/cache/strategy/local_cache_middleware.rb:28:in `call'
actionpack (5.0.7.2) lib/action_dispatch/middleware/executor.rb:12:in `call'
rack-livereload (0.3.17) lib/rack/livereload.rb:23:in `_call'
rack-livereload (0.3.17) lib/rack/livereload.rb:14:in `call'
actionpack (5.0.7.2) lib/action_dispatch/middleware/static.rb:136:in `call'
rack (2.1.1) lib/rack/sendfile.rb:113:in `call'
railties (5.0.7.2) lib/rails/engine.rb:522:in `call'
puma (3.12.2) lib/puma/configuration.rb:227:in `call'
puma (3.12.2) lib/puma/server.rb:674:in `handle_request'
puma (3.12.2) lib/puma/server.rb:476:in `process_client'
puma (3.12.2) lib/puma/server.rb:334:in `block in run'
puma (3.12.2) lib/puma/thread_pool.rb:135:in `block in spawn_thread'
  Rendering /Users/techreset/.rbenv/versions/2.5.1/lib/ruby/gems/2.5.0/gems/actionpack-5.0.7.2/lib/action_dispatch/middleware/templates/rescues/routing_error.html.erb within rescues/layout
  Rendering /Users/techreset/.rbenv/versions/2.5.1/lib/ruby/gems/2.5.0/gems/actionpack-5.0.7.2/lib/action_dispatch/middleware/templates/rescues/_trace.html.erb
  Rendered /Users/techreset/.rbenv/versions/2.5.1/lib/ruby/gems/2.5.0/gems/actionpack-5.0.7.2/lib/action_dispatch/middleware/templates/rescues/_trace.html.erb (1.0ms)
  Rendered collection of /Users/techreset/.rbenv/versions/2.5.1/lib/ruby/gems/2.5.0/gems/actionpack-5.0.7.2/lib/action_dispatch/middleware/templates/routes/_route.html.erb [1 times] (7.1ms)
  Rendered /Users/techreset/.rbenv/versions/2.5.1/lib/ruby/gems/2.5.0/gems/actionpack-5.0.7.2/lib/action_dispatch/middleware/templates/routes/_table.html.erb (6.1ms)
  Rendering /Users/techreset/.rbenv/versions/2.5.1/lib/ruby/gems/2.5.0/gems/actionpack-5.0.7.2/lib/action_dispatch/middleware/templates/rescues/_request_and_response.html.erb
  Rendered /Users/techreset/.rbenv/versions/2.5.1/lib/ruby/gems/2.5.0/gems/actionpack-5.0.7.2/lib/action_dispatch/middleware/templates/rescues/_request_and_response.html.erb (9.9ms)
  Rendered /Users/techreset/.rbenv/versions/2.5.1/lib/ruby/gems/2.5.0/gems/actionpack-5.0.7.2/lib/action_dispatch/middleware/templates/rescues/routing_error.html.erb within rescues/layout (146.8ms)
Started GET "/" for ::1 at 2020-01-13 23:27:25 -0500
Processing by StaticPagesController#index as HTML
  Rendering static_pages/index.html.erb within layouts/application
  Rendered shared/_main_nav.html.erb (1.0ms)
  Rendered shared/_masthead.html.erb (0.6ms)
  Rendered shared/_sections_nav.html.erb (0.5ms)
  Rendered shared/_search_modal.html.erb (1.3ms)
  Rendered shared/_main_content.html.erb (1.3ms)
  Rendered static_pages/index.html.erb within layouts/application (31.1ms)
Completed 200 OK in 559ms (Views: 553.9ms | ActiveRecord: 0.0ms)


Started GET "/assets/application.self-946bad91576b377bc7e75c67e0707d47117b518ec9361b90f32a67c70ddfb485.css?body=1" for ::1 at 2020-01-13 23:27:26 -0500
Started GET "/assets/jquery.self-bd7ddd393353a8d2480a622e80342adf488fb6006d667e8b42e4c0073393abee.js?body=1" for ::1 at 2020-01-13 23:27:26 -0500
Started GET "/assets/jquery_ujs.self-784a997f6726036b1993eb2217c9cb558e1cbb801c6da88105588c56f13b466a.js?body=1" for ::1 at 2020-01-13 23:27:26 -0500
Started GET "/assets/components/dropdown.self-815016af6fab1d5b72abd319213bf62f0c42bab2c585d2e059543ae704a0d74c.js?body=1" for ::1 at 2020-01-13 23:27:26 -0500
Started GET "/assets/components/modal.self-52188644dbb47def5ee35ae02e69eb567ca9b664472357a8a5789dd39032a265.js?body=1" for ::1 at 2020-01-13 23:27:26 -0500
Started GET "/assets/components/sidebar.self-2a1277f850a6fa21e1a974ef5152f177ac05516477d5081d593bb137b3d6808b.js?body=1" for ::1 at 2020-01-13 23:27:26 -0500
Started GET "/assets/application.self-f571b9db02bf4ed04c38a6a29072ac382f7d4f47db1fab9817aeadb0d8665235.js?body=1" for ::1 at 2020-01-13 23:27:26 -0500
Started GET "/" for ::1 at 2020-01-13 23:27:46 -0500
Processing by StaticPagesController#index as HTML
  Rendering static_pages/index.html.erb within layouts/application
  Rendered shared/_main_nav.html.erb (0.2ms)
  Rendered shared/_masthead.html.erb (0.2ms)
  Rendered shared/_sections_nav.html.erb (0.6ms)
  Rendered shared/_search_modal.html.erb (0.8ms)
  Rendered shared/_main_content.html.erb (0.7ms)
  Rendered static_pages/index.html.erb within layouts/application (17.9ms)
Completed 200 OK in 56ms (Views: 52.5ms | ActiveRecord: 0.0ms)


Started GET "/assets/application.self-946bad91576b377bc7e75c67e0707d47117b518ec9361b90f32a67c70ddfb485.css?body=1&livereload=1578977580235" for ::1 at 2020-01-13 23:53:00 -0500
Started GET "/assets/application.self-946bad91576b377bc7e75c67e0707d47117b518ec9361b90f32a67c70ddfb485.css?body=1&livereload=1578977580237" for ::1 at 2020-01-13 23:53:00 -0500
Started GET "/assets/application.self-946bad91576b377bc7e75c67e0707d47117b518ec9361b90f32a67c70ddfb485.css?body=1&livereload=1578977583664" for ::1 at 2020-01-13 23:53:03 -0500
Started GET "/assets/application.self-946bad91576b377bc7e75c67e0707d47117b518ec9361b90f32a67c70ddfb485.css?body=1&livereload=1578977583662" for ::1 at 2020-01-13 23:53:03 -0500
Started GET "/assets/application.self-946bad91576b377bc7e75c67e0707d47117b518ec9361b90f32a67c70ddfb485.css?body=1&livereload=1578977585796" for ::1 at 2020-01-13 23:53:05 -0500
Started GET "/assets/application.self-946bad91576b377bc7e75c67e0707d47117b518ec9361b90f32a67c70ddfb485.css?body=1&livereload=1578977585798" for ::1 at 2020-01-13 23:53:05 -0500
Started GET "/assets/application.self-946bad91576b377bc7e75c67e0707d47117b518ec9361b90f32a67c70ddfb485.css?body=1&livereload=1578977589881" for ::1 at 2020-01-13 23:53:09 -0500
Started GET "/assets/application.self-946bad91576b377bc7e75c67e0707d47117b518ec9361b90f32a67c70ddfb485.css?body=1&livereload=1578977589882" for ::1 at 2020-01-13 23:53:09 -0500
Started GET "/assets/application.self-946bad91576b377bc7e75c67e0707d47117b518ec9361b90f32a67c70ddfb485.css?body=1&livereload=1578977594897" for ::1 at 2020-01-13 23:53:14 -0500
Started GET "/assets/application.self-946bad91576b377bc7e75c67e0707d47117b518ec9361b90f32a67c70ddfb485.css?body=1&livereload=1578977594899" for ::1 at 2020-01-13 23:53:14 -0500
Started GET "/assets/application.self-946bad91576b377bc7e75c67e0707d47117b518ec9361b90f32a67c70ddfb485.css?body=1&livereload=1578977600103" for ::1 at 2020-01-13 23:53:20 -0500
Started GET "/assets/application.self-946bad91576b377bc7e75c67e0707d47117b518ec9361b90f32a67c70ddfb485.css?body=1&livereload=1578977600104" for ::1 at 2020-01-13 23:53:20 -0500
Started GET "/assets/application.self-946bad91576b377bc7e75c67e0707d47117b518ec9361b90f32a67c70ddfb485.css?body=1&livereload=1578977605393" for ::1 at 2020-01-13 23:53:25 -0500
Started GET "/assets/application.self-946bad91576b377bc7e75c67e0707d47117b518ec9361b90f32a67c70ddfb485.css?body=1&livereload=1578977605395" for ::1 at 2020-01-13 23:53:25 -0500
Started GET "/assets/application.self-946bad91576b377bc7e75c67e0707d47117b518ec9361b90f32a67c70ddfb485.css?body=1&livereload=1578977610131" for ::1 at 2020-01-13 23:53:30 -0500
Started GET "/assets/application.self-946bad91576b377bc7e75c67e0707d47117b518ec9361b90f32a67c70ddfb485.css?body=1&livereload=1578977610134" for ::1 at 2020-01-13 23:53:30 -0500
Started GET "/assets/application.self-946bad91576b377bc7e75c67e0707d47117b518ec9361b90f32a67c70ddfb485.css?body=1&livereload=1578977612827" for ::1 at 2020-01-13 23:53:32 -0500
Started GET "/assets/application.self-946bad91576b377bc7e75c67e0707d47117b518ec9361b90f32a67c70ddfb485.css?body=1&livereload=1578977612829" for ::1 at 2020-01-13 23:53:32 -0500
Started GET "/assets/application.self-946bad91576b377bc7e75c67e0707d47117b518ec9361b90f32a67c70ddfb485.css?body=1&livereload=1578977614867" for ::1 at 2020-01-13 23:53:34 -0500
Started GET "/assets/application.self-946bad91576b377bc7e75c67e0707d47117b518ec9361b90f32a67c70ddfb485.css?body=1&livereload=1578977614865" for ::1 at 2020-01-13 23:53:34 -0500
Started GET "/assets/application.self-946bad91576b377bc7e75c67e0707d47117b518ec9361b90f32a67c70ddfb485.css?body=1&livereload=1578977618212" for ::1 at 2020-01-13 23:53:38 -0500
Started GET "/assets/application.self-946bad91576b377bc7e75c67e0707d47117b518ec9361b90f32a67c70ddfb485.css?body=1&livereload=1578977618213" for ::1 at 2020-01-13 23:53:38 -0500
Started GET "/assets/application.self-946bad91576b377bc7e75c67e0707d47117b518ec9361b90f32a67c70ddfb485.css?body=1&livereload=1578977620998" for ::1 at 2020-01-13 23:53:41 -0500
Started GET "/assets/application.self-946bad91576b377bc7e75c67e0707d47117b518ec9361b90f32a67c70ddfb485.css?body=1&livereload=1578977621000" for ::1 at 2020-01-13 23:53:41 -0500
Started GET "/assets/application.self-946bad91576b377bc7e75c67e0707d47117b518ec9361b90f32a67c70ddfb485.css?body=1&livereload=1578977627220" for ::1 at 2020-01-13 23:53:47 -0500
Started GET "/assets/application.self-946bad91576b377bc7e75c67e0707d47117b518ec9361b90f32a67c70ddfb485.css?body=1&livereload=1578977627221" for ::1 at 2020-01-13 23:53:47 -0500
Started GET "/assets/application.self-946bad91576b377bc7e75c67e0707d47117b518ec9361b90f32a67c70ddfb485.css?body=1&livereload=1578977628708" for ::1 at 2020-01-13 23:53:48 -0500
Started GET "/assets/application.self-946bad91576b377bc7e75c67e0707d47117b518ec9361b90f32a67c70ddfb485.css?body=1&livereload=1578977628709" for ::1 at 2020-01-13 23:53:48 -0500
Started GET "/assets/application.self-946bad91576b377bc7e75c67e0707d47117b518ec9361b90f32a67c70ddfb485.css?body=1&livereload=1578977631959" for ::1 at 2020-01-13 23:53:51 -0500
Started GET "/assets/application.self-946bad91576b377bc7e75c67e0707d47117b518ec9361b90f32a67c70ddfb485.css?body=1&livereload=1578977631960" for ::1 at 2020-01-13 23:53:51 -0500
Started GET "/assets/application.self-946bad91576b377bc7e75c67e0707d47117b518ec9361b90f32a67c70ddfb485.css?body=1&livereload=1578977635383" for ::1 at 2020-01-13 23:53:55 -0500
Started GET "/assets/application.self-946bad91576b377bc7e75c67e0707d47117b518ec9361b90f32a67c70ddfb485.css?body=1&livereload=1578977635385" for ::1 at 2020-01-13 23:53:55 -0500
Started GET "/assets/application.self-946bad91576b377bc7e75c67e0707d47117b518ec9361b90f32a67c70ddfb485.css?body=1&livereload=1578977638060" for ::1 at 2020-01-13 23:53:58 -0500
Started GET "/assets/application.self-946bad91576b377bc7e75c67e0707d47117b518ec9361b90f32a67c70ddfb485.css?body=1&livereload=1578977638061" for ::1 at 2020-01-13 23:53:58 -0500
Started GET "/assets/application.self-946bad91576b377bc7e75c67e0707d47117b518ec9361b90f32a67c70ddfb485.css?body=1&livereload=1578977642131" for ::1 at 2020-01-13 23:54:02 -0500
Started GET "/assets/application.self-946bad91576b377bc7e75c67e0707d47117b518ec9361b90f32a67c70ddfb485.css?body=1&livereload=1578977642133" for ::1 at 2020-01-13 23:54:02 -0500
Started GET "/assets/application.self-946bad91576b377bc7e75c67e0707d47117b518ec9361b90f32a67c70ddfb485.css?body=1&livereload=1578977653091" for ::1 at 2020-01-13 23:54:13 -0500
Started GET "/assets/application.self-946bad91576b377bc7e75c67e0707d47117b518ec9361b90f32a67c70ddfb485.css?body=1&livereload=1578977653092" for ::1 at 2020-01-13 23:54:13 -0500
Started GET "/assets/application.self-946bad91576b377bc7e75c67e0707d47117b518ec9361b90f32a67c70ddfb485.css?body=1&livereload=1578977660789" for ::1 at 2020-01-13 23:54:20 -0500
Started GET "/assets/application.self-946bad91576b377bc7e75c67e0707d47117b518ec9361b90f32a67c70ddfb485.css?body=1&livereload=1578977660791" for ::1 at 2020-01-13 23:54:20 -0500
Started GET "/assets/application.self-946bad91576b377bc7e75c67e0707d47117b518ec9361b90f32a67c70ddfb485.css?body=1&livereload=1578977667575" for ::1 at 2020-01-13 23:54:27 -0500
Started GET "/assets/application.self-946bad91576b377bc7e75c67e0707d47117b518ec9361b90f32a67c70ddfb485.css?body=1&livereload=1578977667576" for ::1 at 2020-01-13 23:54:27 -0500
Started GET "/assets/application.self-946bad91576b377bc7e75c67e0707d47117b518ec9361b90f32a67c70ddfb485.css?body=1&livereload=1578977670811" for ::1 at 2020-01-13 23:54:30 -0500
Started GET "/assets/application.self-946bad91576b377bc7e75c67e0707d47117b518ec9361b90f32a67c70ddfb485.css?body=1&livereload=1578977670813" for ::1 at 2020-01-13 23:54:30 -0500
Started GET "/assets/application.self-946bad91576b377bc7e75c67e0707d47117b518ec9361b90f32a67c70ddfb485.css?body=1&livereload=1578977673116" for ::1 at 2020-01-13 23:54:33 -0500
Started GET "/assets/application.self-946bad91576b377bc7e75c67e0707d47117b518ec9361b90f32a67c70ddfb485.css?body=1&livereload=1578977673117" for ::1 at 2020-01-13 23:54:33 -0500
Started GET "/assets/application.self-946bad91576b377bc7e75c67e0707d47117b518ec9361b90f32a67c70ddfb485.css?body=1&livereload=1578977675237" for ::1 at 2020-01-13 23:54:35 -0500
Started GET "/assets/application.self-946bad91576b377bc7e75c67e0707d47117b518ec9361b90f32a67c70ddfb485.css?body=1&livereload=1578977675238" for ::1 at 2020-01-13 23:54:35 -0500
Started GET "/assets/application.self-946bad91576b377bc7e75c67e0707d47117b518ec9361b90f32a67c70ddfb485.css?body=1&livereload=1578977677910" for ::1 at 2020-01-13 23:54:37 -0500
Started GET "/assets/application.self-946bad91576b377bc7e75c67e0707d47117b518ec9361b90f32a67c70ddfb485.css?body=1&livereload=1578977677911" for ::1 at 2020-01-13 23:54:37 -0500
Started GET "/assets/application.self-946bad91576b377bc7e75c67e0707d47117b518ec9361b90f32a67c70ddfb485.css?body=1&livereload=1578977689862" for ::1 at 2020-01-13 23:54:49 -0500
Started GET "/assets/application.self-946bad91576b377bc7e75c67e0707d47117b518ec9361b90f32a67c70ddfb485.css?body=1&livereload=1578977689864" for ::1 at 2020-01-13 23:54:49 -0500
Started GET "/assets/application.self-946bad91576b377bc7e75c67e0707d47117b518ec9361b90f32a67c70ddfb485.css?body=1&livereload=1578977693950" for ::1 at 2020-01-13 23:54:53 -0500
Started GET "/assets/application.self-946bad91576b377bc7e75c67e0707d47117b518ec9361b90f32a67c70ddfb485.css?body=1&livereload=1578977693952" for ::1 at 2020-01-13 23:54:53 -0500
Started GET "/assets/application.self-946bad91576b377bc7e75c67e0707d47117b518ec9361b90f32a67c70ddfb485.css?body=1&livereload=1578977702119" for ::1 at 2020-01-13 23:55:02 -0500
Started GET "/assets/application.self-946bad91576b377bc7e75c67e0707d47117b518ec9361b90f32a67c70ddfb485.css?body=1&livereload=1578977702121" for ::1 at 2020-01-13 23:55:02 -0500
Started GET "/assets/application.self-946bad91576b377bc7e75c67e0707d47117b518ec9361b90f32a67c70ddfb485.css?body=1&livereload=1578977706769" for ::1 at 2020-01-13 23:55:06 -0500
Started GET "/assets/application.self-946bad91576b377bc7e75c67e0707d47117b518ec9361b90f32a67c70ddfb485.css?body=1&livereload=1578977706778" for ::1 at 2020-01-13 23:55:06 -0500
Started GET "/assets/application.self-946bad91576b377bc7e75c67e0707d47117b518ec9361b90f32a67c70ddfb485.css?body=1&livereload=1578977710748" for ::1 at 2020-01-13 23:55:10 -0500
Started GET "/assets/application.self-946bad91576b377bc7e75c67e0707d47117b518ec9361b90f32a67c70ddfb485.css?body=1&livereload=1578977710749" for ::1 at 2020-01-13 23:55:10 -0500
Started GET "/assets/application.self-946bad91576b377bc7e75c67e0707d47117b518ec9361b90f32a67c70ddfb485.css?body=1&livereload=1578977722159" for ::1 at 2020-01-13 23:55:22 -0500
Started GET "/assets/application.self-946bad91576b377bc7e75c67e0707d47117b518ec9361b90f32a67c70ddfb485.css?body=1&livereload=1578977722161" for ::1 at 2020-01-13 23:55:22 -0500
Started GET "/assets/application.self-946bad91576b377bc7e75c67e0707d47117b518ec9361b90f32a67c70ddfb485.css?body=1&livereload=1578977727808" for ::1 at 2020-01-13 23:55:27 -0500
Started GET "/assets/application.self-946bad91576b377bc7e75c67e0707d47117b518ec9361b90f32a67c70ddfb485.css?body=1&livereload=1578977727809" for ::1 at 2020-01-13 23:55:27 -0500
Started GET "/assets/application.self-946bad91576b377bc7e75c67e0707d47117b518ec9361b90f32a67c70ddfb485.css?body=1&livereload=1578977730959" for ::1 at 2020-01-13 23:55:30 -0500
Started GET "/assets/application.self-946bad91576b377bc7e75c67e0707d47117b518ec9361b90f32a67c70ddfb485.css?body=1&livereload=1578977730960" for ::1 at 2020-01-13 23:55:30 -0500
Started GET "/assets/application.self-946bad91576b377bc7e75c67e0707d47117b518ec9361b90f32a67c70ddfb485.css?body=1&livereload=1578977738393" for ::1 at 2020-01-13 23:55:38 -0500
Started GET "/assets/application.self-946bad91576b377bc7e75c67e0707d47117b518ec9361b90f32a67c70ddfb485.css?body=1&livereload=1578977738395" for ::1 at 2020-01-13 23:55:38 -0500
Started GET "/assets/application.self-946bad91576b377bc7e75c67e0707d47117b518ec9361b90f32a67c70ddfb485.css?body=1&livereload=1578977740620" for ::1 at 2020-01-13 23:55:40 -0500
Started GET "/assets/application.self-946bad91576b377bc7e75c67e0707d47117b518ec9361b90f32a67c70ddfb485.css?body=1&livereload=1578977740621" for ::1 at 2020-01-13 23:55:40 -0500
Started GET "/assets/application.self-946bad91576b377bc7e75c67e0707d47117b518ec9361b90f32a67c70ddfb485.css?body=1&livereload=1578977749720" for ::1 at 2020-01-13 23:55:49 -0500
Started GET "/assets/application.self-946bad91576b377bc7e75c67e0707d47117b518ec9361b90f32a67c70ddfb485.css?body=1&livereload=1578977749721" for ::1 at 2020-01-13 23:55:49 -0500
Started GET "/assets/application.self-946bad91576b377bc7e75c67e0707d47117b518ec9361b90f32a67c70ddfb485.css?body=1&livereload=1578977777566" for ::1 at 2020-01-13 23:56:17 -0500
Started GET "/assets/application.self-946bad91576b377bc7e75c67e0707d47117b518ec9361b90f32a67c70ddfb485.css?body=1&livereload=1578977777567" for ::1 at 2020-01-13 23:56:17 -0500
Started GET "/assets/application.self-946bad91576b377bc7e75c67e0707d47117b518ec9361b90f32a67c70ddfb485.css?body=1&livereload=1578977781834" for ::1 at 2020-01-13 23:56:21 -0500
Started GET "/assets/application.self-946bad91576b377bc7e75c67e0707d47117b518ec9361b90f32a67c70ddfb485.css?body=1&livereload=1578977781835" for ::1 at 2020-01-13 23:56:21 -0500
Started GET "/assets/application.self-946bad91576b377bc7e75c67e0707d47117b518ec9361b90f32a67c70ddfb485.css?body=1&livereload=1578977783690" for ::1 at 2020-01-13 23:56:23 -0500
Started GET "/assets/application.self-946bad91576b377bc7e75c67e0707d47117b518ec9361b90f32a67c70ddfb485.css?body=1&livereload=1578977783692" for ::1 at 2020-01-13 23:56:23 -0500
Started GET "/assets/application.self-946bad91576b377bc7e75c67e0707d47117b518ec9361b90f32a67c70ddfb485.css?body=1&livereload=1578977798181" for ::1 at 2020-01-13 23:56:38 -0500
Started GET "/assets/application.self-946bad91576b377bc7e75c67e0707d47117b518ec9361b90f32a67c70ddfb485.css?body=1&livereload=1578977798182" for ::1 at 2020-01-13 23:56:38 -0500
Started GET "/assets/application.self-946bad91576b377bc7e75c67e0707d47117b518ec9361b90f32a67c70ddfb485.css?body=1&livereload=1578977801246" for ::1 at 2020-01-13 23:56:41 -0500
Started GET "/assets/application.self-946bad91576b377bc7e75c67e0707d47117b518ec9361b90f32a67c70ddfb485.css?body=1&livereload=1578977801247" for ::1 at 2020-01-13 23:56:41 -0500
Started GET "/assets/application.self-946bad91576b377bc7e75c67e0707d47117b518ec9361b90f32a67c70ddfb485.css?body=1&livereload=1578977821004" for ::1 at 2020-01-13 23:57:01 -0500
Started GET "/assets/application.self-946bad91576b377bc7e75c67e0707d47117b518ec9361b90f32a67c70ddfb485.css?body=1&livereload=1578977821003" for ::1 at 2020-01-13 23:57:01 -0500
Started GET "/assets/application.self-946bad91576b377bc7e75c67e0707d47117b518ec9361b90f32a67c70ddfb485.css?body=1&livereload=1578977826212" for ::1 at 2020-01-13 23:57:06 -0500
Started GET "/assets/application.self-946bad91576b377bc7e75c67e0707d47117b518ec9361b90f32a67c70ddfb485.css?body=1&livereload=1578977826213" for ::1 at 2020-01-13 23:57:06 -0500
Started GET "/" for ::1 at 2020-01-14 10:48:24 -0500
DEPRECATION WARNING: ActiveRecord::Base.raise_in_transactional_callbacks= is deprecated, has no effect and will be removed without replacement. (called from block (3 levels) in <class:Railtie> at /Users/techreset/.rbenv/versions/2.5.1/lib/ruby/gems/2.5.0/gems/activerecord-5.0.7.2/lib/active_record/railtie.rb:113)
Processing by StaticPagesController#index as HTML
  Rendering static_pages/index.html.erb within layouts/application
  Rendered shared/_main_nav.html.erb (0.3ms)
  Rendered shared/_masthead.html.erb (0.2ms)
  Rendered shared/_sections_nav.html.erb (0.2ms)
  Rendered shared/_search_modal.html.erb (0.2ms)
  Rendered shared/_main_content.html.erb (0.2ms)
  Rendered static_pages/index.html.erb within layouts/application (11.6ms)
Completed 200 OK in 311ms (Views: 309.2ms | ActiveRecord: 0.0ms)


Started GET "/assets/application.self-8445d85a76dfdc31b57f37be78eaa2e62286d25435f8f956093a6be0c2c6d6d2.css?body=1" for ::1 at 2020-01-14 10:48:25 -0500
Started GET "/assets/jquery.self-bd7ddd393353a8d2480a622e80342adf488fb6006d667e8b42e4c0073393abee.js?body=1" for ::1 at 2020-01-14 10:48:25 -0500
Started GET "/assets/jquery_ujs.self-784a997f6726036b1993eb2217c9cb558e1cbb801c6da88105588c56f13b466a.js?body=1" for ::1 at 2020-01-14 10:48:25 -0500
Started GET "/assets/application.self-f571b9db02bf4ed04c38a6a29072ac382f7d4f47db1fab9817aeadb0d8665235.js?body=1" for ::1 at 2020-01-14 10:48:25 -0500
Started GET "/assets/components/dropdown.self-815016af6fab1d5b72abd319213bf62f0c42bab2c585d2e059543ae704a0d74c.js?body=1" for ::1 at 2020-01-14 10:48:25 -0500
Started GET "/assets/components/modal.self-52188644dbb47def5ee35ae02e69eb567ca9b664472357a8a5789dd39032a265.js?body=1" for ::1 at 2020-01-14 10:48:25 -0500
Started GET "/assets/components/sidebar.self-2a1277f850a6fa21e1a974ef5152f177ac05516477d5081d593bb137b3d6808b.js?body=1" for ::1 at 2020-01-14 10:48:25 -0500
Started GET "/assets/application.self-8445d85a76dfdc31b57f37be78eaa2e62286d25435f8f956093a6be0c2c6d6d2.css?body=1&livereload=1579017783175" for ::1 at 2020-01-14 11:03:03 -0500
Started GET "/assets/application.self-8445d85a76dfdc31b57f37be78eaa2e62286d25435f8f956093a6be0c2c6d6d2.css?body=1&livereload=1579017783178" for ::1 at 2020-01-14 11:03:03 -0500
Started GET "/" for ::1 at 2020-01-14 11:03:18 -0500
Processing by StaticPagesController#index as HTML
  Rendering static_pages/index.html.erb within layouts/application
  Rendered shared/_main_nav.html.erb (0.6ms)
  Rendered shared/_masthead.html.erb (0.4ms)
  Rendered shared/_sections_nav.html.erb (0.4ms)
  Rendered shared/_search_modal.html.erb (0.3ms)
  Rendered shared/_main_content.html.erb (0.4ms)
  Rendered static_pages/index.html.erb within layouts/application (16.4ms)
Completed 200 OK in 149ms (Views: 147.1ms | ActiveRecord: 0.0ms)


Started GET "/assets/application.self-49f59ae412e9322ccd9851bc2394d04c50178ca7c0de96b4b3295ae5971af137.css?body=1" for ::1 at 2020-01-14 11:03:18 -0500
Started GET "/" for ::1 at 2020-01-14 11:03:29 -0500
Processing by StaticPagesController#index as HTML
  Rendering static_pages/index.html.erb within layouts/application
  Rendered shared/_main_nav.html.erb (0.2ms)
  Rendered shared/_masthead.html.erb (0.5ms)
  Rendered shared/_sections_nav.html.erb (0.2ms)
  Rendered shared/_search_modal.html.erb (0.3ms)
  Rendered shared/_main_content.html.erb (0.4ms)
  Rendered static_pages/index.html.erb within layouts/application (12.3ms)
Completed 200 OK in 106ms (Views: 103.1ms | ActiveRecord: 0.0ms)


Started GET "/assets/application.self-636ad8995a15e4cb6a14ed0cf1521045d05d674217ea741831547ef669601482.css?body=1" for ::1 at 2020-01-14 11:03:29 -0500
Started GET "/" for ::1 at 2020-01-14 11:04:01 -0500
Processing by StaticPagesController#index as HTML
  Rendering static_pages/index.html.erb within layouts/application
  Rendered shared/_main_nav.html.erb (0.3ms)
  Rendered shared/_masthead.html.erb (0.2ms)
  Rendered shared/_sections_nav.html.erb (0.3ms)
  Rendered shared/_search_modal.html.erb (0.4ms)
  Rendered shared/_main_content.html.erb (0.3ms)
  Rendered static_pages/index.html.erb within layouts/application (13.4ms)
Completed 200 OK in 93ms (Views: 89.4ms | ActiveRecord: 0.0ms)


Started GET "/assets/application.self-b54f50182556041a11ad89c8fc2e6bff91f663a59ef6572f283fb8f369971c11.css?body=1" for ::1 at 2020-01-14 11:04:01 -0500
Started GET "/assets/application.self-b54f50182556041a11ad89c8fc2e6bff91f663a59ef6572f283fb8f369971c11.css?body=1&livereload=1579017846818" for ::1 at 2020-01-14 11:04:06 -0500
Started GET "/assets/application.self-b54f50182556041a11ad89c8fc2e6bff91f663a59ef6572f283fb8f369971c11.css?body=1&livereload=1579017846820" for ::1 at 2020-01-14 11:04:06 -0500
Started GET "/assets/application.self-b54f50182556041a11ad89c8fc2e6bff91f663a59ef6572f283fb8f369971c11.css?body=1&livereload=1579017848657" for ::1 at 2020-01-14 11:04:08 -0500
Started GET "/assets/application.self-b54f50182556041a11ad89c8fc2e6bff91f663a59ef6572f283fb8f369971c11.css?body=1&livereload=1579017848659" for ::1 at 2020-01-14 11:04:08 -0500
Started GET "/assets/application.self-b54f50182556041a11ad89c8fc2e6bff91f663a59ef6572f283fb8f369971c11.css?body=1&livereload=1579017851693" for ::1 at 2020-01-14 11:04:11 -0500
Started GET "/assets/application.self-b54f50182556041a11ad89c8fc2e6bff91f663a59ef6572f283fb8f369971c11.css?body=1&livereload=1579017851695" for ::1 at 2020-01-14 11:04:11 -0500
Started GET "/assets/application.self-b54f50182556041a11ad89c8fc2e6bff91f663a59ef6572f283fb8f369971c11.css?body=1&livereload=1579017854492" for ::1 at 2020-01-14 11:04:14 -0500
Started GET "/assets/application.self-b54f50182556041a11ad89c8fc2e6bff91f663a59ef6572f283fb8f369971c11.css?body=1&livereload=1579017854493" for ::1 at 2020-01-14 11:04:14 -0500
Started GET "/assets/application.self-b54f50182556041a11ad89c8fc2e6bff91f663a59ef6572f283fb8f369971c11.css?body=1&livereload=1579017998004" for ::1 at 2020-01-14 11:06:38 -0500
Started GET "/assets/application.self-b54f50182556041a11ad89c8fc2e6bff91f663a59ef6572f283fb8f369971c11.css?body=1&livereload=1579017998003" for ::1 at 2020-01-14 11:06:38 -0500
Started GET "/assets/application.self-b54f50182556041a11ad89c8fc2e6bff91f663a59ef6572f283fb8f369971c11.css?body=1&livereload=1579018002902" for ::1 at 2020-01-14 11:06:42 -0500
Started GET "/assets/application.self-b54f50182556041a11ad89c8fc2e6bff91f663a59ef6572f283fb8f369971c11.css?body=1&livereload=1579018002903" for ::1 at 2020-01-14 11:06:42 -0500
Started GET "/assets/application.self-b54f50182556041a11ad89c8fc2e6bff91f663a59ef6572f283fb8f369971c11.css?body=1&livereload=1579018009895" for ::1 at 2020-01-14 11:06:49 -0500
Started GET "/assets/application.self-b54f50182556041a11ad89c8fc2e6bff91f663a59ef6572f283fb8f369971c11.css?body=1&livereload=1579018009897" for ::1 at 2020-01-14 11:06:49 -0500
Started GET "/assets/application.self-b54f50182556041a11ad89c8fc2e6bff91f663a59ef6572f283fb8f369971c11.css?body=1&livereload=1579018019812" for ::1 at 2020-01-14 11:06:59 -0500
Started GET "/assets/application.self-b54f50182556041a11ad89c8fc2e6bff91f663a59ef6572f283fb8f369971c11.css?body=1&livereload=1579018019814" for ::1 at 2020-01-14 11:06:59 -0500
Started GET "/assets/application.self-b54f50182556041a11ad89c8fc2e6bff91f663a59ef6572f283fb8f369971c11.css?body=1&livereload=1579018280408" for ::1 at 2020-01-14 11:11:20 -0500
Started GET "/assets/application.self-b54f50182556041a11ad89c8fc2e6bff91f663a59ef6572f283fb8f369971c11.css?body=1&livereload=1579018280409" for ::1 at 2020-01-14 11:11:20 -0500
Started GET "/" for ::1 at 2020-01-14 11:16:09 -0500
DEPRECATION WARNING: ActiveRecord::Base.raise_in_transactional_callbacks= is deprecated, has no effect and will be removed without replacement. (called from block (3 levels) in <class:Railtie> at /Users/techreset/.rbenv/versions/2.5.1/lib/ruby/gems/2.5.0/gems/activerecord-5.0.7.2/lib/active_record/railtie.rb:113)
Processing by StaticPagesController#index as HTML
  Rendering static_pages/index.html.erb within layouts/application
  Rendered shared/_main_nav.html.erb (0.2ms)
  Rendered shared/_masthead.html.erb (0.2ms)
  Rendered shared/_sections_nav.html.erb (0.3ms)
  Rendered shared/_search_modal.html.erb (0.3ms)
  Rendered shared/_main_content.html.erb (0.3ms)
  Rendered static_pages/index.html.erb within layouts/application (14.7ms)
Completed 200 OK in 282ms (Views: 279.9ms | ActiveRecord: 0.0ms)


Started GET "/assets/application.self-e049c695b32a6ad9eccf2a436be8ccdaa0b2ce4c5e37a243543641f459e3cb12.css?body=1" for ::1 at 2020-01-14 11:16:10 -0500
Started GET "/assets/application.self-e049c695b32a6ad9eccf2a436be8ccdaa0b2ce4c5e37a243543641f459e3cb12.css?body=1&livereload=1579018575200" for ::1 at 2020-01-14 11:16:15 -0500
Started GET "/assets/application.self-e049c695b32a6ad9eccf2a436be8ccdaa0b2ce4c5e37a243543641f459e3cb12.css?body=1&livereload=1579018575202" for ::1 at 2020-01-14 11:16:15 -0500
Started GET "/assets/application.self-e049c695b32a6ad9eccf2a436be8ccdaa0b2ce4c5e37a243543641f459e3cb12.css?body=1&livereload=1579018579271" for ::1 at 2020-01-14 11:16:19 -0500
Started GET "/assets/application.self-e049c695b32a6ad9eccf2a436be8ccdaa0b2ce4c5e37a243543641f459e3cb12.css?body=1&livereload=1579018579267" for ::1 at 2020-01-14 11:16:19 -0500
Started GET "/" for ::1 at 2020-01-14 11:22:12 -0500
Processing by StaticPagesController#index as HTML
  Rendering static_pages/index.html.erb within layouts/application
  Rendered shared/_main_nav.html.erb (0.4ms)
  Rendered shared/_masthead.html.erb (0.2ms)
  Rendered shared/_sections_nav.html.erb (0.2ms)
  Rendered shared/_search_modal.html.erb (0.1ms)
  Rendered shared/_main_content.html.erb (0.3ms)
  Rendered static_pages/index.html.erb within layouts/application (9.5ms)
Completed 200 OK in 40ms (Views: 37.4ms | ActiveRecord: 0.0ms)


Started GET "/" for ::1 at 2020-01-14 11:22:19 -0500
Processing by StaticPagesController#index as HTML
  Rendering static_pages/index.html.erb within layouts/application
  Rendered shared/_main_nav.html.erb (0.8ms)
  Rendered shared/_masthead.html.erb (1.0ms)
  Rendered shared/_sections_nav.html.erb (0.4ms)
  Rendered shared/_search_modal.html.erb (0.3ms)
  Rendered shared/_main_content.html.erb (0.2ms)
  Rendered static_pages/index.html.erb within layouts/application (19.6ms)
Completed 200 OK in 53ms (Views: 49.4ms | ActiveRecord: 0.0ms)


Started GET "/" for ::1 at 2020-01-14 11:22:20 -0500
Processing by StaticPagesController#index as HTML
  Rendering static_pages/index.html.erb within layouts/application
  Rendered shared/_main_nav.html.erb (0.2ms)
  Rendered shared/_masthead.html.erb (0.1ms)
  Rendered shared/_sections_nav.html.erb (0.2ms)
  Rendered shared/_search_modal.html.erb (0.4ms)
  Rendered shared/_main_content.html.erb (0.2ms)
  Rendered static_pages/index.html.erb within layouts/application (10.2ms)
Completed 200 OK in 32ms (Views: 29.0ms | ActiveRecord: 0.0ms)


Started GET "/" for ::1 at 2020-01-14 11:22:22 -0500
Processing by StaticPagesController#index as HTML
  Rendering static_pages/index.html.erb within layouts/application
  Rendered shared/_main_nav.html.erb (0.3ms)
  Rendered shared/_masthead.html.erb (0.2ms)
  Rendered shared/_sections_nav.html.erb (1.8ms)
  Rendered shared/_search_modal.html.erb (0.4ms)
  Rendered shared/_main_content.html.erb (0.3ms)
  Rendered static_pages/index.html.erb within layouts/application (15.0ms)
Completed 200 OK in 42ms (Views: 38.4ms | ActiveRecord: 0.0ms)


Started GET "/" for ::1 at 2020-01-14 11:22:25 -0500
Processing by StaticPagesController#index as HTML
  Rendering static_pages/index.html.erb within layouts/application
  Rendered shared/_main_nav.html.erb (0.4ms)
  Rendered shared/_masthead.html.erb (0.4ms)
  Rendered shared/_sections_nav.html.erb (0.4ms)
  Rendered shared/_search_modal.html.erb (0.3ms)
  Rendered shared/_main_content.html.erb (0.5ms)
  Rendered static_pages/index.html.erb within layouts/application (16.8ms)
Completed 200 OK in 43ms (Views: 40.1ms | ActiveRecord: 0.0ms)


Started GET "/" for ::1 at 2020-01-14 11:22:33 -0500
Processing by StaticPagesController#index as HTML
  Rendering static_pages/index.html.erb within layouts/application
  Rendered shared/_main_nav.html.erb (0.5ms)
  Rendered shared/_masthead.html.erb (0.3ms)
  Rendered shared/_sections_nav.html.erb (0.3ms)
  Rendered shared/_search_modal.html.erb (0.3ms)
  Rendered shared/_main_content.html.erb (0.3ms)
  Rendered static_pages/index.html.erb within layouts/application (13.5ms)
Completed 200 OK in 35ms (Views: 32.5ms | ActiveRecord: 0.0ms)


Started GET "/" for ::1 at 2020-01-14 11:22:36 -0500
Processing by StaticPagesController#index as HTML
  Rendering static_pages/index.html.erb within layouts/application
  Rendered shared/_main_nav.html.erb (0.2ms)
  Rendered shared/_masthead.html.erb (0.2ms)
  Rendered shared/_sections_nav.html.erb (0.4ms)
  Rendered shared/_search_modal.html.erb (0.3ms)
  Rendered shared/_main_content.html.erb (0.3ms)
  Rendered static_pages/index.html.erb within layouts/application (11.0ms)
Completed 200 OK in 31ms (Views: 28.7ms | ActiveRecord: 0.0ms)


Started GET "/" for ::1 at 2020-01-14 23:25:54 -0500
Processing by StaticPagesController#index as HTML
  Rendering static_pages/index.html.erb within layouts/application
  Rendered shared/_main_nav.html.erb (0.6ms)
  Rendered shared/_masthead.html.erb (0.6ms)
  Rendered shared/_sections_nav.html.erb (0.6ms)
  Rendered shared/_search_modal.html.erb (0.8ms)
  Rendered shared/_main_content.html.erb (0.4ms)
  Rendered static_pages/index.html.erb within layouts/application (25.7ms)
Completed 200 OK in 97ms (Views: 89.5ms | ActiveRecord: 0.0ms)


Started GET "/" for ::1 at 2020-01-14 23:44:27 -0500
Processing by StaticPagesController#index as HTML
  Rendering static_pages/index.html.erb within layouts/application
  Rendered shared/_main_nav.html.erb (0.4ms)
  Rendered shared/_masthead.html.erb (0.3ms)
  Rendered shared/_sections_nav.html.erb (0.2ms)
  Rendered shared/_search_modal.html.erb (0.4ms)
  Rendered shared/_main_content.html.erb (0.3ms)
  Rendered static_pages/index.html.erb within layouts/application (10.8ms)
Completed 200 OK in 43ms (Views: 40.5ms | ActiveRecord: 0.0ms)


Started GET "/" for ::1 at 2020-01-14 23:44:44 -0500
Processing by StaticPagesController#index as HTML
  Rendering static_pages/index.html.erb within layouts/application
  Rendered shared/_main_nav.html.erb (1.2ms)
  Rendered shared/_masthead.html.erb (0.8ms)
  Rendered shared/_sections_nav.html.erb (35.0ms)
  Rendered shared/_search_modal.html.erb (0.2ms)
  Rendered shared/_main_content.html.erb (0.2ms)
  Rendered static_pages/index.html.erb within layouts/application (54.3ms)
Completed 200 OK in 82ms (Views: 79.7ms | ActiveRecord: 0.0ms)


Started GET "/" for ::1 at 2020-01-14 23:44:50 -0500
Processing by StaticPagesController#index as HTML
  Rendering static_pages/index.html.erb within layouts/application
  Rendered shared/_main_nav.html.erb (0.3ms)
  Rendered shared/_masthead.html.erb (0.3ms)
  Rendered shared/_sections_nav.html.erb (0.3ms)
  Rendered shared/_search_modal.html.erb (0.5ms)
  Rendered shared/_main_content.html.erb (0.4ms)
  Rendered static_pages/index.html.erb within layouts/application (11.6ms)
Completed 200 OK in 35ms (Views: 31.3ms | ActiveRecord: 0.0ms)


Started GET "/" for ::1 at 2020-01-14 23:44:53 -0500
Processing by StaticPagesController#index as HTML
  Rendering static_pages/index.html.erb within layouts/application
  Rendered shared/_main_nav.html.erb (0.2ms)
  Rendered shared/_masthead.html.erb (0.2ms)
  Rendered shared/_sections_nav.html.erb (0.3ms)
  Rendered shared/_search_modal.html.erb (0.5ms)
  Rendered shared/_main_content.html.erb (0.2ms)
  Rendered static_pages/index.html.erb within layouts/application (10.9ms)
Completed 200 OK in 31ms (Views: 28.4ms | ActiveRecord: 0.0ms)


Started GET "/" for ::1 at 2020-01-14 23:45:11 -0500
Processing by StaticPagesController#index as HTML
  Rendering static_pages/index.html.erb within layouts/application
  Rendered shared/_main_nav.html.erb (0.3ms)
  Rendered shared/_masthead.html.erb (0.2ms)
  Rendered shared/_sections_nav.html.erb (0.2ms)
  Rendered shared/_search_modal.html.erb (0.3ms)
  Rendered shared/_main_content.html.erb (0.4ms)
  Rendered static_pages/index.html.erb within layouts/application (10.0ms)
Completed 200 OK in 32ms (Views: 29.8ms | ActiveRecord: 0.0ms)


Started GET "/" for ::1 at 2020-01-14 23:45:17 -0500
Processing by StaticPagesController#index as HTML
  Rendering static_pages/index.html.erb within layouts/application
  Rendered shared/_main_nav.html.erb (0.5ms)
  Rendered shared/_masthead.html.erb (0.5ms)
  Rendered shared/_sections_nav.html.erb (1.0ms)
  Rendered shared/_search_modal.html.erb (0.4ms)
  Rendered shared/_main_content.html.erb (0.4ms)
  Rendered static_pages/index.html.erb within layouts/application (16.4ms)
Completed 200 OK in 43ms (Views: 38.7ms | ActiveRecord: 0.0ms)


Started GET "/" for ::1 at 2020-01-14 23:45:22 -0500
Processing by StaticPagesController#index as HTML
  Rendering static_pages/index.html.erb within layouts/application
  Rendered shared/_main_nav.html.erb (0.4ms)
  Rendered shared/_masthead.html.erb (0.2ms)
  Rendered shared/_sections_nav.html.erb (0.2ms)
  Rendered shared/_search_modal.html.erb (0.2ms)
  Rendered shared/_main_content.html.erb (0.3ms)
  Rendered static_pages/index.html.erb within layouts/application (10.7ms)
Completed 200 OK in 33ms (Views: 30.6ms | ActiveRecord: 0.0ms)


Started GET "/" for ::1 at 2020-01-14 23:45:25 -0500
Processing by StaticPagesController#index as HTML
  Rendering static_pages/index.html.erb within layouts/application
  Rendered shared/_main_nav.html.erb (0.3ms)
  Rendered shared/_masthead.html.erb (0.3ms)
  Rendered shared/_sections_nav.html.erb (0.2ms)
  Rendered shared/_search_modal.html.erb (0.5ms)
  Rendered shared/_main_content.html.erb (0.2ms)
  Rendered static_pages/index.html.erb within layouts/application (11.4ms)
Completed 200 OK in 34ms (Views: 30.7ms | ActiveRecord: 0.0ms)


Started GET "/" for ::1 at 2020-01-14 23:45:27 -0500
Processing by StaticPagesController#index as HTML
  Rendering static_pages/index.html.erb within layouts/application
  Rendered shared/_main_nav.html.erb (0.3ms)
  Rendered shared/_masthead.html.erb (0.5ms)
  Rendered shared/_sections_nav.html.erb (0.3ms)
  Rendered shared/_search_modal.html.erb (0.2ms)
  Rendered shared/_main_content.html.erb (0.3ms)
  Rendered static_pages/index.html.erb within layouts/application (13.1ms)
Completed 200 OK in 34ms (Views: 31.7ms | ActiveRecord: 0.0ms)


Started GET "/" for ::1 at 2020-01-14 23:56:53 -0500
Processing by StaticPagesController#index as HTML
  Rendering static_pages/index.html.erb within layouts/application
  Rendered shared/_main_nav.html.erb (0.5ms)
  Rendered shared/_masthead.html.erb (0.3ms)
  Rendered shared/_sections_nav.html.erb (0.3ms)
  Rendered shared/_search_modal.html.erb (0.4ms)
  Rendered shared/_main_content.html.erb (0.3ms)
  Rendered static_pages/index.html.erb within layouts/application (14.8ms)
Completed 200 OK in 36ms (Views: 33.8ms | ActiveRecord: 0.0ms)


Started GET "/" for ::1 at 2020-01-14 23:56:58 -0500
Processing by StaticPagesController#index as HTML
  Rendering static_pages/index.html.erb within layouts/application
  Rendered shared/_main_nav.html.erb (0.3ms)
  Rendered shared/_masthead.html.erb (0.4ms)
  Rendered shared/_sections_nav.html.erb (0.4ms)
  Rendered shared/_search_modal.html.erb (0.4ms)
  Rendered shared/_main_content.html.erb (0.4ms)
  Rendered static_pages/index.html.erb within layouts/application (16.6ms)
Completed 200 OK in 51ms (Views: 47.6ms | ActiveRecord: 0.0ms)


Started GET "/" for ::1 at 2020-01-14 23:57:08 -0500
Processing by StaticPagesController#index as HTML
  Rendering static_pages/index.html.erb within layouts/application
  Rendered shared/_main_nav.html.erb (0.5ms)
  Rendered shared/_masthead.html.erb (0.3ms)
  Rendered shared/_sections_nav.html.erb (0.2ms)
  Rendered shared/_search_modal.html.erb (0.2ms)
  Rendered shared/_main_content.html.erb (0.2ms)
  Rendered static_pages/index.html.erb within layouts/application (11.7ms)
Completed 200 OK in 31ms (Views: 28.7ms | ActiveRecord: 0.0ms)


