  [1m[35m (385.3ms)[0m  [1m[35mCREATE DATABASE "goalApp_development" ENCODING = 'unicode'[0m
  ↳ bin/rails:9
  [1m[35m (271.0ms)[0m  [1m[35mCREATE DATABASE "goalApp_test" ENCODING = 'unicode'[0m
  ↳ bin/rails:9
  [1m[35m (19.2ms)[0m  [1m[35mCREATE TABLE "schema_migrations" ("version" character varying NOT NULL PRIMARY KEY)[0m
  ↳ bin/rails:9
  [1m[35m (4.8ms)[0m  [1m[35mCREATE TABLE "ar_internal_metadata" ("key" character varying NOT NULL PRIMARY KEY, "value" character varying, "created_at" timestamp NOT NULL, "updated_at" timestamp NOT NULL)[0m
  ↳ bin/rails:9
  [1m[35m (0.9ms)[0m  [1m[34mSELECT pg_try_advisory_lock(2413117985181871065)[0m
  ↳ bin/rails:9
  [1m[35m (0.5ms)[0m  [1m[34mSELECT "schema_migrations"."version" FROM "schema_migrations" ORDER BY "schema_migrations"."version" ASC[0m
  ↳ bin/rails:9
Migrating to CreateUsers (20191224200639)
  [1m[35m (0.1ms)[0m  [1m[35mBEGIN[0m
  ↳ bin/rails:9
  [1m[35m (7.0ms)[0m  [1m[35mCREATE TABLE "users" ("id" bigserial primary key, "username" character varying NOT NULL, "session_token" character varying NOT NULL, "password_digest" character varying NOT NULL, "created_at" timestamp NOT NULL, "updated_at" timestamp NOT NULL)[0m
  ↳ db/migrate/20191224200639_create_users.rb:3
  [1m[35m (1.9ms)[0m  [1m[35mCREATE UNIQUE INDEX  "index_users_on_username" ON "users"  ("username")[0m
  ↳ db/migrate/20191224200639_create_users.rb:11
  [1m[35m (1.1ms)[0m  [1m[35mCREATE UNIQUE INDEX  "index_users_on_session_token" ON "users"  ("session_token")[0m
  ↳ db/migrate/20191224200639_create_users.rb:12
  [1m[36mActiveRecord::SchemaMigration Create (0.7ms)[0m  [1m[32mINSERT INTO "schema_migrations" ("version") VALUES ($1) RETURNING "version"[0m  [["version", "20191224200639"]]
  ↳ bin/rails:9
  [1m[35m (0.5ms)[0m  [1m[35mCOMMIT[0m
  ↳ bin/rails:9
  [1m[36mActiveRecord::InternalMetadata Load (0.3ms)[0m  [1m[34mSELECT  "ar_internal_metadata".* FROM "ar_internal_metadata" WHERE "ar_internal_metadata"."key" = $1 LIMIT $2[0m  [["key", "environment"], ["LIMIT", 1]]
  ↳ bin/rails:9
  [1m[35m (0.1ms)[0m  [1m[35mBEGIN[0m
  ↳ bin/rails:9
  [1m[36mActiveRecord::InternalMetadata Create (1.5ms)[0m  [1m[32mINSERT INTO "ar_internal_metadata" ("key", "value", "created_at", "updated_at") VALUES ($1, $2, $3, $4) RETURNING "key"[0m  [["key", "environment"], ["value", "development"], ["created_at", "2019-12-24 20:10:11.377730"], ["updated_at", "2019-12-24 20:10:11.377730"]]
  ↳ bin/rails:9
  [1m[35m (0.5ms)[0m  [1m[35mCOMMIT[0m
  ↳ bin/rails:9
  [1m[35m (0.3ms)[0m  [1m[34mSELECT pg_advisory_unlock(2413117985181871065)[0m
  ↳ bin/rails:9
  [1m[35m (0.6ms)[0m  [1m[34mSELECT "schema_migrations"."version" FROM "schema_migrations" ORDER BY "schema_migrations"."version" ASC[0m
  ↳ bin/rails:9
  [1m[36mUser Load (1.0ms)[0m  [1m[34mSELECT "users".* FROM "users"[0m
  [1m[36mUser Load (0.6ms)[0m  [1m[34mSELECT "users".* FROM "users"[0m
  [1m[35m (0.2ms)[0m  [1m[35mBEGIN[0m
  [1m[36mUser Exists (0.8ms)[0m  [1m[34mSELECT  1 AS one FROM "users" WHERE "users"."username" = $1 LIMIT $2[0m  [["username", "fares"], ["LIMIT", 1]]
  [1m[36mUser Exists (0.3ms)[0m  [1m[34mSELECT  1 AS one FROM "users" WHERE "users"."session_token" IS NULL LIMIT $1[0m  [["LIMIT", 1]]
  [1m[35m (0.2ms)[0m  [1m[31mROLLBACK[0m
  [1m[35m (0.2ms)[0m  [1m[35mBEGIN[0m
  [1m[36mUser Exists (0.4ms)[0m  [1m[34mSELECT  1 AS one FROM "users" WHERE "users"."username" = $1 LIMIT $2[0m  [["username", "fares"], ["LIMIT", 1]]
  [1m[36mUser Exists (0.3ms)[0m  [1m[34mSELECT  1 AS one FROM "users" WHERE "users"."session_token" = $1 LIMIT $2[0m  [["session_token", "123456"], ["LIMIT", 1]]
  [1m[36mUser Create (0.9ms)[0m  [1m[32mINSERT INTO "users" ("username", "session_token", "password_digest", "created_at", "updated_at") VALUES ($1, $2, $3, $4, $5) RETURNING "id"[0m  [["username", "fares"], ["session_token", "123456"], ["password_digest", "$2a$12$5I6IIrB2bi/wUcL8rQfwnevcXjDBO7Dd5mWV8I5al4slnwng35zZ6"], ["created_at", "2019-12-24 21:33:03.840125"], ["updated_at", "2019-12-24 21:33:03.840125"]]
  [1m[35m (1.6ms)[0m  [1m[35mCOMMIT[0m
  [1m[36mUser Load (0.4ms)[0m  [1m[34mSELECT  "users".* FROM "users" WHERE "users"."username" = $1 LIMIT $2[0m  [["username", "fares"], ["LIMIT", 1]]
  [1m[36mUser Load (0.8ms)[0m  [1m[34mSELECT  "users".* FROM "users" WHERE "users"."username" = $1 LIMIT $2[0m  [["username", "fares"], ["LIMIT", 1]]
  [1m[36mUser Load (0.7ms)[0m  [1m[34mSELECT  "users".* FROM "users" WHERE "users"."username" = $1 LIMIT $2[0m  [["username", "Chris"], ["LIMIT", 1]]
  [1m[36mUser Load (0.7ms)[0m  [1m[34mSELECT "users".* FROM "users"[0m
  [1m[36mUser Load (0.5ms)[0m  [1m[34mSELECT  "users".* FROM "users" ORDER BY "users"."id" ASC LIMIT $1[0m  [["LIMIT", 1]]
  [1m[36mUser Exists (1.0ms)[0m  [1m[34mSELECT  1 AS one FROM "users" WHERE "users"."username" = $1 AND "users"."id" != $2 LIMIT $3[0m  [["username", "fares"], ["id", 1], ["LIMIT", 1]]
  [1m[36mUser Exists (0.6ms)[0m  [1m[34mSELECT  1 AS one FROM "users" WHERE "users"."session_token" = $1 AND "users"."id" != $2 LIMIT $3[0m  [["session_token", "123456"], ["id", 1], ["LIMIT", 1]]
  [1m[36mUser Exists (0.5ms)[0m  [1m[34mSELECT  1 AS one FROM "users" WHERE "users"."username" = $1 LIMIT $2[0m  [["username", "faress"], ["LIMIT", 1]]
  [1m[36mUser Exists (0.3ms)[0m  [1m[34mSELECT  1 AS one FROM "users" WHERE "users"."session_token" IS NULL LIMIT $1[0m  [["LIMIT", 1]]
  [1m[35m (0.3ms)[0m  [1m[35mBEGIN[0m
  [1m[36mUser Exists (0.4ms)[0m  [1m[34mSELECT  1 AS one FROM "users" WHERE "users"."username" = $1 LIMIT $2[0m  [["username", "faress"], ["LIMIT", 1]]
  [1m[36mUser Exists (0.4ms)[0m  [1m[34mSELECT  1 AS one FROM "users" WHERE "users"."session_token" IS NULL LIMIT $1[0m  [["LIMIT", 1]]
  [1m[35m (0.2ms)[0m  [1m[31mROLLBACK[0m
  [1m[36mUser Load (0.8ms)[0m  [1m[34mSELECT "users".* FROM "users"[0m
  [1m[35m (0.2ms)[0m  [1m[35mBEGIN[0m
  [1m[36mUser Exists (0.8ms)[0m  [1m[34mSELECT  1 AS one FROM "users" WHERE "users"."username" = $1 LIMIT $2[0m  [["username", "henrique"], ["LIMIT", 1]]
  [1m[36mUser Exists (0.4ms)[0m  [1m[34mSELECT  1 AS one FROM "users" WHERE "users"."session_token" = $1 LIMIT $2[0m  [["session_token", "zZAnQKY0RX12YnsU16jkCA"], ["LIMIT", 1]]
  [1m[36mUser Create (0.7ms)[0m  [1m[32mINSERT INTO "users" ("username", "session_token", "password_digest", "created_at", "updated_at") VALUES ($1, $2, $3, $4, $5) RETURNING "id"[0m  [["username", "henrique"], ["session_token", "zZAnQKY0RX12YnsU16jkCA"], ["password_digest", "$2a$12$Htzng8/DfLpuArcYs4DLUuYL3vPGec4dqv8373K95sfTTxOCvvPg6"], ["created_at", "2019-12-25 00:30:27.216702"], ["updated_at", "2019-12-25 00:30:27.216702"]]
  [1m[35m (1.9ms)[0m  [1m[35mCOMMIT[0m
  [1m[36mUser Load (0.4ms)[0m  [1m[34mSELECT  "users".* FROM "users" WHERE "users"."username" = $1 LIMIT $2[0m  [["username", "fares"], ["LIMIT", 1]]
  [1m[36mUser Load (0.9ms)[0m  [1m[34mSELECT "users".* FROM "users"[0m
  [1m[36mUser Load (0.5ms)[0m  [1m[34mSELECT  "users".* FROM "users" ORDER BY "users"."id" DESC LIMIT $1[0m  [["LIMIT", 1]]
  [1m[36mUser Load (1.7ms)[0m  [1m[34mSELECT  "users".* FROM "users" WHERE "users"."username" = $1 LIMIT $2[0m  [["username", "cunt"], ["LIMIT", 1]]
  [1m[36mUser Load (0.7ms)[0m  [1m[34mSELECT  "users".* FROM "users" WHERE "users"."username" = $1 LIMIT $2[0m  [["username", "cunt"], ["LIMIT", 1]]
  [1m[36mUser Load (0.7ms)[0m  [1m[34mSELECT "users".* FROM "users"[0m
  [1m[36mUser Load (0.8ms)[0m  [1m[34mSELECT  "users".* FROM "users" WHERE "users"."username" = $1 LIMIT $2[0m  [["username", "fares"], ["LIMIT", 1]]
  [1m[35m (0.2ms)[0m  [1m[35mBEGIN[0m
  [1m[36mUser Exists (0.4ms)[0m  [1m[34mSELECT  1 AS one FROM "users" WHERE "users"."username" = $1 LIMIT $2[0m  [["username", "brian"], ["LIMIT", 1]]
  [1m[36mUser Exists (0.4ms)[0m  [1m[34mSELECT  1 AS one FROM "users" WHERE "users"."session_token" = $1 LIMIT $2[0m  [["session_token", "RsnFK8GK4Uapr4z7v6CWNw"], ["LIMIT", 1]]
  [1m[36mUser Create (0.7ms)[0m  [1m[32mINSERT INTO "users" ("username", "session_token", "password_digest", "created_at", "updated_at") VALUES ($1, $2, $3, $4, $5) RETURNING "id"[0m  [["username", "brian"], ["session_token", "RsnFK8GK4Uapr4z7v6CWNw"], ["password_digest", "$2a$12$gKcytCtTejpfp7XGQprdN.QPKOWZLArsV.WY5aqfvOpMYn5MxGYQC"], ["created_at", "2019-12-25 01:26:34.651909"], ["updated_at", "2019-12-25 01:26:34.651909"]]
  [1m[35m (0.7ms)[0m  [1m[35mCOMMIT[0m
  [1m[36mUser Load (0.8ms)[0m  [1m[34mSELECT  "users".* FROM "users" WHERE "users"."username" = $1 LIMIT $2[0m  [["username", "brian"], ["LIMIT", 1]]
  [1m[36mUser Load (0.7ms)[0m  [1m[34mSELECT "users".* FROM "users"[0m
  [1m[36mUser Load (0.4ms)[0m  [1m[34mSELECT  "users".* FROM "users" WHERE "users"."username" = $1 LIMIT $2[0m  [["username", "marcus"], ["LIMIT", 1]]
DEPRECATION WARNING: Passing the environment's name as a regular argument is deprecated and will be removed in the next Rails version. Please, use the -e option instead. (called from <top (required)> at /Users/techreset/Desktop/App-Academy/rails_curriculum/09_goal_app/goalApp/bin/rails:9)
  [1m[36mUser Load (0.8ms)[0m  [1m[34mSELECT "users".* FROM "users"[0m
Started GET "/users/new" for ::1 at 2019-12-25 21:18:41 -0500
  [1m[35m (1.1ms)[0m  [1m[34mSELECT "schema_migrations"."version" FROM "schema_migrations" ORDER BY "schema_migrations"."version" ASC[0m
  ↳ /Users/techreset/.rbenv/versions/2.5.1/lib/ruby/gems/2.5.0/gems/activerecord-5.2.4.1/lib/active_record/log_subscriber.rb:98
Processing by UsersController#new as HTML
  Rendering users/new.html.erb within layouts/application
  Rendered users/new.html.erb within layouts/application (1.7ms)
Completed 200 OK in 381ms (Views: 349.2ms | ActiveRecord: 9.9ms)


Started POST "/users" for ::1 at 2019-12-25 21:18:49 -0500
Processing by UsersController#create as HTML
  Parameters: {"authenticity_token"=>"qMysce5Ope2c2Aj+tzU53bnaK7jp1jdV8auZfIrhI4pt2m1qF+BS43ZM9kTdLuPAMPhT6CIAKo52FGS4KLyKvA==", "user"=>{"username"=>"lmfao124", "password"=>"[FILTERED]"}}
  [1m[35m (0.2ms)[0m  [1m[35mBEGIN[0m
  ↳ app/controllers/users_controller.rb:6
  [1m[36mUser Exists (2.1ms)[0m  [1m[34mSELECT  1 AS one FROM "users" WHERE "users"."username" = $1 LIMIT $2[0m  [["username", "lmfao124"], ["LIMIT", 1]]
  ↳ app/controllers/users_controller.rb:6
  [1m[36mUser Exists (0.6ms)[0m  [1m[34mSELECT  1 AS one FROM "users" WHERE "users"."session_token" = $1 LIMIT $2[0m  [["session_token", "v3eFq91k8xKW0spSPyEflw"], ["LIMIT", 1]]
  ↳ app/controllers/users_controller.rb:6
  [1m[36mUser Create (6.4ms)[0m  [1m[32mINSERT INTO "users" ("username", "session_token", "password_digest", "created_at", "updated_at") VALUES ($1, $2, $3, $4, $5) RETURNING "id"[0m  [["username", "lmfao124"], ["session_token", "v3eFq91k8xKW0spSPyEflw"], ["password_digest", "$2a$12$GiiOMwbDG80Lr8rHemIA6eGKczew/UIAoVBN8sNweI8E1DbqXA3M."], ["created_at", "2019-12-26 02:18:49.505224"], ["updated_at", "2019-12-26 02:18:49.505224"]]
  ↳ app/controllers/users_controller.rb:6
  [1m[35m (2.1ms)[0m  [1m[35mCOMMIT[0m
  ↳ app/controllers/users_controller.rb:6
Redirected to http://localhost:3000/users/4
Completed 302 Found in 278ms (ActiveRecord: 11.3ms)


Started GET "/users/4" for ::1 at 2019-12-25 21:18:49 -0500
Processing by UsersController#show as HTML
  Parameters: {"id"=>"4"}
  [1m[36mUser Load (0.4ms)[0m  [1m[34mSELECT  "users".* FROM "users" WHERE "users"."id" = $1 LIMIT $2[0m  [["id", 4], ["LIMIT", 1]]
  ↳ app/controllers/users_controller.rb:20
  Rendering users/show.html.erb within layouts/application
  Rendered users/show.html.erb within layouts/application (0.5ms)
Completed 200 OK in 26ms (Views: 21.2ms | ActiveRecord: 0.6ms)


Started GET "/session/new" for ::1 at 2019-12-26 00:18:18 -0500
  [1m[35m (0.8ms)[0m  [1m[34mSELECT "schema_migrations"."version" FROM "schema_migrations" ORDER BY "schema_migrations"."version" ASC[0m
  ↳ /Users/techreset/.rbenv/versions/2.5.1/lib/ruby/gems/2.5.0/gems/activerecord-5.2.4.1/lib/active_record/log_subscriber.rb:98
Processing by SessionsController#new as HTML
  Rendering sessions/new.html.erb within layouts/application
  Rendered sessions/new.html.erb within layouts/application (1.5ms)
Completed 200 OK in 184ms (Views: 177.3ms | ActiveRecord: 0.0ms)


Started POST "/session" for ::1 at 2019-12-26 00:18:30 -0500
Processing by SessionsController#create as HTML
  Parameters: {"authenticity_token"=>"tNE9+EqJDOR4t1+4LVBTz9P/nswzLqxQvoYmezXh8ZVxx/zjsyf76pIjoQJHS4nSWt3mnPj4sYs5Odu/l7xYow==", "user"=>{"username"=>"lol123456", "password"=>"[FILTERED]"}}
  [1m[36mUser Load (1.0ms)[0m  [1m[34mSELECT  "users".* FROM "users" WHERE "users"."username" = $1 LIMIT $2[0m  [["username", "lol123456"], ["LIMIT", 1]]
  ↳ app/models/user.rb:11
  Rendering sessions/new.html.erb within layouts/application
  Rendered sessions/new.html.erb within layouts/application (0.7ms)
Completed 200 OK in 38ms (Views: 22.7ms | ActiveRecord: 7.5ms)


Started POST "/session" for ::1 at 2019-12-26 00:18:41 -0500
Processing by SessionsController#create as HTML
  Parameters: {"authenticity_token"=>"JFkk17D2fae1C/onaFttrSyVk6HWHGlVoBRVpuuetHrhT+XMSViKqV+fBJ0CQLewpbfr8R3KdI4nq6hiScMdTA==", "user"=>{"username"=>"lol123456", "password"=>"[FILTERED]"}}
  [1m[36mUser Load (0.5ms)[0m  [1m[34mSELECT  "users".* FROM "users" WHERE "users"."username" = $1 LIMIT $2[0m  [["username", "lol123456"], ["LIMIT", 1]]
  ↳ app/models/user.rb:11
  Rendering sessions/new.html.erb within layouts/application
  Rendered sessions/new.html.erb within layouts/application (0.9ms)
Completed 200 OK in 22ms (Views: 20.0ms | ActiveRecord: 0.5ms)


Started GET "/session" for ::1 at 2019-12-26 00:20:43 -0500
  
ActionController::RoutingError (No route matches [GET] "/session"):
  
actionpack (5.2.4.1) lib/action_dispatch/middleware/debug_exceptions.rb:65:in `call'
web-console (3.7.0) lib/web_console/middleware.rb:135:in `call_app'
web-console (3.7.0) lib/web_console/middleware.rb:30:in `block in call'
web-console (3.7.0) lib/web_console/middleware.rb:20:in `catch'
web-console (3.7.0) lib/web_console/middleware.rb:20:in `call'
actionpack (5.2.4.1) lib/action_dispatch/middleware/show_exceptions.rb:33:in `call'
railties (5.2.4.1) lib/rails/rack/logger.rb:38:in `call_app'
railties (5.2.4.1) lib/rails/rack/logger.rb:26:in `block in call'
activesupport (5.2.4.1) lib/active_support/tagged_logging.rb:71:in `block in tagged'
activesupport (5.2.4.1) lib/active_support/tagged_logging.rb:28:in `tagged'
activesupport (5.2.4.1) lib/active_support/tagged_logging.rb:71:in `tagged'
railties (5.2.4.1) lib/rails/rack/logger.rb:26:in `call'
sprockets-rails (3.2.1) lib/sprockets/rails/quiet_assets.rb:13:in `call'
actionpack (5.2.4.1) lib/action_dispatch/middleware/remote_ip.rb:81:in `call'
actionpack (5.2.4.1) lib/action_dispatch/middleware/request_id.rb:27:in `call'
rack (2.0.8) lib/rack/method_override.rb:22:in `call'
rack (2.0.8) lib/rack/runtime.rb:22:in `call'
activesupport (5.2.4.1) lib/active_support/cache/strategy/local_cache_middleware.rb:29:in `call'
actionpack (5.2.4.1) lib/action_dispatch/middleware/executor.rb:14:in `call'
actionpack (5.2.4.1) lib/action_dispatch/middleware/static.rb:127:in `call'
rack (2.0.8) lib/rack/sendfile.rb:111:in `call'
railties (5.2.4.1) lib/rails/engine.rb:524:in `call'
puma (3.12.2) lib/puma/configuration.rb:227:in `call'
puma (3.12.2) lib/puma/server.rb:674:in `handle_request'
puma (3.12.2) lib/puma/server.rb:476:in `process_client'
puma (3.12.2) lib/puma/server.rb:334:in `block in run'
puma (3.12.2) lib/puma/thread_pool.rb:135:in `block in spawn_thread'
Started GET "/users/new" for ::1 at 2019-12-26 00:22:22 -0500
Processing by UsersController#new as HTML
  Rendering users/new.html.erb within layouts/application
  Rendered users/new.html.erb within layouts/application (0.5ms)
Completed 200 OK in 29ms (Views: 17.7ms | ActiveRecord: 5.4ms)


Started POST "/users" for ::1 at 2019-12-26 00:22:31 -0500
Processing by UsersController#create as HTML
  Parameters: {"authenticity_token"=>"4SdPLwA7YrkziKgXGmSbOrOHprK+4L2lKZwuXSQ1jFkkMY40+ZWVt9kcVq1wf0EnOqXe4nU2oH6uI9OZhmglbw==", "user"=>{"username"=>"hello1234", "password"=>"[FILTERED]"}}
  [1m[35m (0.2ms)[0m  [1m[35mBEGIN[0m
  ↳ app/controllers/users_controller.rb:6
  [1m[36mUser Exists (0.4ms)[0m  [1m[34mSELECT  1 AS one FROM "users" WHERE "users"."username" = $1 LIMIT $2[0m  [["username", "hello1234"], ["LIMIT", 1]]
  ↳ app/controllers/users_controller.rb:6
  [1m[36mUser Exists (0.4ms)[0m  [1m[34mSELECT  1 AS one FROM "users" WHERE "users"."session_token" = $1 LIMIT $2[0m  [["session_token", "Eie2_0RmJOflbGxs2RSdHA"], ["LIMIT", 1]]
  ↳ app/controllers/users_controller.rb:6
  [1m[36mUser Create (0.6ms)[0m  [1m[32mINSERT INTO "users" ("username", "session_token", "password_digest", "created_at", "updated_at") VALUES ($1, $2, $3, $4, $5) RETURNING "id"[0m  [["username", "hello1234"], ["session_token", "Eie2_0RmJOflbGxs2RSdHA"], ["password_digest", "$2a$12$pI5lCDk79eMaQQPdbUk9heDMM9.m.C1Pn/mDWWoGhy7Ot8jeXo9Cm"], ["created_at", "2019-12-26 05:22:31.254636"], ["updated_at", "2019-12-26 05:22:31.254636"]]
  ↳ app/controllers/users_controller.rb:6
  [1m[35m (1.9ms)[0m  [1m[35mCOMMIT[0m
  ↳ app/controllers/users_controller.rb:6
Redirected to http://localhost:3000/users/5
Completed 302 Found in 256ms (ActiveRecord: 3.6ms)


Started GET "/users/5" for ::1 at 2019-12-26 00:22:31 -0500
Processing by UsersController#show as HTML
  Parameters: {"id"=>"5"}
  [1m[36mUser Load (0.3ms)[0m  [1m[34mSELECT  "users".* FROM "users" WHERE "users"."id" = $1 LIMIT $2[0m  [["id", 5], ["LIMIT", 1]]
  ↳ app/controllers/users_controller.rb:20
  Rendering users/show.html.erb within layouts/application
  Rendered users/show.html.erb within layouts/application (0.3ms)
Completed 200 OK in 18ms (Views: 15.1ms | ActiveRecord: 0.3ms)


Started GET "/session/new" for ::1 at 2019-12-26 00:22:39 -0500
Processing by SessionsController#new as HTML
  Rendering sessions/new.html.erb within layouts/application
  Rendered sessions/new.html.erb within layouts/application (0.8ms)
Completed 200 OK in 54ms (Views: 52.6ms | ActiveRecord: 0.0ms)


Started GET "/session/new" for ::1 at 2019-12-26 00:22:55 -0500
Processing by SessionsController#new as HTML
  Rendering sessions/new.html.erb within layouts/application
  Rendered sessions/new.html.erb within layouts/application (0.7ms)
Completed 200 OK in 28ms (Views: 27.1ms | ActiveRecord: 0.0ms)


Started POST "/session" for ::1 at 2019-12-26 00:23:04 -0500
Processing by SessionsController#create as HTML
  Parameters: {"authenticity_token"=>"gyoO9Tp4H9l0dtorJ6znM1FnyiSyOPQ3j7Sz1o+iLd5GPM/uw9bo157iJJFNtz0u2EWydHnu6ewIC04SLf+E6A==", "user"=>{"username"=>"hello1234", "password"=>"[FILTERED]"}}
  [1m[36mUser Load (0.5ms)[0m  [1m[34mSELECT  "users".* FROM "users" WHERE "users"."username" = $1 LIMIT $2[0m  [["username", "hello1234"], ["LIMIT", 1]]
  ↳ app/models/user.rb:11
Completed 500 Internal Server Error in 315ms (ActiveRecord: 0.5ms)


  
NoMethodError (undefined method `log_in!' for #<SessionsController:0x00007fa54f003588>
Did you mean?  log_in_user!):
  
app/controllers/sessions_controller.rb:10:in `create'
Started POST "/session" for ::1 at 2019-12-26 00:23:29 -0500
Processing by SessionsController#create as HTML
  Parameters: {"authenticity_token"=>"gyoO9Tp4H9l0dtorJ6znM1FnyiSyOPQ3j7Sz1o+iLd5GPM/uw9bo157iJJFNtz0u2EWydHnu6ewIC04SLf+E6A==", "user"=>{"username"=>"hello1234", "password"=>"[FILTERED]"}}
  [1m[36mUser Load (0.3ms)[0m  [1m[34mSELECT  "users".* FROM "users" WHERE "users"."username" = $1 LIMIT $2[0m  [["username", "hello1234"], ["LIMIT", 1]]
  ↳ app/models/user.rb:11
  [1m[35m (0.2ms)[0m  [1m[35mBEGIN[0m
  ↳ app/models/user.rb:22
  [1m[36mUser Exists (0.5ms)[0m  [1m[34mSELECT  1 AS one FROM "users" WHERE "users"."username" = $1 AND "users"."id" != $2 LIMIT $3[0m  [["username", "hello1234"], ["id", 5], ["LIMIT", 1]]
  ↳ app/models/user.rb:22
  [1m[36mUser Exists (0.4ms)[0m  [1m[34mSELECT  1 AS one FROM "users" WHERE "users"."session_token" = $1 AND "users"."id" != $2 LIMIT $3[0m  [["session_token", "83wVOmdFG_kzYmd2nrAttA"], ["id", 5], ["LIMIT", 1]]
  ↳ app/models/user.rb:22
  [1m[36mUser Update (2.3ms)[0m  [1m[33mUPDATE "users" SET "session_token" = $1, "updated_at" = $2 WHERE "users"."id" = $3[0m  [["session_token", "83wVOmdFG_kzYmd2nrAttA"], ["updated_at", "2019-12-26 05:23:29.758815"], ["id", 5]]
  ↳ app/models/user.rb:22
  [1m[35m (0.5ms)[0m  [1m[35mCOMMIT[0m
  ↳ app/models/user.rb:22
Redirected to http://localhost:3000/users/5
Completed 302 Found in 277ms (ActiveRecord: 9.9ms)


Started GET "/users/5" for ::1 at 2019-12-26 00:23:29 -0500
Processing by UsersController#show as HTML
  Parameters: {"id"=>"5"}
  [1m[36mUser Load (0.4ms)[0m  [1m[34mSELECT  "users".* FROM "users" WHERE "users"."id" = $1 LIMIT $2[0m  [["id", 5], ["LIMIT", 1]]
  ↳ app/controllers/users_controller.rb:20
  Rendering users/show.html.erb within layouts/application
  Rendered users/show.html.erb within layouts/application (0.4ms)
Completed 200 OK in 20ms (Views: 17.9ms | ActiveRecord: 0.4ms)


Started GET "/users/new" for ::1 at 2019-12-28 13:33:09 -0500
  [1m[35m (1.2ms)[0m  [1m[34mSELECT "schema_migrations"."version" FROM "schema_migrations" ORDER BY "schema_migrations"."version" ASC[0m
  ↳ /Users/techreset/.rbenv/versions/2.5.1/lib/ruby/gems/2.5.0/gems/activerecord-5.2.4.1/lib/active_record/log_subscriber.rb:98
Processing by UsersController#new as HTML
  Rendering users/new.html.erb within layouts/application
  Rendered users/new.html.erb within layouts/application (4.4ms)
Completed 200 OK in 244ms (Views: 215.2ms | ActiveRecord: 7.5ms)


Started POST "/users" for ::1 at 2019-12-28 13:36:04 -0500
Processing by UsersController#create as HTML
  Parameters: {"authenticity_token"=>"Z60jifJO4lXMRV5ErbaTWrTWh0vJuUx2sopsdpRxCRCiu+KSC+AVWybRoP7HrUlHPfT/GwJvUa01NZGyNiygJg==", "user"=>{"username"=>"test", "password"=>"[FILTERED]"}}
  [1m[35m (0.3ms)[0m  [1m[35mBEGIN[0m
  ↳ app/controllers/users_controller.rb:6
  [1m[36mUser Exists (1.7ms)[0m  [1m[34mSELECT  1 AS one FROM "users" WHERE "users"."username" = $1 LIMIT $2[0m  [["username", "test"], ["LIMIT", 1]]
  ↳ app/controllers/users_controller.rb:6
  [1m[36mUser Exists (0.3ms)[0m  [1m[34mSELECT  1 AS one FROM "users" WHERE "users"."session_token" = $1 LIMIT $2[0m  [["session_token", "_N37FOiiDl38YIHDGoINLQ"], ["LIMIT", 1]]
  ↳ app/controllers/users_controller.rb:6
  [1m[36mUser Create (0.9ms)[0m  [1m[32mINSERT INTO "users" ("username", "session_token", "password_digest", "created_at", "updated_at") VALUES ($1, $2, $3, $4, $5) RETURNING "id"[0m  [["username", "test"], ["session_token", "_N37FOiiDl38YIHDGoINLQ"], ["password_digest", "$2a$12$bqG6cSPINErBC/T3f11KKOamUQRRGlD5DDwh8phqkuEkKXMeBoIWq"], ["created_at", "2019-12-28 18:36:04.384066"], ["updated_at", "2019-12-28 18:36:04.384066"]]
  ↳ app/controllers/users_controller.rb:6
  [1m[35m (1.9ms)[0m  [1m[35mCOMMIT[0m
  ↳ app/controllers/users_controller.rb:6
Redirected to http://localhost:3000/users/6
Completed 302 Found in 264ms (ActiveRecord: 5.1ms)


Started GET "/users/6" for ::1 at 2019-12-28 13:36:04 -0500
Processing by UsersController#show as HTML
  Parameters: {"id"=>"6"}
  [1m[36mUser Load (0.4ms)[0m  [1m[34mSELECT  "users".* FROM "users" WHERE "users"."id" = $1 LIMIT $2[0m  [["id", 6], ["LIMIT", 1]]
  ↳ app/controllers/users_controller.rb:20
  Rendering users/show.html.erb within layouts/application
  Rendered users/show.html.erb within layouts/application (0.4ms)
Completed 200 OK in 18ms (Views: 14.5ms | ActiveRecord: 0.6ms)


Started GET "/users/new" for ::1 at 2019-12-28 13:37:39 -0500
Processing by UsersController#new as HTML
  Rendering users/new.html.erb within layouts/application
  Rendered users/new.html.erb within layouts/application (0.7ms)
Completed 200 OK in 20ms (Views: 19.0ms | ActiveRecord: 0.0ms)


Started GET "/users/new" for ::1 at 2019-12-28 13:37:39 -0500
Processing by UsersController#new as HTML
  Rendering users/new.html.erb within layouts/application
  Rendered users/new.html.erb within layouts/application (0.6ms)
Completed 200 OK in 21ms (Views: 20.6ms | ActiveRecord: 0.0ms)


Started POST "/users" for ::1 at 2019-12-28 13:37:54 -0500
Processing by UsersController#create as HTML
  Parameters: {"authenticity_token"=>"D/SOc5bEIIdbBWgNh5ctY/9OVGLjNhXSxEdoycu5CM7K4k9ob2rXibGRlrftjPd+dmwsMijgCAlD+JUNaeSh+A==", "user"=>{"username"=>"test", "password"=>"[FILTERED]"}}
  [1m[35m (0.2ms)[0m  [1m[35mBEGIN[0m
  ↳ app/controllers/users_controller.rb:6
  [1m[36mUser Exists (0.4ms)[0m  [1m[34mSELECT  1 AS one FROM "users" WHERE "users"."username" = $1 LIMIT $2[0m  [["username", "test"], ["LIMIT", 1]]
  ↳ app/controllers/users_controller.rb:6
  [1m[36mUser Exists (0.4ms)[0m  [1m[34mSELECT  1 AS one FROM "users" WHERE "users"."session_token" = $1 LIMIT $2[0m  [["session_token", "ViQet4cgDE95m0phR5Frmg"], ["LIMIT", 1]]
  ↳ app/controllers/users_controller.rb:6
  [1m[35m (0.2ms)[0m  [1m[31mROLLBACK[0m
  ↳ app/controllers/users_controller.rb:6
  Rendering users/new.html.erb within layouts/application
  Rendered users/new.html.erb within layouts/application (0.4ms)
Completed 200 OK in 267ms (Views: 15.1ms | ActiveRecord: 1.2ms)


Started GET "/users" for ::1 at 2019-12-28 13:37:57 -0500
  
ActionController::RoutingError (No route matches [GET] "/users"):
  
actionpack (5.2.4.1) lib/action_dispatch/middleware/debug_exceptions.rb:65:in `call'
web-console (3.7.0) lib/web_console/middleware.rb:135:in `call_app'
web-console (3.7.0) lib/web_console/middleware.rb:30:in `block in call'
web-console (3.7.0) lib/web_console/middleware.rb:20:in `catch'
web-console (3.7.0) lib/web_console/middleware.rb:20:in `call'
actionpack (5.2.4.1) lib/action_dispatch/middleware/show_exceptions.rb:33:in `call'
railties (5.2.4.1) lib/rails/rack/logger.rb:38:in `call_app'
railties (5.2.4.1) lib/rails/rack/logger.rb:26:in `block in call'
activesupport (5.2.4.1) lib/active_support/tagged_logging.rb:71:in `block in tagged'
activesupport (5.2.4.1) lib/active_support/tagged_logging.rb:28:in `tagged'
activesupport (5.2.4.1) lib/active_support/tagged_logging.rb:71:in `tagged'
railties (5.2.4.1) lib/rails/rack/logger.rb:26:in `call'
sprockets-rails (3.2.1) lib/sprockets/rails/quiet_assets.rb:13:in `call'
actionpack (5.2.4.1) lib/action_dispatch/middleware/remote_ip.rb:81:in `call'
actionpack (5.2.4.1) lib/action_dispatch/middleware/request_id.rb:27:in `call'
rack (2.0.8) lib/rack/method_override.rb:22:in `call'
rack (2.0.8) lib/rack/runtime.rb:22:in `call'
activesupport (5.2.4.1) lib/active_support/cache/strategy/local_cache_middleware.rb:29:in `call'
actionpack (5.2.4.1) lib/action_dispatch/middleware/executor.rb:14:in `call'
actionpack (5.2.4.1) lib/action_dispatch/middleware/static.rb:127:in `call'
rack (2.0.8) lib/rack/sendfile.rb:111:in `call'
railties (5.2.4.1) lib/rails/engine.rb:524:in `call'
puma (3.12.2) lib/puma/configuration.rb:227:in `call'
puma (3.12.2) lib/puma/server.rb:674:in `handle_request'
puma (3.12.2) lib/puma/server.rb:476:in `process_client'
puma (3.12.2) lib/puma/server.rb:334:in `block in run'
puma (3.12.2) lib/puma/thread_pool.rb:135:in `block in spawn_thread'
Started GET "/users/new" for ::1 at 2019-12-28 13:38:10 -0500
  [1m[35m (3.5ms)[0m  [1m[34mSELECT "schema_migrations"."version" FROM "schema_migrations" ORDER BY "schema_migrations"."version" ASC[0m
  ↳ /Users/techreset/.rbenv/versions/2.5.1/lib/ruby/gems/2.5.0/gems/activerecord-5.2.4.1/lib/active_record/log_subscriber.rb:98
Processing by UsersController#new as HTML
  Rendering users/new.html.erb within layouts/application
  Rendered users/new.html.erb within layouts/application (1.5ms)
Completed 200 OK in 206ms (Views: 185.7ms | ActiveRecord: 5.5ms)


Started GET "/users/" for ::1 at 2019-12-28 13:38:12 -0500
  
ActionController::RoutingError (No route matches [GET] "/users"):
  
actionpack (5.2.4.1) lib/action_dispatch/middleware/debug_exceptions.rb:65:in `call'
web-console (3.7.0) lib/web_console/middleware.rb:135:in `call_app'
web-console (3.7.0) lib/web_console/middleware.rb:30:in `block in call'
web-console (3.7.0) lib/web_console/middleware.rb:20:in `catch'
web-console (3.7.0) lib/web_console/middleware.rb:20:in `call'
actionpack (5.2.4.1) lib/action_dispatch/middleware/show_exceptions.rb:33:in `call'
railties (5.2.4.1) lib/rails/rack/logger.rb:38:in `call_app'
railties (5.2.4.1) lib/rails/rack/logger.rb:26:in `block in call'
activesupport (5.2.4.1) lib/active_support/tagged_logging.rb:71:in `block in tagged'
activesupport (5.2.4.1) lib/active_support/tagged_logging.rb:28:in `tagged'
activesupport (5.2.4.1) lib/active_support/tagged_logging.rb:71:in `tagged'
railties (5.2.4.1) lib/rails/rack/logger.rb:26:in `call'
sprockets-rails (3.2.1) lib/sprockets/rails/quiet_assets.rb:13:in `call'
actionpack (5.2.4.1) lib/action_dispatch/middleware/remote_ip.rb:81:in `call'
actionpack (5.2.4.1) lib/action_dispatch/middleware/request_id.rb:27:in `call'
rack (2.0.8) lib/rack/method_override.rb:22:in `call'
rack (2.0.8) lib/rack/runtime.rb:22:in `call'
activesupport (5.2.4.1) lib/active_support/cache/strategy/local_cache_middleware.rb:29:in `call'
actionpack (5.2.4.1) lib/action_dispatch/middleware/executor.rb:14:in `call'
actionpack (5.2.4.1) lib/action_dispatch/middleware/static.rb:127:in `call'
rack (2.0.8) lib/rack/sendfile.rb:111:in `call'
railties (5.2.4.1) lib/rails/engine.rb:524:in `call'
puma (3.12.2) lib/puma/configuration.rb:227:in `call'
puma (3.12.2) lib/puma/server.rb:674:in `handle_request'
puma (3.12.2) lib/puma/server.rb:476:in `process_client'
puma (3.12.2) lib/puma/server.rb:334:in `block in run'
puma (3.12.2) lib/puma/thread_pool.rb:135:in `block in spawn_thread'
Started GET "/users/" for ::1 at 2019-12-28 13:38:17 -0500
  
ActionController::RoutingError (No route matches [GET] "/users"):
  
actionpack (5.2.4.1) lib/action_dispatch/middleware/debug_exceptions.rb:65:in `call'
web-console (3.7.0) lib/web_console/middleware.rb:135:in `call_app'
web-console (3.7.0) lib/web_console/middleware.rb:30:in `block in call'
web-console (3.7.0) lib/web_console/middleware.rb:20:in `catch'
web-console (3.7.0) lib/web_console/middleware.rb:20:in `call'
actionpack (5.2.4.1) lib/action_dispatch/middleware/show_exceptions.rb:33:in `call'
railties (5.2.4.1) lib/rails/rack/logger.rb:38:in `call_app'
railties (5.2.4.1) lib/rails/rack/logger.rb:26:in `block in call'
activesupport (5.2.4.1) lib/active_support/tagged_logging.rb:71:in `block in tagged'
activesupport (5.2.4.1) lib/active_support/tagged_logging.rb:28:in `tagged'
activesupport (5.2.4.1) lib/active_support/tagged_logging.rb:71:in `tagged'
railties (5.2.4.1) lib/rails/rack/logger.rb:26:in `call'
sprockets-rails (3.2.1) lib/sprockets/rails/quiet_assets.rb:13:in `call'
actionpack (5.2.4.1) lib/action_dispatch/middleware/remote_ip.rb:81:in `call'
actionpack (5.2.4.1) lib/action_dispatch/middleware/request_id.rb:27:in `call'
rack (2.0.8) lib/rack/method_override.rb:22:in `call'
rack (2.0.8) lib/rack/runtime.rb:22:in `call'
activesupport (5.2.4.1) lib/active_support/cache/strategy/local_cache_middleware.rb:29:in `call'
actionpack (5.2.4.1) lib/action_dispatch/middleware/executor.rb:14:in `call'
actionpack (5.2.4.1) lib/action_dispatch/middleware/static.rb:127:in `call'
rack (2.0.8) lib/rack/sendfile.rb:111:in `call'
railties (5.2.4.1) lib/rails/engine.rb:524:in `call'
puma (3.12.2) lib/puma/configuration.rb:227:in `call'
puma (3.12.2) lib/puma/server.rb:674:in `handle_request'
puma (3.12.2) lib/puma/server.rb:476:in `process_client'
puma (3.12.2) lib/puma/server.rb:334:in `block in run'
puma (3.12.2) lib/puma/thread_pool.rb:135:in `block in spawn_thread'
Started GET "/session/new" for ::1 at 2019-12-28 13:38:26 -0500
Processing by SessionsController#new as HTML
  Rendering sessions/new.html.erb within layouts/application
  Rendered sessions/new.html.erb within layouts/application (0.6ms)
  [1m[36mUser Load (1.1ms)[0m  [1m[34mSELECT  "users".* FROM "users" WHERE "users"."session_token" = $1 LIMIT $2[0m  [["session_token", "83wVOmdFG_kzYmd2nrAttA"], ["LIMIT", 1]]
  ↳ app/controllers/application_controller.rb:13
Completed 200 OK in 26ms (Views: 23.2ms | ActiveRecord: 1.4ms)


Started POST "/session" for ::1 at 2019-12-28 13:38:32 -0500
Processing by SessionsController#create as HTML
  Parameters: {"authenticity_token"=>"j+MDu+L3vyLym/khbfkvdK8Sy2xPo1guCfD+5CMXVfdK9cKgG1lILBgPB5sH4vVpJjCzPIR1RfWOTwMggUr8wQ==", "user"=>{"username"=>"test", "password"=>"[FILTERED]"}}
  [1m[36mUser Load (0.4ms)[0m  [1m[34mSELECT  "users".* FROM "users" WHERE "users"."username" = $1 LIMIT $2[0m  [["username", "test"], ["LIMIT", 1]]
  ↳ app/models/user.rb:11
  [1m[35m (0.2ms)[0m  [1m[35mBEGIN[0m
  ↳ app/models/user.rb:22
  [1m[36mUser Exists (0.5ms)[0m  [1m[34mSELECT  1 AS one FROM "users" WHERE "users"."username" = $1 AND "users"."id" != $2 LIMIT $3[0m  [["username", "test"], ["id", 6], ["LIMIT", 1]]
  ↳ app/models/user.rb:22
  [1m[36mUser Exists (0.4ms)[0m  [1m[34mSELECT  1 AS one FROM "users" WHERE "users"."session_token" = $1 AND "users"."id" != $2 LIMIT $3[0m  [["session_token", "zirA1D0SIk5CJQSk_eOL1g"], ["id", 6], ["LIMIT", 1]]
  ↳ app/models/user.rb:22
  [1m[36mUser Update (2.8ms)[0m  [1m[33mUPDATE "users" SET "session_token" = $1, "updated_at" = $2 WHERE "users"."id" = $3[0m  [["session_token", "zirA1D0SIk5CJQSk_eOL1g"], ["updated_at", "2019-12-28 18:38:32.370763"], ["id", 6]]
  ↳ app/models/user.rb:22
  [1m[35m (0.6ms)[0m  [1m[35mCOMMIT[0m
  ↳ app/models/user.rb:22
Redirected to http://localhost:3000/users/6
Completed 302 Found in 264ms (ActiveRecord: 4.9ms)


Started GET "/users/6" for ::1 at 2019-12-28 13:38:32 -0500
Processing by UsersController#show as HTML
  Parameters: {"id"=>"6"}
  [1m[36mUser Load (0.3ms)[0m  [1m[34mSELECT  "users".* FROM "users" WHERE "users"."id" = $1 LIMIT $2[0m  [["id", 6], ["LIMIT", 1]]
  ↳ app/controllers/users_controller.rb:20
  Rendering users/show.html.erb within layouts/application
  Rendered users/show.html.erb within layouts/application (0.4ms)
Completed 200 OK in 16ms (Views: 14.0ms | ActiveRecord: 0.3ms)


Started GET "/users/6" for ::1 at 2019-12-28 13:41:51 -0500
  [1m[35m (1.1ms)[0m  [1m[34mSELECT "schema_migrations"."version" FROM "schema_migrations" ORDER BY "schema_migrations"."version" ASC[0m
  ↳ /Users/techreset/.rbenv/versions/2.5.1/lib/ruby/gems/2.5.0/gems/activerecord-5.2.4.1/lib/active_record/log_subscriber.rb:98
Processing by UsersController#show as HTML
  Parameters: {"id"=>"6"}
  [1m[36mUser Load (1.1ms)[0m  [1m[34mSELECT  "users".* FROM "users" WHERE "users"."id" = $1 LIMIT $2[0m  [["id", 6], ["LIMIT", 1]]
  ↳ app/controllers/users_controller.rb:20
  Rendering users/show.html.erb within layouts/application
  Rendered users/show.html.erb within layouts/application (1.5ms)
Completed 200 OK in 250ms (Views: 221.2ms | ActiveRecord: 7.2ms)


Started GET "/users/new" for ::1 at 2019-12-28 13:41:54 -0500
Processing by UsersController#new as HTML
  Rendering users/new.html.erb within layouts/application
  Rendered users/new.html.erb within layouts/application (0.8ms)
Completed 200 OK in 18ms (Views: 17.5ms | ActiveRecord: 0.0ms)


Started DELETE "/session" for ::1 at 2019-12-28 13:41:59 -0500
Processing by SessionsController#destroy as HTML
  Parameters: {"authenticity_token"=>"qYHH68Ai08Yb5xdkSYyHYm3vkFfN4fi0o1rEIJ+WrfVslwbwOYwkyPFz6d4jl11/5M3oBwY35W8k5TnkPcsEww=="}
No template found for SessionsController#destroy, rendering head :no_content
Completed 204 No Content in 117ms (ActiveRecord: 0.0ms)


Started GET "/session/new" for ::1 at 2019-12-28 13:42:10 -0500
Processing by SessionsController#new as HTML
  Rendering sessions/new.html.erb within layouts/application
  Rendered sessions/new.html.erb within layouts/application (1.7ms)
  [1m[36mUser Load (1.5ms)[0m  [1m[34mSELECT  "users".* FROM "users" WHERE "users"."session_token" = $1 LIMIT $2[0m  [["session_token", "zirA1D0SIk5CJQSk_eOL1g"], ["LIMIT", 1]]
  ↳ app/controllers/application_controller.rb:13
Completed 200 OK in 42ms (Views: 39.2ms | ActiveRecord: 1.5ms)


Started DELETE "/session" for ::1 at 2019-12-28 13:43:44 -0500
Processing by SessionsController#destroy as HTML
  Parameters: {"authenticity_token"=>"WGMcjLI6nqjAYCEugnwoEmiPvIjhl7N7SuJO2ASHzXSddd2XS5Rppir035ToZ/IP4a3E2CpBrqDNXbMcptpkQg=="}
Started DELETE "/session" for ::1 at 2019-12-28 13:43:44 -0500
Processing by SessionsController#destroy as HTML
  Parameters: {"authenticity_token"=>"WGMcjLI6nqjAYCEugnwoEmiPvIjhl7N7SuJO2ASHzXSddd2XS5Rppir035ToZ/IP4a3E2CpBrqDNXbMcptpkQg=="}
No template found for SessionsController#destroy, rendering head :no_content
Completed 204 No Content in 147ms (ActiveRecord: 0.0ms)


No template found for SessionsController#destroy, rendering head :no_content
Completed 204 No Content in 161ms (ActiveRecord: 0.0ms)


Started DELETE "/session" for ::1 at 2019-12-28 13:43:45 -0500
Processing by SessionsController#destroy as HTML
  Parameters: {"authenticity_token"=>"WGMcjLI6nqjAYCEugnwoEmiPvIjhl7N7SuJO2ASHzXSddd2XS5Rppir035ToZ/IP4a3E2CpBrqDNXbMcptpkQg=="}
No template found for SessionsController#destroy, rendering head :no_content
Completed 204 No Content in 116ms (ActiveRecord: 0.0ms)


