  [1m[35m (6.1ms)[0m  [1m[35mCREATE TABLE "schema_migrations" ("version" character varying NOT NULL PRIMARY KEY)[0m
  [1m[35m (2.4ms)[0m  [1m[35mCREATE TABLE "ar_internal_metadata" ("key" character varying NOT NULL PRIMARY KEY, "value" character varying, "created_at" timestamp NOT NULL, "updated_at" timestamp NOT NULL)[0m
  [1m[35m (0.2ms)[0m  [1m[34mSELECT pg_try_advisory_lock(4795219387431405660);[0m
  [1m[35m (0.4ms)[0m  [1m[34mSELECT "schema_migrations"."version" FROM "schema_migrations" ORDER BY "schema_migrations"."version" ASC[0m
Migrating to CreateCats (20170714053359)
  [1m[35m (0.1ms)[0m  [1m[35mBEGIN[0m
  [1m[35m (3.1ms)[0m  [1m[35mCREATE TABLE "cats" ("id" bigserial primary key, "name" character varying NOT NULL, "created_at" timestamp NOT NULL, "updated_at" timestamp NOT NULL)[0m
  [1m[35mSQL (0.6ms)[0m  [1m[32mINSERT INTO "schema_migrations" ("version") VALUES ($1) RETURNING "version"[0m  [["version", "20170714053359"]]
  [1m[35m (0.3ms)[0m  [1m[35mCOMMIT[0m
Migrating to CreateCorgis (20170714053409)
  [1m[35m (0.2ms)[0m  [1m[35mBEGIN[0m
  [1m[35m (2.6ms)[0m  [1m[35mCREATE TABLE "corgis" ("id" bigserial primary key, "name" character varying NOT NULL, "created_at" timestamp NOT NULL, "updated_at" timestamp NOT NULL)[0m
  [1m[35mSQL (0.2ms)[0m  [1m[32mINSERT INTO "schema_migrations" ("version") VALUES ($1) RETURNING "version"[0m  [["version", "20170714053409"]]
  [1m[35m (0.3ms)[0m  [1m[35mCOMMIT[0m
Migrating to CreateToys (20170714053516)
  [1m[35m (0.2ms)[0m  [1m[35mBEGIN[0m
  [1m[35m (3.3ms)[0m  [1m[35mCREATE TABLE "toys" ("id" bigserial primary key, "name" character varying NOT NULL, "toyable_type" character varying, "toyable_id" bigint, "created_at" timestamp NOT NULL, "updated_at" timestamp NOT NULL)[0m
  [1m[35m (0.8ms)[0m  [1m[35mCREATE  INDEX  "index_toys_on_toyable_type_and_toyable_id" ON "toys"  ("toyable_type", "toyable_id")[0m
  [1m[35m (1.1ms)[0m  [1m[35mCREATE UNIQUE INDEX  "index_toys_on_name_and_toyable_id_and_toyable_type" ON "toys"  ("name", "toyable_id", "toyable_type")[0m
  [1m[35mSQL (0.4ms)[0m  [1m[32mINSERT INTO "schema_migrations" ("version") VALUES ($1) RETURNING "version"[0m  [["version", "20170714053516"]]
  [1m[35m (0.4ms)[0m  [1m[35mCOMMIT[0m
  [1m[36mActiveRecord::InternalMetadata Load (0.3ms)[0m  [1m[34mSELECT  "ar_internal_metadata".* FROM "ar_internal_metadata" WHERE "ar_internal_metadata"."key" = $1 LIMIT $2[0m  [["key", "environment"], ["LIMIT", 1]]
  [1m[35m (0.1ms)[0m  [1m[35mBEGIN[0m
  [1m[35mSQL (0.4ms)[0m  [1m[32mINSERT INTO "ar_internal_metadata" ("key", "value", "created_at", "updated_at") VALUES ($1, $2, $3, $4) RETURNING "key"[0m  [["key", "environment"], ["value", "development"], ["created_at", "2017-07-14 05:37:55.155751"], ["updated_at", "2017-07-14 05:37:55.155751"]]
  [1m[35m (0.2ms)[0m  [1m[35mCOMMIT[0m
  [1m[35m (0.2ms)[0m  [1m[34mSELECT pg_advisory_unlock(4795219387431405660)[0m
  [1m[35m (0.2ms)[0m  [1m[34mSELECT "schema_migrations"."version" FROM "schema_migrations" ORDER BY "schema_migrations"."version" ASC[0m
  [1m[35m (0.5ms)[0m  [1m[34mSELECT "schema_migrations"."version" FROM "schema_migrations" ORDER BY "schema_migrations"."version" ASC[0m
  [1m[35m (0.3ms)[0m  [1m[34mSELECT "ar_internal_metadata"."value" FROM "ar_internal_metadata" WHERE "ar_internal_metadata"."key" = $1[0m  [["key", "environment"]]
  [1m[35m (0.2ms)[0m  [1m[34mSELECT "schema_migrations"."version" FROM "schema_migrations" ORDER BY "schema_migrations"."version" ASC[0m
  [1m[35m (0.1ms)[0m  [1m[34mSELECT "ar_internal_metadata"."value" FROM "ar_internal_metadata" WHERE "ar_internal_metadata"."key" = $1[0m  [["key", "environment"]]
  [1m[35m (0.2ms)[0m  [1m[34mSELECT "schema_migrations"."version" FROM "schema_migrations" ORDER BY "schema_migrations"."version" ASC[0m
  [1m[35m (0.1ms)[0m  [1m[34mSELECT "ar_internal_metadata"."value" FROM "ar_internal_metadata" WHERE "ar_internal_metadata"."key" = $1[0m  [["key", "environment"]]
  [1m[35m (119.1ms)[0m  [1m[35mDROP DATABASE IF EXISTS "polymorphism_and_concerns_development"[0m
  [1m[35m (116.4ms)[0m  [1m[35mDROP DATABASE IF EXISTS "polymorphism_and_concerns_test"[0m
  [1m[35m (4.8ms)[0m  [1m[35mCREATE TABLE "schema_migrations" ("version" character varying NOT NULL PRIMARY KEY)[0m
  [1m[35m (2.8ms)[0m  [1m[35mCREATE TABLE "ar_internal_metadata" ("key" character varying NOT NULL PRIMARY KEY, "value" character varying, "created_at" timestamp NOT NULL, "updated_at" timestamp NOT NULL)[0m
  [1m[35m (0.2ms)[0m  [1m[34mSELECT pg_try_advisory_lock(4795219387431405660);[0m
  [1m[35m (0.4ms)[0m  [1m[34mSELECT "schema_migrations"."version" FROM "schema_migrations" ORDER BY "schema_migrations"."version" ASC[0m
Migrating to CreateCats (20170714053359)
  [1m[35m (0.2ms)[0m  [1m[35mBEGIN[0m
  [1m[35m (3.0ms)[0m  [1m[35mCREATE TABLE "cats" ("id" bigserial primary key, "name" character varying NOT NULL, "created_at" timestamp NOT NULL, "updated_at" timestamp NOT NULL)[0m
  [1m[35mSQL (0.4ms)[0m  [1m[32mINSERT INTO "schema_migrations" ("version") VALUES ($1) RETURNING "version"[0m  [["version", "20170714053359"]]
  [1m[35m (0.3ms)[0m  [1m[35mCOMMIT[0m
Migrating to CreateCorgis (20170714053409)
  [1m[35m (0.2ms)[0m  [1m[35mBEGIN[0m
  [1m[35m (2.5ms)[0m  [1m[35mCREATE TABLE "corgis" ("id" bigserial primary key, "name" character varying NOT NULL, "created_at" timestamp NOT NULL, "updated_at" timestamp NOT NULL)[0m
  [1m[35mSQL (0.3ms)[0m  [1m[32mINSERT INTO "schema_migrations" ("version") VALUES ($1) RETURNING "version"[0m  [["version", "20170714053409"]]
  [1m[35m (0.3ms)[0m  [1m[35mCOMMIT[0m
  [1m[36mActiveRecord::InternalMetadata Load (0.2ms)[0m  [1m[34mSELECT  "ar_internal_metadata".* FROM "ar_internal_metadata" WHERE "ar_internal_metadata"."key" = $1 LIMIT $2[0m  [["key", "environment"], ["LIMIT", 1]]
  [1m[35m (0.1ms)[0m  [1m[35mBEGIN[0m
  [1m[35mSQL (0.4ms)[0m  [1m[32mINSERT INTO "ar_internal_metadata" ("key", "value", "created_at", "updated_at") VALUES ($1, $2, $3, $4) RETURNING "key"[0m  [["key", "environment"], ["value", "development"], ["created_at", "2017-07-14 05:44:38.587678"], ["updated_at", "2017-07-14 05:44:38.587678"]]
  [1m[35m (0.3ms)[0m  [1m[35mCOMMIT[0m
  [1m[35m (0.2ms)[0m  [1m[34mSELECT pg_advisory_unlock(4795219387431405660)[0m
  [1m[35m (0.3ms)[0m  [1m[34mSELECT "schema_migrations"."version" FROM "schema_migrations" ORDER BY "schema_migrations"."version" ASC[0m
  [1m[35m (0.6ms)[0m  [1m[34mSELECT "schema_migrations"."version" FROM "schema_migrations" ORDER BY "schema_migrations"."version" ASC[0m
  [1m[35m (0.6ms)[0m  [1m[34mSELECT "schema_migrations"."version" FROM "schema_migrations" ORDER BY "schema_migrations"."version" ASC[0m
  [1m[35m (0.3ms)[0m  [1m[34mSELECT "ar_internal_metadata"."value" FROM "ar_internal_metadata" WHERE "ar_internal_metadata"."key" = $1[0m  [["key", "environment"]]
  [1m[35m (0.2ms)[0m  [1m[34mSELECT "schema_migrations"."version" FROM "schema_migrations" ORDER BY "schema_migrations"."version" ASC[0m
  [1m[35m (0.1ms)[0m  [1m[34mSELECT "ar_internal_metadata"."value" FROM "ar_internal_metadata" WHERE "ar_internal_metadata"."key" = $1[0m  [["key", "environment"]]
  [1m[35m (0.2ms)[0m  [1m[34mSELECT "schema_migrations"."version" FROM "schema_migrations" ORDER BY "schema_migrations"."version" ASC[0m
  [1m[35m (0.1ms)[0m  [1m[34mSELECT "ar_internal_metadata"."value" FROM "ar_internal_metadata" WHERE "ar_internal_metadata"."key" = $1[0m  [["key", "environment"]]
  [1m[35m (115.5ms)[0m  [1m[35mDROP DATABASE IF EXISTS "polymorphism_and_concerns_test"[0m
  [1m[35m (229.0ms)[0m  [1m[35mCREATE DATABASE "polymorphism_and_concerns_test" ENCODING = 'unicode'[0m
  [1m[35mSQL (0.3ms)[0m  [1m[35mCREATE EXTENSION IF NOT EXISTS "plpgsql"[0m
  [1m[35m (0.2ms)[0m  [1m[35mDROP TABLE IF EXISTS "cats" CASCADE[0m
  [1m[35m (5.7ms)[0m  [1m[35mCREATE TABLE "cats" ("id" bigserial primary key, "name" character varying NOT NULL, "created_at" timestamp NOT NULL, "updated_at" timestamp NOT NULL)[0m
  [1m[35m (0.2ms)[0m  [1m[35mDROP TABLE IF EXISTS "corgis" CASCADE[0m
  [1m[35m (2.7ms)[0m  [1m[35mCREATE TABLE "corgis" ("id" bigserial primary key, "name" character varying NOT NULL, "created_at" timestamp NOT NULL, "updated_at" timestamp NOT NULL)[0m
  [1m[35m (2.1ms)[0m  [1m[35mCREATE TABLE "schema_migrations" ("version" character varying NOT NULL PRIMARY KEY)[0m
  [1m[35m (0.5ms)[0m  [1m[34mSELECT "schema_migrations"."version" FROM "schema_migrations" ORDER BY "schema_migrations"."version" ASC[0m
  [1m[35m (0.4ms)[0m  [1m[32mINSERT INTO "schema_migrations" (version) VALUES (20170714053409)[0m
  [1m[35m (0.3ms)[0m  [1m[32mINSERT INTO "schema_migrations" (version) VALUES
(20170714053359);

[0m
  [1m[35m (2.0ms)[0m  [1m[35mCREATE TABLE "ar_internal_metadata" ("key" character varying NOT NULL PRIMARY KEY, "value" character varying, "created_at" timestamp NOT NULL, "updated_at" timestamp NOT NULL)[0m
  [1m[36mActiveRecord::InternalMetadata Load (0.3ms)[0m  [1m[34mSELECT  "ar_internal_metadata".* FROM "ar_internal_metadata" WHERE "ar_internal_metadata"."key" = $1 LIMIT $2[0m  [["key", "environment"], ["LIMIT", 1]]
  [1m[35m (0.1ms)[0m  [1m[35mBEGIN[0m
  [1m[35mSQL (0.4ms)[0m  [1m[32mINSERT INTO "ar_internal_metadata" ("key", "value", "created_at", "updated_at") VALUES ($1, $2, $3, $4) RETURNING "key"[0m  [["key", "environment"], ["value", "development"], ["created_at", "2017-07-14 05:44:42.231409"], ["updated_at", "2017-07-14 05:44:42.231409"]]
  [1m[35m (0.2ms)[0m  [1m[35mCOMMIT[0m
  [1m[36mActiveRecord::InternalMetadata Load (0.3ms)[0m  [1m[34mSELECT  "ar_internal_metadata".* FROM "ar_internal_metadata" WHERE "ar_internal_metadata"."key" = $1 LIMIT $2[0m  [["key", "environment"], ["LIMIT", 1]]
  [1m[35m (0.1ms)[0m  [1m[35mBEGIN[0m
  [1m[35m (0.1ms)[0m  [1m[35mCOMMIT[0m
  [1m[35m (0.6ms)[0m  [1m[34mSELECT "schema_migrations"."version" FROM "schema_migrations" ORDER BY "schema_migrations"."version" ASC[0m
  [1m[35m (0.1ms)[0m  [1m[35mBEGIN[0m
  [1m[35mSQL (0.7ms)[0m  [1m[32mINSERT INTO "corgis" ("name", "created_at", "updated_at") VALUES ($1, $2, $3) RETURNING "id"[0m  [["name", "Annamae"], ["created_at", "2017-07-14 05:47:29.189179"], ["updated_at", "2017-07-14 05:47:29.189179"]]
  [1m[35m (1.7ms)[0m  [1m[35mCOMMIT[0m
  [1m[35m (0.1ms)[0m  [1m[35mBEGIN[0m
  [1m[35mSQL (0.5ms)[0m  [1m[32mINSERT INTO "cats" ("name", "created_at", "updated_at") VALUES ($1, $2, $3) RETURNING "id"[0m  [["name", "Athena"], ["created_at", "2017-07-14 05:47:29.200002"], ["updated_at", "2017-07-14 05:47:29.200002"]]
  [1m[35m (0.2ms)[0m  [1m[35mCOMMIT[0m
  [1m[35m (0.1ms)[0m  [1m[35mBEGIN[0m
  [1m[35mSQL (0.2ms)[0m  [1m[32mINSERT INTO "corgis" ("name", "created_at", "updated_at") VALUES ($1, $2, $3) RETURNING "id"[0m  [["name", "Zane"], ["created_at", "2017-07-14 05:47:29.201805"], ["updated_at", "2017-07-14 05:47:29.201805"]]
  [1m[35m (0.3ms)[0m  [1m[35mCOMMIT[0m
  [1m[35m (0.1ms)[0m  [1m[35mBEGIN[0m
  [1m[35mSQL (0.2ms)[0m  [1m[32mINSERT INTO "cats" ("name", "created_at", "updated_at") VALUES ($1, $2, $3) RETURNING "id"[0m  [["name", "Bill"], ["created_at", "2017-07-14 05:47:29.203039"], ["updated_at", "2017-07-14 05:47:29.203039"]]
  [1m[35m (0.2ms)[0m  [1m[35mCOMMIT[0m
  [1m[35m (0.1ms)[0m  [1m[35mBEGIN[0m
  [1m[35mSQL (0.2ms)[0m  [1m[32mINSERT INTO "corgis" ("name", "created_at", "updated_at") VALUES ($1, $2, $3) RETURNING "id"[0m  [["name", "Carlie"], ["created_at", "2017-07-14 05:47:29.204215"], ["updated_at", "2017-07-14 05:47:29.204215"]]
  [1m[35m (0.3ms)[0m  [1m[35mCOMMIT[0m
  [1m[35m (0.1ms)[0m  [1m[35mBEGIN[0m
  [1m[35mSQL (0.2ms)[0m  [1m[32mINSERT INTO "cats" ("name", "created_at", "updated_at") VALUES ($1, $2, $3) RETURNING "id"[0m  [["name", "Glen"], ["created_at", "2017-07-14 05:47:29.205375"], ["updated_at", "2017-07-14 05:47:29.205375"]]
  [1m[35m (0.2ms)[0m  [1m[35mCOMMIT[0m
  [1m[35m (0.1ms)[0m  [1m[35mBEGIN[0m
  [1m[35mSQL (0.2ms)[0m  [1m[32mINSERT INTO "corgis" ("name", "created_at", "updated_at") VALUES ($1, $2, $3) RETURNING "id"[0m  [["name", "Jamey"], ["created_at", "2017-07-14 05:47:29.206505"], ["updated_at", "2017-07-14 05:47:29.206505"]]
  [1m[35m (0.2ms)[0m  [1m[35mCOMMIT[0m
  [1m[35m (0.1ms)[0m  [1m[35mBEGIN[0m
  [1m[35mSQL (0.2ms)[0m  [1m[32mINSERT INTO "cats" ("name", "created_at", "updated_at") VALUES ($1, $2, $3) RETURNING "id"[0m  [["name", "Madisyn"], ["created_at", "2017-07-14 05:47:29.207626"], ["updated_at", "2017-07-14 05:47:29.207626"]]
  [1m[35m (0.2ms)[0m  [1m[35mCOMMIT[0m
  [1m[35m (0.1ms)[0m  [1m[35mBEGIN[0m
  [1m[35mSQL (0.2ms)[0m  [1m[32mINSERT INTO "corgis" ("name", "created_at", "updated_at") VALUES ($1, $2, $3) RETURNING "id"[0m  [["name", "Hollie"], ["created_at", "2017-07-14 05:47:29.208720"], ["updated_at", "2017-07-14 05:47:29.208720"]]
  [1m[35m (0.2ms)[0m  [1m[35mCOMMIT[0m
  [1m[35m (0.1ms)[0m  [1m[35mBEGIN[0m
  [1m[35mSQL (0.2ms)[0m  [1m[32mINSERT INTO "cats" ("name", "created_at", "updated_at") VALUES ($1, $2, $3) RETURNING "id"[0m  [["name", "Verna"], ["created_at", "2017-07-14 05:47:29.209786"], ["updated_at", "2017-07-14 05:47:29.209786"]]
  [1m[35m (0.2ms)[0m  [1m[35mCOMMIT[0m
  [1m[35m (0.1ms)[0m  [1m[35mBEGIN[0m
  [1m[35mSQL (0.2ms)[0m  [1m[32mINSERT INTO "corgis" ("name", "created_at", "updated_at") VALUES ($1, $2, $3) RETURNING "id"[0m  [["name", "Virgie"], ["created_at", "2017-07-14 05:47:29.210879"], ["updated_at", "2017-07-14 05:47:29.210879"]]
  [1m[35m (0.2ms)[0m  [1m[35mCOMMIT[0m
  [1m[35m (0.1ms)[0m  [1m[35mBEGIN[0m
  [1m[35mSQL (0.2ms)[0m  [1m[32mINSERT INTO "cats" ("name", "created_at", "updated_at") VALUES ($1, $2, $3) RETURNING "id"[0m  [["name", "Darrick"], ["created_at", "2017-07-14 05:47:29.211946"], ["updated_at", "2017-07-14 05:47:29.211946"]]
  [1m[35m (0.2ms)[0m  [1m[35mCOMMIT[0m
  [1m[35m (0.1ms)[0m  [1m[35mBEGIN[0m
  [1m[35mSQL (0.2ms)[0m  [1m[32mINSERT INTO "corgis" ("name", "created_at", "updated_at") VALUES ($1, $2, $3) RETURNING "id"[0m  [["name", "Lucious"], ["created_at", "2017-07-14 05:47:29.212998"], ["updated_at", "2017-07-14 05:47:29.212998"]]
  [1m[35m (0.2ms)[0m  [1m[35mCOMMIT[0m
  [1m[35m (0.1ms)[0m  [1m[35mBEGIN[0m
  [1m[35mSQL (0.2ms)[0m  [1m[32mINSERT INTO "cats" ("name", "created_at", "updated_at") VALUES ($1, $2, $3) RETURNING "id"[0m  [["name", "Reid"], ["created_at", "2017-07-14 05:47:29.214009"], ["updated_at", "2017-07-14 05:47:29.214009"]]
  [1m[35m (0.2ms)[0m  [1m[35mCOMMIT[0m
  [1m[35m (0.1ms)[0m  [1m[35mBEGIN[0m
  [1m[35mSQL (0.2ms)[0m  [1m[32mINSERT INTO "corgis" ("name", "created_at", "updated_at") VALUES ($1, $2, $3) RETURNING "id"[0m  [["name", "Jeffery"], ["created_at", "2017-07-14 05:47:29.215049"], ["updated_at", "2017-07-14 05:47:29.215049"]]
  [1m[35m (0.2ms)[0m  [1m[35mCOMMIT[0m
  [1m[35m (0.1ms)[0m  [1m[35mBEGIN[0m
  [1m[35mSQL (0.2ms)[0m  [1m[32mINSERT INTO "cats" ("name", "created_at", "updated_at") VALUES ($1, $2, $3) RETURNING "id"[0m  [["name", "Giles"], ["created_at", "2017-07-14 05:47:29.216078"], ["updated_at", "2017-07-14 05:47:29.216078"]]
  [1m[35m (0.2ms)[0m  [1m[35mCOMMIT[0m
  [1m[35m (0.1ms)[0m  [1m[35mBEGIN[0m
  [1m[35mSQL (0.2ms)[0m  [1m[32mINSERT INTO "corgis" ("name", "created_at", "updated_at") VALUES ($1, $2, $3) RETURNING "id"[0m  [["name", "Tyree"], ["created_at", "2017-07-14 05:47:29.217114"], ["updated_at", "2017-07-14 05:47:29.217114"]]
  [1m[35m (0.2ms)[0m  [1m[35mCOMMIT[0m
  [1m[35m (0.1ms)[0m  [1m[35mBEGIN[0m
  [1m[35mSQL (0.2ms)[0m  [1m[32mINSERT INTO "cats" ("name", "created_at", "updated_at") VALUES ($1, $2, $3) RETURNING "id"[0m  [["name", "Cydney"], ["created_at", "2017-07-14 05:47:29.218133"], ["updated_at", "2017-07-14 05:47:29.218133"]]
  [1m[35m (0.2ms)[0m  [1m[35mCOMMIT[0m
  [1m[35m (0.1ms)[0m  [1m[35mBEGIN[0m
  [1m[35mSQL (0.2ms)[0m  [1m[32mINSERT INTO "corgis" ("name", "created_at", "updated_at") VALUES ($1, $2, $3) RETURNING "id"[0m  [["name", "Adelle"], ["created_at", "2017-07-14 05:47:29.219177"], ["updated_at", "2017-07-14 05:47:29.219177"]]
  [1m[35m (0.2ms)[0m  [1m[35mCOMMIT[0m
  [1m[35m (0.1ms)[0m  [1m[35mBEGIN[0m
  [1m[35mSQL (0.2ms)[0m  [1m[32mINSERT INTO "cats" ("name", "created_at", "updated_at") VALUES ($1, $2, $3) RETURNING "id"[0m  [["name", "Florida"], ["created_at", "2017-07-14 05:47:29.220188"], ["updated_at", "2017-07-14 05:47:29.220188"]]
  [1m[35m (0.1ms)[0m  [1m[35mCOMMIT[0m
  [1m[35m (18.1ms)[0m  [1m[35mCREATE TABLE "schema_migrations" ("version" character varying NOT NULL PRIMARY KEY)[0m
  [1m[35m (4.0ms)[0m  [1m[35mCREATE TABLE "ar_internal_metadata" ("key" character varying NOT NULL PRIMARY KEY, "value" character varying, "created_at" timestamp NOT NULL, "updated_at" timestamp NOT NULL)[0m
  [1m[35m (1.1ms)[0m  [1m[34mSELECT pg_try_advisory_lock(4795219387431405660);[0m
  [1m[35m (0.6ms)[0m  [1m[34mSELECT "schema_migrations"."version" FROM "schema_migrations" ORDER BY "schema_migrations"."version" ASC[0m
Migrating to CreateCats (20170714053359)
  [1m[35m (0.2ms)[0m  [1m[35mBEGIN[0m
  [1m[35m (6.5ms)[0m  [1m[35mCREATE TABLE "cats" ("id" bigserial primary key, "name" character varying NOT NULL, "created_at" timestamp NOT NULL, "updated_at" timestamp NOT NULL)[0m
  [1m[35mSQL (0.7ms)[0m  [1m[32mINSERT INTO "schema_migrations" ("version") VALUES ($1) RETURNING "version"[0m  [["version", "20170714053359"]]
  [1m[35m (0.5ms)[0m  [1m[35mCOMMIT[0m
Migrating to CreateCorgis (20170714053409)
  [1m[35m (0.4ms)[0m  [1m[35mBEGIN[0m
  [1m[35m (4.0ms)[0m  [1m[35mCREATE TABLE "corgis" ("id" bigserial primary key, "name" character varying NOT NULL, "created_at" timestamp NOT NULL, "updated_at" timestamp NOT NULL)[0m
  [1m[35mSQL (0.4ms)[0m  [1m[32mINSERT INTO "schema_migrations" ("version") VALUES ($1) RETURNING "version"[0m  [["version", "20170714053409"]]
  [1m[35m (1.3ms)[0m  [1m[35mCOMMIT[0m
Migrating to CreateToys (20200120033236)
  [1m[35m (0.3ms)[0m  [1m[35mBEGIN[0m
  [1m[35m (3.9ms)[0m  [1m[35mCREATE TABLE "toys" ("id" bigserial primary key, "name" character varying NOT NULL, "toyable_id" integer, "toyable_type" character varying, "created_at" timestamp NOT NULL, "updated_at" timestamp NOT NULL)[0m
  [1m[35m (1.5ms)[0m  [1m[35mCREATE UNIQUE INDEX  "index_toys_on_name_and_toyable_id_and_toyable_type" ON "toys"  ("name", "toyable_id", "toyable_type")[0m
  [1m[35mSQL (0.3ms)[0m  [1m[32mINSERT INTO "schema_migrations" ("version") VALUES ($1) RETURNING "version"[0m  [["version", "20200120033236"]]
  [1m[35m (0.5ms)[0m  [1m[35mCOMMIT[0m
  [1m[36mActiveRecord::InternalMetadata Load (0.4ms)[0m  [1m[34mSELECT  "ar_internal_metadata".* FROM "ar_internal_metadata" WHERE "ar_internal_metadata"."key" = $1 LIMIT $2[0m  [["key", "environment"], ["LIMIT", 1]]
  [1m[35m (0.1ms)[0m  [1m[35mBEGIN[0m
  [1m[35mSQL (1.1ms)[0m  [1m[32mINSERT INTO "ar_internal_metadata" ("key", "value", "created_at", "updated_at") VALUES ($1, $2, $3, $4) RETURNING "key"[0m  [["key", "environment"], ["value", "development"], ["created_at", "2020-01-20 03:43:32.535054"], ["updated_at", "2020-01-20 03:43:32.535054"]]
  [1m[35m (0.5ms)[0m  [1m[35mCOMMIT[0m
  [1m[35m (0.3ms)[0m  [1m[34mSELECT pg_advisory_unlock(4795219387431405660)[0m
  [1m[35m (0.6ms)[0m  [1m[34mSELECT "schema_migrations"."version" FROM "schema_migrations" ORDER BY "schema_migrations"."version" ASC[0m
  [1m[35m (0.8ms)[0m  [1m[34mSELECT "schema_migrations"."version" FROM "schema_migrations" ORDER BY "schema_migrations"."version" ASC[0m
  [1m[35m (0.2ms)[0m  [1m[35mBEGIN[0m
  [1m[35mSQL (0.9ms)[0m  [1m[32mINSERT INTO "corgis" ("name", "created_at", "updated_at") VALUES ($1, $2, $3) RETURNING "id"[0m  [["name", "Rocky"], ["created_at", "2020-01-20 03:58:08.437114"], ["updated_at", "2020-01-20 03:58:08.437114"]]
  [1m[35m (1.8ms)[0m  [1m[35mCOMMIT[0m
  [1m[35m (0.1ms)[0m  [1m[35mBEGIN[0m
  [1m[35mSQL (0.6ms)[0m  [1m[32mINSERT INTO "cats" ("name", "created_at", "updated_at") VALUES ($1, $2, $3) RETURNING "id"[0m  [["name", "Mitchell"], ["created_at", "2020-01-20 03:58:08.449599"], ["updated_at", "2020-01-20 03:58:08.449599"]]
  [1m[35m (0.4ms)[0m  [1m[35mCOMMIT[0m
  [1m[35m (0.2ms)[0m  [1m[35mBEGIN[0m
  [1m[35mSQL (0.4ms)[0m  [1m[32mINSERT INTO "corgis" ("name", "created_at", "updated_at") VALUES ($1, $2, $3) RETURNING "id"[0m  [["name", "Pascale"], ["created_at", "2020-01-20 03:58:08.451883"], ["updated_at", "2020-01-20 03:58:08.451883"]]
  [1m[35m (0.5ms)[0m  [1m[35mCOMMIT[0m
  [1m[35m (0.1ms)[0m  [1m[35mBEGIN[0m
  [1m[35mSQL (0.3ms)[0m  [1m[32mINSERT INTO "cats" ("name", "created_at", "updated_at") VALUES ($1, $2, $3) RETURNING "id"[0m  [["name", "Delphia"], ["created_at", "2020-01-20 03:58:08.454191"], ["updated_at", "2020-01-20 03:58:08.454191"]]
  [1m[35m (0.4ms)[0m  [1m[35mCOMMIT[0m
  [1m[35m (0.1ms)[0m  [1m[35mBEGIN[0m
  [1m[35mSQL (0.3ms)[0m  [1m[32mINSERT INTO "corgis" ("name", "created_at", "updated_at") VALUES ($1, $2, $3) RETURNING "id"[0m  [["name", "Marty"], ["created_at", "2020-01-20 03:58:08.456232"], ["updated_at", "2020-01-20 03:58:08.456232"]]
  [1m[35m (0.4ms)[0m  [1m[35mCOMMIT[0m
  [1m[35m (0.1ms)[0m  [1m[35mBEGIN[0m
  [1m[35mSQL (0.3ms)[0m  [1m[32mINSERT INTO "cats" ("name", "created_at", "updated_at") VALUES ($1, $2, $3) RETURNING "id"[0m  [["name", "Mona"], ["created_at", "2020-01-20 03:58:08.458083"], ["updated_at", "2020-01-20 03:58:08.458083"]]
  [1m[35m (0.4ms)[0m  [1m[35mCOMMIT[0m
  [1m[35m (0.1ms)[0m  [1m[35mBEGIN[0m
  [1m[35mSQL (0.3ms)[0m  [1m[32mINSERT INTO "corgis" ("name", "created_at", "updated_at") VALUES ($1, $2, $3) RETURNING "id"[0m  [["name", "Eino"], ["created_at", "2020-01-20 03:58:08.459847"], ["updated_at", "2020-01-20 03:58:08.459847"]]
  [1m[35m (0.5ms)[0m  [1m[35mCOMMIT[0m
  [1m[35m (0.1ms)[0m  [1m[35mBEGIN[0m
  [1m[35mSQL (0.3ms)[0m  [1m[32mINSERT INTO "cats" ("name", "created_at", "updated_at") VALUES ($1, $2, $3) RETURNING "id"[0m  [["name", "Erik"], ["created_at", "2020-01-20 03:58:08.461700"], ["updated_at", "2020-01-20 03:58:08.461700"]]
  [1m[35m (0.4ms)[0m  [1m[35mCOMMIT[0m
  [1m[35m (0.1ms)[0m  [1m[35mBEGIN[0m
  [1m[35mSQL (0.3ms)[0m  [1m[32mINSERT INTO "corgis" ("name", "created_at", "updated_at") VALUES ($1, $2, $3) RETURNING "id"[0m  [["name", "Gertrude"], ["created_at", "2020-01-20 03:58:08.463504"], ["updated_at", "2020-01-20 03:58:08.463504"]]
  [1m[35m (0.4ms)[0m  [1m[35mCOMMIT[0m
  [1m[35m (0.1ms)[0m  [1m[35mBEGIN[0m
  [1m[35mSQL (0.3ms)[0m  [1m[32mINSERT INTO "cats" ("name", "created_at", "updated_at") VALUES ($1, $2, $3) RETURNING "id"[0m  [["name", "Raleigh"], ["created_at", "2020-01-20 03:58:08.465396"], ["updated_at", "2020-01-20 03:58:08.465396"]]
  [1m[35m (0.4ms)[0m  [1m[35mCOMMIT[0m
  [1m[35m (0.1ms)[0m  [1m[35mBEGIN[0m
  [1m[35mSQL (0.3ms)[0m  [1m[32mINSERT INTO "corgis" ("name", "created_at", "updated_at") VALUES ($1, $2, $3) RETURNING "id"[0m  [["name", "Caroline"], ["created_at", "2020-01-20 03:58:08.467390"], ["updated_at", "2020-01-20 03:58:08.467390"]]
  [1m[35m (0.5ms)[0m  [1m[35mCOMMIT[0m
  [1m[35m (0.1ms)[0m  [1m[35mBEGIN[0m
  [1m[35mSQL (0.3ms)[0m  [1m[32mINSERT INTO "cats" ("name", "created_at", "updated_at") VALUES ($1, $2, $3) RETURNING "id"[0m  [["name", "Kraig"], ["created_at", "2020-01-20 03:58:08.469489"], ["updated_at", "2020-01-20 03:58:08.469489"]]
  [1m[35m (0.5ms)[0m  [1m[35mCOMMIT[0m
  [1m[35m (0.1ms)[0m  [1m[35mBEGIN[0m
  [1m[35mSQL (0.3ms)[0m  [1m[32mINSERT INTO "corgis" ("name", "created_at", "updated_at") VALUES ($1, $2, $3) RETURNING "id"[0m  [["name", "Tressie"], ["created_at", "2020-01-20 03:58:08.471510"], ["updated_at", "2020-01-20 03:58:08.471510"]]
  [1m[35m (0.5ms)[0m  [1m[35mCOMMIT[0m
  [1m[35m (0.1ms)[0m  [1m[35mBEGIN[0m
  [1m[35mSQL (0.3ms)[0m  [1m[32mINSERT INTO "cats" ("name", "created_at", "updated_at") VALUES ($1, $2, $3) RETURNING "id"[0m  [["name", "Kaycee"], ["created_at", "2020-01-20 03:58:08.473587"], ["updated_at", "2020-01-20 03:58:08.473587"]]
  [1m[35m (0.4ms)[0m  [1m[35mCOMMIT[0m
  [1m[35m (0.1ms)[0m  [1m[35mBEGIN[0m
  [1m[35mSQL (0.4ms)[0m  [1m[32mINSERT INTO "corgis" ("name", "created_at", "updated_at") VALUES ($1, $2, $3) RETURNING "id"[0m  [["name", "Nikko"], ["created_at", "2020-01-20 03:58:08.475596"], ["updated_at", "2020-01-20 03:58:08.475596"]]
  [1m[35m (0.5ms)[0m  [1m[35mCOMMIT[0m
  [1m[35m (0.1ms)[0m  [1m[35mBEGIN[0m
  [1m[35mSQL (0.4ms)[0m  [1m[32mINSERT INTO "cats" ("name", "created_at", "updated_at") VALUES ($1, $2, $3) RETURNING "id"[0m  [["name", "Brooklyn"], ["created_at", "2020-01-20 03:58:08.477828"], ["updated_at", "2020-01-20 03:58:08.477828"]]
  [1m[35m (0.3ms)[0m  [1m[35mCOMMIT[0m
  [1m[35m (0.1ms)[0m  [1m[35mBEGIN[0m
  [1m[35mSQL (0.3ms)[0m  [1m[32mINSERT INTO "corgis" ("name", "created_at", "updated_at") VALUES ($1, $2, $3) RETURNING "id"[0m  [["name", "Mackenzie"], ["created_at", "2020-01-20 03:58:08.479886"], ["updated_at", "2020-01-20 03:58:08.479886"]]
  [1m[35m (0.4ms)[0m  [1m[35mCOMMIT[0m
  [1m[35m (0.1ms)[0m  [1m[35mBEGIN[0m
  [1m[35mSQL (0.3ms)[0m  [1m[32mINSERT INTO "cats" ("name", "created_at", "updated_at") VALUES ($1, $2, $3) RETURNING "id"[0m  [["name", "Elenora"], ["created_at", "2020-01-20 03:58:08.481883"], ["updated_at", "2020-01-20 03:58:08.481883"]]
  [1m[35m (0.5ms)[0m  [1m[35mCOMMIT[0m
  [1m[35m (0.1ms)[0m  [1m[35mBEGIN[0m
  [1m[35mSQL (0.3ms)[0m  [1m[32mINSERT INTO "corgis" ("name", "created_at", "updated_at") VALUES ($1, $2, $3) RETURNING "id"[0m  [["name", "Greyson"], ["created_at", "2020-01-20 03:58:08.483951"], ["updated_at", "2020-01-20 03:58:08.483951"]]
  [1m[35m (0.4ms)[0m  [1m[35mCOMMIT[0m
  [1m[35m (0.1ms)[0m  [1m[35mBEGIN[0m
  [1m[35mSQL (0.3ms)[0m  [1m[32mINSERT INTO "cats" ("name", "created_at", "updated_at") VALUES ($1, $2, $3) RETURNING "id"[0m  [["name", "Lucas"], ["created_at", "2020-01-20 03:58:08.486011"], ["updated_at", "2020-01-20 03:58:08.486011"]]
  [1m[35m (0.6ms)[0m  [1m[35mCOMMIT[0m
  [1m[35m (0.1ms)[0m  [1m[35mBEGIN[0m
  [1m[36mCat Load (0.3ms)[0m  [1m[34mSELECT  "cats".* FROM "cats" WHERE "cats"."id" = $1 LIMIT $2[0m  [["id", 9], ["LIMIT", 1]]
  [1m[36mToy Exists (0.8ms)[0m  [1m[34mSELECT  1 AS one FROM "toys" WHERE "toys"."name" = $1 AND "toys"."toyable_type" = 'Cat' AND "toys"."toyable_id" = 9 LIMIT $2[0m  [["name", "Armor"], ["LIMIT", 1]]
  [1m[35mSQL (0.5ms)[0m  [1m[32mINSERT INTO "toys" ("name", "toyable_id", "toyable_type", "created_at", "updated_at") VALUES ($1, $2, $3, $4, $5) RETURNING "id"[0m  [["name", "Armor"], ["toyable_id", 9], ["toyable_type", "Cat"], ["created_at", "2020-01-20 03:58:08.520720"], ["updated_at", "2020-01-20 03:58:08.520720"]]
  [1m[35m (0.4ms)[0m  [1m[35mCOMMIT[0m
  [1m[35m (0.1ms)[0m  [1m[35mBEGIN[0m
  [1m[36mCorgi Load (0.3ms)[0m  [1m[34mSELECT  "corgis".* FROM "corgis" WHERE "corgis"."id" = $1 LIMIT $2[0m  [["id", 8], ["LIMIT", 1]]
  [1m[36mToy Exists (0.3ms)[0m  [1m[34mSELECT  1 AS one FROM "toys" WHERE "toys"."name" = $1 AND "toys"."toyable_type" = 'Corgi' AND "toys"."toyable_id" = 8 LIMIT $2[0m  [["name", "Magnificent Jack-Jack Wolf"], ["LIMIT", 1]]
  [1m[35mSQL (0.3ms)[0m  [1m[32mINSERT INTO "toys" ("name", "toyable_id", "toyable_type", "created_at", "updated_at") VALUES ($1, $2, $3, $4, $5) RETURNING "id"[0m  [["name", "Magnificent Jack-Jack Wolf"], ["toyable_id", 8], ["toyable_type", "Corgi"], ["created_at", "2020-01-20 03:58:08.526062"], ["updated_at", "2020-01-20 03:58:08.526062"]]
  [1m[35m (0.4ms)[0m  [1m[35mCOMMIT[0m
  [1m[35m (0.1ms)[0m  [1m[35mBEGIN[0m
  [1m[36mCat Load (0.3ms)[0m  [1m[34mSELECT  "cats".* FROM "cats" WHERE "cats"."id" = $1 LIMIT $2[0m  [["id", 7], ["LIMIT", 1]]
  [1m[36mToy Exists (0.4ms)[0m  [1m[34mSELECT  1 AS one FROM "toys" WHERE "toys"."name" = $1 AND "toys"."toyable_type" = 'Cat' AND "toys"."toyable_id" = 7 LIMIT $2[0m  [["name", "Rhino II"], ["LIMIT", 1]]
  [1m[35mSQL (0.4ms)[0m  [1m[32mINSERT INTO "toys" ("name", "toyable_id", "toyable_type", "created_at", "updated_at") VALUES ($1, $2, $3, $4, $5) RETURNING "id"[0m  [["name", "Rhino II"], ["toyable_id", 7], ["toyable_type", "Cat"], ["created_at", "2020-01-20 03:58:08.530445"], ["updated_at", "2020-01-20 03:58:08.530445"]]
  [1m[35m (0.4ms)[0m  [1m[35mCOMMIT[0m
  [1m[35m (0.1ms)[0m  [1m[35mBEGIN[0m
  [1m[36mCat Load (0.2ms)[0m  [1m[34mSELECT  "cats".* FROM "cats" WHERE "cats"."id" = $1 LIMIT $2[0m  [["id", 11], ["LIMIT", 1]]
  [1m[36mToy Exists (0.3ms)[0m  [1m[34mSELECT  1 AS one FROM "toys" WHERE "toys"."name" = $1 AND "toys"."toyable_id" IS NULL LIMIT $2[0m  [["name", "Blade Eyes"], ["LIMIT", 1]]
  [1m[35m (0.1ms)[0m  [1m[31mROLLBACK[0m
  [1m[35m (0.1ms)[0m  [1m[35mBEGIN[0m
  [1m[36mCat Load (0.3ms)[0m  [1m[34mSELECT  "cats".* FROM "cats" WHERE "cats"."id" = $1 LIMIT $2[0m  [["id", 5], ["LIMIT", 1]]
  [1m[36mToy Exists (0.3ms)[0m  [1m[34mSELECT  1 AS one FROM "toys" WHERE "toys"."name" = $1 AND "toys"."toyable_type" = 'Cat' AND "toys"."toyable_id" = 5 LIMIT $2[0m  [["name", "Magnificent Spyke"], ["LIMIT", 1]]
  [1m[35mSQL (0.4ms)[0m  [1m[32mINSERT INTO "toys" ("name", "toyable_id", "toyable_type", "created_at", "updated_at") VALUES ($1, $2, $3, $4, $5) RETURNING "id"[0m  [["name", "Magnificent Spyke"], ["toyable_id", 5], ["toyable_type", "Cat"], ["created_at", "2020-01-20 03:58:08.537460"], ["updated_at", "2020-01-20 03:58:08.537460"]]
  [1m[35m (0.4ms)[0m  [1m[35mCOMMIT[0m
  [1m[35m (0.1ms)[0m  [1m[35mBEGIN[0m
  [1m[36mCorgi Load (0.2ms)[0m  [1m[34mSELECT  "corgis".* FROM "corgis" WHERE "corgis"."id" = $1 LIMIT $2[0m  [["id", 1], ["LIMIT", 1]]
  [1m[36mToy Exists (0.3ms)[0m  [1m[34mSELECT  1 AS one FROM "toys" WHERE "toys"."name" = $1 AND "toys"."toyable_type" = 'Corgi' AND "toys"."toyable_id" = 1 LIMIT $2[0m  [["name", "Magnificent Apocalypse Boy"], ["LIMIT", 1]]
  [1m[35mSQL (0.3ms)[0m  [1m[32mINSERT INTO "toys" ("name", "toyable_id", "toyable_type", "created_at", "updated_at") VALUES ($1, $2, $3, $4, $5) RETURNING "id"[0m  [["name", "Magnificent Apocalypse Boy"], ["toyable_id", 1], ["toyable_type", "Corgi"], ["created_at", "2020-01-20 03:58:08.541384"], ["updated_at", "2020-01-20 03:58:08.541384"]]
  [1m[35m (0.3ms)[0m  [1m[35mCOMMIT[0m
  [1m[35m (0.1ms)[0m  [1m[35mBEGIN[0m
  [1m[36mCorgi Load (0.2ms)[0m  [1m[34mSELECT  "corgis".* FROM "corgis" WHERE "corgis"."id" = $1 LIMIT $2[0m  [["id", 3], ["LIMIT", 1]]
  [1m[36mToy Exists (0.3ms)[0m  [1m[34mSELECT  1 AS one FROM "toys" WHERE "toys"."name" = $1 AND "toys"."toyable_type" = 'Corgi' AND "toys"."toyable_id" = 3 LIMIT $2[0m  [["name", "General Firebird"], ["LIMIT", 1]]
  [1m[35mSQL (0.3ms)[0m  [1m[32mINSERT INTO "toys" ("name", "toyable_id", "toyable_type", "created_at", "updated_at") VALUES ($1, $2, $3, $4, $5) RETURNING "id"[0m  [["name", "General Firebird"], ["toyable_id", 3], ["toyable_type", "Corgi"], ["created_at", "2020-01-20 03:58:08.545476"], ["updated_at", "2020-01-20 03:58:08.545476"]]
  [1m[35m (0.4ms)[0m  [1m[35mCOMMIT[0m
  [1m[35m (0.1ms)[0m  [1m[35mBEGIN[0m
  [1m[36mCat Load (0.2ms)[0m  [1m[34mSELECT  "cats".* FROM "cats" WHERE "cats"."id" = $1 LIMIT $2[0m  [["id", 4], ["LIMIT", 1]]
  [1m[36mToy Exists (0.4ms)[0m  [1m[34mSELECT  1 AS one FROM "toys" WHERE "toys"."name" = $1 AND "toys"."toyable_type" = 'Cat' AND "toys"."toyable_id" = 4 LIMIT $2[0m  [["name", "Sabretooth"], ["LIMIT", 1]]
  [1m[35mSQL (0.3ms)[0m  [1m[32mINSERT INTO "toys" ("name", "toyable_id", "toyable_type", "created_at", "updated_at") VALUES ($1, $2, $3, $4, $5) RETURNING "id"[0m  [["name", "Sabretooth"], ["toyable_id", 4], ["toyable_type", "Cat"], ["created_at", "2020-01-20 03:58:08.549311"], ["updated_at", "2020-01-20 03:58:08.549311"]]
  [1m[35m (0.4ms)[0m  [1m[35mCOMMIT[0m
  [1m[35m (0.1ms)[0m  [1m[35mBEGIN[0m
  [1m[36mCat Load (0.2ms)[0m  [1m[34mSELECT  "cats".* FROM "cats" WHERE "cats"."id" = $1 LIMIT $2[0m  [["id", 7], ["LIMIT", 1]]
  [1m[36mToy Exists (0.3ms)[0m  [1m[34mSELECT  1 AS one FROM "toys" WHERE "toys"."name" = $1 AND "toys"."toyable_type" = 'Cat' AND "toys"."toyable_id" = 7 LIMIT $2[0m  [["name", "General Quantum Eyes"], ["LIMIT", 1]]
  [1m[35mSQL (0.3ms)[0m  [1m[32mINSERT INTO "toys" ("name", "toyable_id", "toyable_type", "created_at", "updated_at") VALUES ($1, $2, $3, $4, $5) RETURNING "id"[0m  [["name", "General Quantum Eyes"], ["toyable_id", 7], ["toyable_type", "Cat"], ["created_at", "2020-01-20 03:58:08.553112"], ["updated_at", "2020-01-20 03:58:08.553112"]]
  [1m[35m (0.5ms)[0m  [1m[35mCOMMIT[0m
  [1m[35m (0.1ms)[0m  [1m[35mBEGIN[0m
  [1m[36mCat Load (0.2ms)[0m  [1m[34mSELECT  "cats".* FROM "cats" WHERE "cats"."id" = $1 LIMIT $2[0m  [["id", 10], ["LIMIT", 1]]
  [1m[36mToy Exists (0.4ms)[0m  [1m[34mSELECT  1 AS one FROM "toys" WHERE "toys"."name" = $1 AND "toys"."toyable_type" = 'Cat' AND "toys"."toyable_id" = 10 LIMIT $2[0m  [["name", "Green Guardian of Hearts"], ["LIMIT", 1]]
  [1m[35mSQL (0.3ms)[0m  [1m[32mINSERT INTO "toys" ("name", "toyable_id", "toyable_type", "created_at", "updated_at") VALUES ($1, $2, $3, $4, $5) RETURNING "id"[0m  [["name", "Green Guardian of Hearts"], ["toyable_id", 10], ["toyable_type", "Cat"], ["created_at", "2020-01-20 03:58:08.557139"], ["updated_at", "2020-01-20 03:58:08.557139"]]
  [1m[35m (0.5ms)[0m  [1m[35mCOMMIT[0m
  [1m[35m (0.1ms)[0m  [1m[35mBEGIN[0m
  [1m[36mCat Load (0.2ms)[0m  [1m[34mSELECT  "cats".* FROM "cats" WHERE "cats"."id" = $1 LIMIT $2[0m  [["id", 6], ["LIMIT", 1]]
  [1m[36mToy Exists (0.4ms)[0m  [1m[34mSELECT  1 AS one FROM "toys" WHERE "toys"."name" = $1 AND "toys"."toyable_type" = 'Cat' AND "toys"."toyable_id" = 6 LIMIT $2[0m  [["name", "Giant Rambo"], ["LIMIT", 1]]
  [1m[35mSQL (0.3ms)[0m  [1m[32mINSERT INTO "toys" ("name", "toyable_id", "toyable_type", "created_at", "updated_at") VALUES ($1, $2, $3, $4, $5) RETURNING "id"[0m  [["name", "Giant Rambo"], ["toyable_id", 6], ["toyable_type", "Cat"], ["created_at", "2020-01-20 03:58:08.561392"], ["updated_at", "2020-01-20 03:58:08.561392"]]
  [1m[35m (0.4ms)[0m  [1m[35mCOMMIT[0m
  [1m[35m (0.1ms)[0m  [1m[35mBEGIN[0m
  [1m[36mCorgi Load (0.2ms)[0m  [1m[34mSELECT  "corgis".* FROM "corgis" WHERE "corgis"."id" = $1 LIMIT $2[0m  [["id", 1], ["LIMIT", 1]]
  [1m[36mToy Exists (0.4ms)[0m  [1m[34mSELECT  1 AS one FROM "toys" WHERE "toys"."name" = $1 AND "toys"."toyable_type" = 'Corgi' AND "toys"."toyable_id" = 1 LIMIT $2[0m  [["name", "Wildfire"], ["LIMIT", 1]]
  [1m[35mSQL (0.3ms)[0m  [1m[32mINSERT INTO "toys" ("name", "toyable_id", "toyable_type", "created_at", "updated_at") VALUES ($1, $2, $3, $4, $5) RETURNING "id"[0m  [["name", "Wildfire"], ["toyable_id", 1], ["toyable_type", "Corgi"], ["created_at", "2020-01-20 03:58:08.565606"], ["updated_at", "2020-01-20 03:58:08.565606"]]
  [1m[35m (0.5ms)[0m  [1m[35mCOMMIT[0m
  [1m[35m (0.2ms)[0m  [1m[35mBEGIN[0m
  [1m[36mCorgi Load (0.3ms)[0m  [1m[34mSELECT  "corgis".* FROM "corgis" WHERE "corgis"."id" = $1 LIMIT $2[0m  [["id", 6], ["LIMIT", 1]]
  [1m[36mToy Exists (0.5ms)[0m  [1m[34mSELECT  1 AS one FROM "toys" WHERE "toys"."name" = $1 AND "toys"."toyable_type" = 'Corgi' AND "toys"."toyable_id" = 6 LIMIT $2[0m  [["name", "Green Brother Voodoo"], ["LIMIT", 1]]
  [1m[35mSQL (0.3ms)[0m  [1m[32mINSERT INTO "toys" ("name", "toyable_id", "toyable_type", "created_at", "updated_at") VALUES ($1, $2, $3, $4, $5) RETURNING "id"[0m  [["name", "Green Brother Voodoo"], ["toyable_id", 6], ["toyable_type", "Corgi"], ["created_at", "2020-01-20 03:58:08.570879"], ["updated_at", "2020-01-20 03:58:08.570879"]]
  [1m[35m (0.5ms)[0m  [1m[35mCOMMIT[0m
  [1m[35m (0.2ms)[0m  [1m[35mBEGIN[0m
  [1m[36mCat Load (0.2ms)[0m  [1m[34mSELECT  "cats".* FROM "cats" WHERE "cats"."id" = $1 LIMIT $2[0m  [["id", 5], ["LIMIT", 1]]
  [1m[36mToy Exists (0.4ms)[0m  [1m[34mSELECT  1 AS one FROM "toys" WHERE "toys"."name" = $1 AND "toys"."toyable_type" = 'Cat' AND "toys"."toyable_id" = 5 LIMIT $2[0m  [["name", "Illustrious Maya Herrera Strike"], ["LIMIT", 1]]
  [1m[35mSQL (0.3ms)[0m  [1m[32mINSERT INTO "toys" ("name", "toyable_id", "toyable_type", "created_at", "updated_at") VALUES ($1, $2, $3, $4, $5) RETURNING "id"[0m  [["name", "Illustrious Maya Herrera Strike"], ["toyable_id", 5], ["toyable_type", "Cat"], ["created_at", "2020-01-20 03:58:08.578355"], ["updated_at", "2020-01-20 03:58:08.578355"]]
  [1m[35m (0.5ms)[0m  [1m[35mCOMMIT[0m
  [1m[35m (0.1ms)[0m  [1m[35mBEGIN[0m
  [1m[36mCat Load (0.2ms)[0m  [1m[34mSELECT  "cats".* FROM "cats" WHERE "cats"."id" = $1 LIMIT $2[0m  [["id", 2], ["LIMIT", 1]]
  [1m[36mToy Exists (0.4ms)[0m  [1m[34mSELECT  1 AS one FROM "toys" WHERE "toys"."name" = $1 AND "toys"."toyable_type" = 'Cat' AND "toys"."toyable_id" = 2 LIMIT $2[0m  [["name", "Thundra Man"], ["LIMIT", 1]]
  [1m[35mSQL (0.3ms)[0m  [1m[32mINSERT INTO "toys" ("name", "toyable_id", "toyable_type", "created_at", "updated_at") VALUES ($1, $2, $3, $4, $5) RETURNING "id"[0m  [["name", "Thundra Man"], ["toyable_id", 2], ["toyable_type", "Cat"], ["created_at", "2020-01-20 03:58:08.582980"], ["updated_at", "2020-01-20 03:58:08.582980"]]
  [1m[35m (0.3ms)[0m  [1m[35mCOMMIT[0m
  [1m[35m (0.1ms)[0m  [1m[35mBEGIN[0m
  [1m[36mCat Load (0.1ms)[0m  [1m[34mSELECT  "cats".* FROM "cats" WHERE "cats"."id" = $1 LIMIT $2[0m  [["id", 1], ["LIMIT", 1]]
  [1m[36mToy Exists (0.4ms)[0m  [1m[34mSELECT  1 AS one FROM "toys" WHERE "toys"."name" = $1 AND "toys"."toyable_type" = 'Cat' AND "toys"."toyable_id" = 1 LIMIT $2[0m  [["name", "Evilhawk"], ["LIMIT", 1]]
  [1m[35mSQL (0.4ms)[0m  [1m[32mINSERT INTO "toys" ("name", "toyable_id", "toyable_type", "created_at", "updated_at") VALUES ($1, $2, $3, $4, $5) RETURNING "id"[0m  [["name", "Evilhawk"], ["toyable_id", 1], ["toyable_type", "Cat"], ["created_at", "2020-01-20 03:58:08.586792"], ["updated_at", "2020-01-20 03:58:08.586792"]]
  [1m[35m (0.4ms)[0m  [1m[35mCOMMIT[0m
  [1m[35m (0.2ms)[0m  [1m[35mBEGIN[0m
  [1m[36mCorgi Load (0.3ms)[0m  [1m[34mSELECT  "corgis".* FROM "corgis" WHERE "corgis"."id" = $1 LIMIT $2[0m  [["id", 5], ["LIMIT", 1]]
  [1m[36mToy Exists (0.4ms)[0m  [1m[34mSELECT  1 AS one FROM "toys" WHERE "toys"."name" = $1 AND "toys"."toyable_type" = 'Corgi' AND "toys"."toyable_id" = 5 LIMIT $2[0m  [["name", "Songbird"], ["LIMIT", 1]]
  [1m[35mSQL (0.3ms)[0m  [1m[32mINSERT INTO "toys" ("name", "toyable_id", "toyable_type", "created_at", "updated_at") VALUES ($1, $2, $3, $4, $5) RETURNING "id"[0m  [["name", "Songbird"], ["toyable_id", 5], ["toyable_type", "Corgi"], ["created_at", "2020-01-20 03:58:08.592044"], ["updated_at", "2020-01-20 03:58:08.592044"]]
  [1m[35m (0.5ms)[0m  [1m[35mCOMMIT[0m
  [1m[35m (0.1ms)[0m  [1m[35mBEGIN[0m
  [1m[36mCorgi Load (0.2ms)[0m  [1m[34mSELECT  "corgis".* FROM "corgis" WHERE "corgis"."id" = $1 LIMIT $2[0m  [["id", 7], ["LIMIT", 1]]
  [1m[36mToy Exists (0.4ms)[0m  [1m[34mSELECT  1 AS one FROM "toys" WHERE "toys"."name" = $1 AND "toys"."toyable_type" = 'Corgi' AND "toys"."toyable_id" = 7 LIMIT $2[0m  [["name", "Mr Spawn"], ["LIMIT", 1]]
  [1m[35mSQL (0.4ms)[0m  [1m[32mINSERT INTO "toys" ("name", "toyable_id", "toyable_type", "created_at", "updated_at") VALUES ($1, $2, $3, $4, $5) RETURNING "id"[0m  [["name", "Mr Spawn"], ["toyable_id", 7], ["toyable_type", "Corgi"], ["created_at", "2020-01-20 03:58:08.596482"], ["updated_at", "2020-01-20 03:58:08.596482"]]
  [1m[35m (0.7ms)[0m  [1m[35mCOMMIT[0m
  [1m[35m (0.2ms)[0m  [1m[35mBEGIN[0m
  [1m[36mCat Load (0.2ms)[0m  [1m[34mSELECT  "cats".* FROM "cats" WHERE "cats"."id" = $1 LIMIT $2[0m  [["id", 7], ["LIMIT", 1]]
  [1m[36mToy Exists (0.4ms)[0m  [1m[34mSELECT  1 AS one FROM "toys" WHERE "toys"."name" = $1 AND "toys"."toyable_type" = 'Cat' AND "toys"."toyable_id" = 7 LIMIT $2[0m  [["name", "Ultra Hybrid Strike"], ["LIMIT", 1]]
  [1m[35mSQL (0.3ms)[0m  [1m[32mINSERT INTO "toys" ("name", "toyable_id", "toyable_type", "created_at", "updated_at") VALUES ($1, $2, $3, $4, $5) RETURNING "id"[0m  [["name", "Ultra Hybrid Strike"], ["toyable_id", 7], ["toyable_type", "Cat"], ["created_at", "2020-01-20 03:58:08.602007"], ["updated_at", "2020-01-20 03:58:08.602007"]]
  [1m[35m (0.5ms)[0m  [1m[35mCOMMIT[0m
  [1m[35m (0.1ms)[0m  [1m[35mBEGIN[0m
  [1m[36mCat Load (0.2ms)[0m  [1m[34mSELECT  "cats".* FROM "cats" WHERE "cats"."id" = $1 LIMIT $2[0m  [["id", 5], ["LIMIT", 1]]
  [1m[36mToy Exists (0.4ms)[0m  [1m[34mSELECT  1 AS one FROM "toys" WHERE "toys"."name" = $1 AND "toys"."toyable_type" = 'Cat' AND "toys"."toyable_id" = 5 LIMIT $2[0m  [["name", "Dark Hyperion"], ["LIMIT", 1]]
  [1m[35mSQL (0.3ms)[0m  [1m[32mINSERT INTO "toys" ("name", "toyable_id", "toyable_type", "created_at", "updated_at") VALUES ($1, $2, $3, $4, $5) RETURNING "id"[0m  [["name", "Dark Hyperion"], ["toyable_id", 5], ["toyable_type", "Cat"], ["created_at", "2020-01-20 03:58:08.606528"], ["updated_at", "2020-01-20 03:58:08.606528"]]
  [1m[35m (0.5ms)[0m  [1m[35mCOMMIT[0m
  [1m[35m (0.2ms)[0m  [1m[35mBEGIN[0m
  [1m[36mCat Load (0.2ms)[0m  [1m[34mSELECT  "cats".* FROM "cats" WHERE "cats"."id" = $1 LIMIT $2[0m  [["id", 2], ["LIMIT", 1]]
  [1m[36mToy Exists (0.4ms)[0m  [1m[34mSELECT  1 AS one FROM "toys" WHERE "toys"."name" = $1 AND "toys"."toyable_type" = 'Cat' AND "toys"."toyable_id" = 2 LIMIT $2[0m  [["name", "Bizarro Brain"], ["LIMIT", 1]]
  [1m[35mSQL (0.4ms)[0m  [1m[32mINSERT INTO "toys" ("name", "toyable_id", "toyable_type", "created_at", "updated_at") VALUES ($1, $2, $3, $4, $5) RETURNING "id"[0m  [["name", "Bizarro Brain"], ["toyable_id", 2], ["toyable_type", "Cat"], ["created_at", "2020-01-20 03:58:08.611197"], ["updated_at", "2020-01-20 03:58:08.611197"]]
  [1m[35m (0.4ms)[0m  [1m[35mCOMMIT[0m
  [1m[35m (0.1ms)[0m  [1m[35mBEGIN[0m
  [1m[36mCat Load (0.2ms)[0m  [1m[34mSELECT  "cats".* FROM "cats" WHERE "cats"."id" = $1 LIMIT $2[0m  [["id", 1], ["LIMIT", 1]]
  [1m[36mToy Exists (0.4ms)[0m  [1m[34mSELECT  1 AS one FROM "toys" WHERE "toys"."name" = $1 AND "toys"."toyable_type" = 'Cat' AND "toys"."toyable_id" = 1 LIMIT $2[0m  [["name", "The Bane"], ["LIMIT", 1]]
  [1m[35mSQL (0.5ms)[0m  [1m[32mINSERT INTO "toys" ("name", "toyable_id", "toyable_type", "created_at", "updated_at") VALUES ($1, $2, $3, $4, $5) RETURNING "id"[0m  [["name", "The Bane"], ["toyable_id", 1], ["toyable_type", "Cat"], ["created_at", "2020-01-20 03:58:08.615292"], ["updated_at", "2020-01-20 03:58:08.615292"]]
  [1m[35m (0.5ms)[0m  [1m[35mCOMMIT[0m
  [1m[35m (0.1ms)[0m  [1m[35mBEGIN[0m
  [1m[36mCorgi Load (0.2ms)[0m  [1m[34mSELECT  "corgis".* FROM "corgis" WHERE "corgis"."id" = $1 LIMIT $2[0m  [["id", 2], ["LIMIT", 1]]
  [1m[36mToy Exists (0.4ms)[0m  [1m[34mSELECT  1 AS one FROM "toys" WHERE "toys"."name" = $1 AND "toys"."toyable_type" = 'Corgi' AND "toys"."toyable_id" = 2 LIMIT $2[0m  [["name", "Rambo Woman"], ["LIMIT", 1]]
  [1m[35mSQL (0.3ms)[0m  [1m[32mINSERT INTO "toys" ("name", "toyable_id", "toyable_type", "created_at", "updated_at") VALUES ($1, $2, $3, $4, $5) RETURNING "id"[0m  [["name", "Rambo Woman"], ["toyable_id", 2], ["toyable_type", "Corgi"], ["created_at", "2020-01-20 03:58:08.619825"], ["updated_at", "2020-01-20 03:58:08.619825"]]
  [1m[35m (0.4ms)[0m  [1m[35mCOMMIT[0m
  [1m[35m (0.1ms)[0m  [1m[35mBEGIN[0m
  [1m[36mCorgi Load (0.2ms)[0m  [1m[34mSELECT  "corgis".* FROM "corgis" WHERE "corgis"."id" = $1 LIMIT $2[0m  [["id", 4], ["LIMIT", 1]]
  [1m[36mToy Exists (0.4ms)[0m  [1m[34mSELECT  1 AS one FROM "toys" WHERE "toys"."name" = $1 AND "toys"."toyable_type" = 'Corgi' AND "toys"."toyable_id" = 4 LIMIT $2[0m  [["name", "Magnificent Spyke"], ["LIMIT", 1]]
  [1m[35mSQL (0.3ms)[0m  [1m[32mINSERT INTO "toys" ("name", "toyable_id", "toyable_type", "created_at", "updated_at") VALUES ($1, $2, $3, $4, $5) RETURNING "id"[0m  [["name", "Magnificent Spyke"], ["toyable_id", 4], ["toyable_type", "Corgi"], ["created_at", "2020-01-20 03:58:08.623807"], ["updated_at", "2020-01-20 03:58:08.623807"]]
  [1m[35m (0.5ms)[0m  [1m[35mCOMMIT[0m
  [1m[35m (0.1ms)[0m  [1m[35mBEGIN[0m
  [1m[36mCorgi Load (0.1ms)[0m  [1m[34mSELECT  "corgis".* FROM "corgis" WHERE "corgis"."id" = $1 LIMIT $2[0m  [["id", 3], ["LIMIT", 1]]
  [1m[36mToy Exists (0.3ms)[0m  [1m[34mSELECT  1 AS one FROM "toys" WHERE "toys"."name" = $1 AND "toys"."toyable_type" = 'Corgi' AND "toys"."toyable_id" = 3 LIMIT $2[0m  [["name", "Silverclaw Boy"], ["LIMIT", 1]]
  [1m[35mSQL (0.3ms)[0m  [1m[32mINSERT INTO "toys" ("name", "toyable_id", "toyable_type", "created_at", "updated_at") VALUES ($1, $2, $3, $4, $5) RETURNING "id"[0m  [["name", "Silverclaw Boy"], ["toyable_id", 3], ["toyable_type", "Corgi"], ["created_at", "2020-01-20 03:58:08.627687"], ["updated_at", "2020-01-20 03:58:08.627687"]]
  [1m[35m (0.4ms)[0m  [1m[35mCOMMIT[0m
  [1m[35m (0.1ms)[0m  [1m[35mBEGIN[0m
  [1m[36mCorgi Load (0.1ms)[0m  [1m[34mSELECT  "corgis".* FROM "corgis" WHERE "corgis"."id" = $1 LIMIT $2[0m  [["id", 3], ["LIMIT", 1]]
  [1m[36mToy Exists (0.3ms)[0m  [1m[34mSELECT  1 AS one FROM "toys" WHERE "toys"."name" = $1 AND "toys"."toyable_type" = 'Corgi' AND "toys"."toyable_id" = 3 LIMIT $2[0m  [["name", "Magog"], ["LIMIT", 1]]
  [1m[35mSQL (0.3ms)[0m  [1m[32mINSERT INTO "toys" ("name", "toyable_id", "toyable_type", "created_at", "updated_at") VALUES ($1, $2, $3, $4, $5) RETURNING "id"[0m  [["name", "Magog"], ["toyable_id", 3], ["toyable_type", "Corgi"], ["created_at", "2020-01-20 03:58:08.631250"], ["updated_at", "2020-01-20 03:58:08.631250"]]
  [1m[35m (0.4ms)[0m  [1m[35mCOMMIT[0m
  [1m[35m (0.1ms)[0m  [1m[35mBEGIN[0m
  [1m[36mCorgi Load (0.1ms)[0m  [1m[34mSELECT  "corgis".* FROM "corgis" WHERE "corgis"."id" = $1 LIMIT $2[0m  [["id", 3], ["LIMIT", 1]]
  [1m[36mToy Exists (0.3ms)[0m  [1m[34mSELECT  1 AS one FROM "toys" WHERE "toys"."name" = $1 AND "toys"."toyable_type" = 'Corgi' AND "toys"."toyable_id" = 3 LIMIT $2[0m  [["name", "Goblin Queen"], ["LIMIT", 1]]
  [1m[35mSQL (0.3ms)[0m  [1m[32mINSERT INTO "toys" ("name", "toyable_id", "toyable_type", "created_at", "updated_at") VALUES ($1, $2, $3, $4, $5) RETURNING "id"[0m  [["name", "Goblin Queen"], ["toyable_id", 3], ["toyable_type", "Corgi"], ["created_at", "2020-01-20 03:58:08.634778"], ["updated_at", "2020-01-20 03:58:08.634778"]]
  [1m[35m (0.6ms)[0m  [1m[35mCOMMIT[0m
  [1m[35m (0.1ms)[0m  [1m[35mBEGIN[0m
  [1m[36mCat Load (0.1ms)[0m  [1m[34mSELECT  "cats".* FROM "cats" WHERE "cats"."id" = $1 LIMIT $2[0m  [["id", 8], ["LIMIT", 1]]
  [1m[36mToy Exists (0.3ms)[0m  [1m[34mSELECT  1 AS one FROM "toys" WHERE "toys"."name" = $1 AND "toys"."toyable_type" = 'Cat' AND "toys"."toyable_id" = 8 LIMIT $2[0m  [["name", "Molten Man"], ["LIMIT", 1]]
  [1m[35mSQL (0.3ms)[0m  [1m[32mINSERT INTO "toys" ("name", "toyable_id", "toyable_type", "created_at", "updated_at") VALUES ($1, $2, $3, $4, $5) RETURNING "id"[0m  [["name", "Molten Man"], ["toyable_id", 8], ["toyable_type", "Cat"], ["created_at", "2020-01-20 03:58:08.638513"], ["updated_at", "2020-01-20 03:58:08.638513"]]
  [1m[35m (0.4ms)[0m  [1m[35mCOMMIT[0m
  [1m[35m (0.1ms)[0m  [1m[35mBEGIN[0m
  [1m[36mCat Load (0.1ms)[0m  [1m[34mSELECT  "cats".* FROM "cats" WHERE "cats"."id" = $1 LIMIT $2[0m  [["id", 3], ["LIMIT", 1]]
  [1m[36mToy Exists (0.3ms)[0m  [1m[34mSELECT  1 AS one FROM "toys" WHERE "toys"."name" = $1 AND "toys"."toyable_type" = 'Cat' AND "toys"."toyable_id" = 3 LIMIT $2[0m  [["name", "Red Dormammu"], ["LIMIT", 1]]
  [1m[35mSQL (0.3ms)[0m  [1m[32mINSERT INTO "toys" ("name", "toyable_id", "toyable_type", "created_at", "updated_at") VALUES ($1, $2, $3, $4, $5) RETURNING "id"[0m  [["name", "Red Dormammu"], ["toyable_id", 3], ["toyable_type", "Cat"], ["created_at", "2020-01-20 03:58:08.641965"], ["updated_at", "2020-01-20 03:58:08.641965"]]
  [1m[35m (0.3ms)[0m  [1m[35mCOMMIT[0m
  [1m[35m (0.1ms)[0m  [1m[35mBEGIN[0m
  [1m[36mCorgi Load (0.1ms)[0m  [1m[34mSELECT  "corgis".* FROM "corgis" WHERE "corgis"."id" = $1 LIMIT $2[0m  [["id", 6], ["LIMIT", 1]]
  [1m[36mToy Exists (0.3ms)[0m  [1m[34mSELECT  1 AS one FROM "toys" WHERE "toys"."name" = $1 AND "toys"."toyable_type" = 'Corgi' AND "toys"."toyable_id" = 6 LIMIT $2[0m  [["name", "Astro Boy"], ["LIMIT", 1]]
  [1m[35mSQL (0.3ms)[0m  [1m[32mINSERT INTO "toys" ("name", "toyable_id", "toyable_type", "created_at", "updated_at") VALUES ($1, $2, $3, $4, $5) RETURNING "id"[0m  [["name", "Astro Boy"], ["toyable_id", 6], ["toyable_type", "Corgi"], ["created_at", "2020-01-20 03:58:08.645239"], ["updated_at", "2020-01-20 03:58:08.645239"]]
  [1m[35m (0.4ms)[0m  [1m[35mCOMMIT[0m
  [1m[35m (0.1ms)[0m  [1m[35mBEGIN[0m
  [1m[36mCorgi Load (0.1ms)[0m  [1m[34mSELECT  "corgis".* FROM "corgis" WHERE "corgis"."id" = $1 LIMIT $2[0m  [["id", 1], ["LIMIT", 1]]
  [1m[36mToy Exists (0.3ms)[0m  [1m[34mSELECT  1 AS one FROM "toys" WHERE "toys"."name" = $1 AND "toys"."toyable_type" = 'Corgi' AND "toys"."toyable_id" = 1 LIMIT $2[0m  [["name", "Ronin IX"], ["LIMIT", 1]]
  [1m[35mSQL (0.3ms)[0m  [1m[32mINSERT INTO "toys" ("name", "toyable_id", "toyable_type", "created_at", "updated_at") VALUES ($1, $2, $3, $4, $5) RETURNING "id"[0m  [["name", "Ronin IX"], ["toyable_id", 1], ["toyable_type", "Corgi"], ["created_at", "2020-01-20 03:58:08.648650"], ["updated_at", "2020-01-20 03:58:08.648650"]]
  [1m[35m (0.6ms)[0m  [1m[35mCOMMIT[0m
  [1m[35m (0.1ms)[0m  [1m[35mBEGIN[0m
  [1m[36mCat Load (0.1ms)[0m  [1m[34mSELECT  "cats".* FROM "cats" WHERE "cats"."id" = $1 LIMIT $2[0m  [["id", 8], ["LIMIT", 1]]
  [1m[36mToy Exists (0.3ms)[0m  [1m[34mSELECT  1 AS one FROM "toys" WHERE "toys"."name" = $1 AND "toys"."toyable_type" = 'Cat' AND "toys"."toyable_id" = 8 LIMIT $2[0m  [["name", "Magnificent Winter Soldier Lord"], ["LIMIT", 1]]
  [1m[35mSQL (0.3ms)[0m  [1m[32mINSERT INTO "toys" ("name", "toyable_id", "toyable_type", "created_at", "updated_at") VALUES ($1, $2, $3, $4, $5) RETURNING "id"[0m  [["name", "Magnificent Winter Soldier Lord"], ["toyable_id", 8], ["toyable_type", "Cat"], ["created_at", "2020-01-20 03:58:08.652248"], ["updated_at", "2020-01-20 03:58:08.652248"]]
  [1m[35m (0.6ms)[0m  [1m[35mCOMMIT[0m
  [1m[35m (0.1ms)[0m  [1m[35mBEGIN[0m
  [1m[36mCat Load (0.1ms)[0m  [1m[34mSELECT  "cats".* FROM "cats" WHERE "cats"."id" = $1 LIMIT $2[0m  [["id", 3], ["LIMIT", 1]]
  [1m[36mToy Exists (0.3ms)[0m  [1m[34mSELECT  1 AS one FROM "toys" WHERE "toys"."name" = $1 AND "toys"."toyable_type" = 'Cat' AND "toys"."toyable_id" = 3 LIMIT $2[0m  [["name", "Mr Titan"], ["LIMIT", 1]]
  [1m[35mSQL (0.3ms)[0m  [1m[32mINSERT INTO "toys" ("name", "toyable_id", "toyable_type", "created_at", "updated_at") VALUES ($1, $2, $3, $4, $5) RETURNING "id"[0m  [["name", "Mr Titan"], ["toyable_id", 3], ["toyable_type", "Cat"], ["created_at", "2020-01-20 03:58:08.655827"], ["updated_at", "2020-01-20 03:58:08.655827"]]
  [1m[35m (0.5ms)[0m  [1m[35mCOMMIT[0m
  [1m[35m (0.1ms)[0m  [1m[35mBEGIN[0m
  [1m[36mCat Load (0.2ms)[0m  [1m[34mSELECT  "cats".* FROM "cats" WHERE "cats"."id" = $1 LIMIT $2[0m  [["id", 6], ["LIMIT", 1]]
  [1m[36mToy Exists (0.4ms)[0m  [1m[34mSELECT  1 AS one FROM "toys" WHERE "toys"."name" = $1 AND "toys"."toyable_type" = 'Cat' AND "toys"."toyable_id" = 6 LIMIT $2[0m  [["name", "Doctor Bishop"], ["LIMIT", 1]]
  [1m[35mSQL (0.3ms)[0m  [1m[32mINSERT INTO "toys" ("name", "toyable_id", "toyable_type", "created_at", "updated_at") VALUES ($1, $2, $3, $4, $5) RETURNING "id"[0m  [["name", "Doctor Bishop"], ["toyable_id", 6], ["toyable_type", "Cat"], ["created_at", "2020-01-20 03:58:08.660268"], ["updated_at", "2020-01-20 03:58:08.660268"]]
  [1m[35m (0.4ms)[0m  [1m[35mCOMMIT[0m
  [1m[35m (0.1ms)[0m  [1m[35mBEGIN[0m
  [1m[36mCat Load (0.2ms)[0m  [1m[34mSELECT  "cats".* FROM "cats" WHERE "cats"."id" = $1 LIMIT $2[0m  [["id", 6], ["LIMIT", 1]]
  [1m[36mToy Exists (0.4ms)[0m  [1m[34mSELECT  1 AS one FROM "toys" WHERE "toys"."name" = $1 AND "toys"."toyable_type" = 'Cat' AND "toys"."toyable_id" = 6 LIMIT $2[0m  [["name", "General Maxima Boy"], ["LIMIT", 1]]
  [1m[35mSQL (0.3ms)[0m  [1m[32mINSERT INTO "toys" ("name", "toyable_id", "toyable_type", "created_at", "updated_at") VALUES ($1, $2, $3, $4, $5) RETURNING "id"[0m  [["name", "General Maxima Boy"], ["toyable_id", 6], ["toyable_type", "Cat"], ["created_at", "2020-01-20 03:58:08.664369"], ["updated_at", "2020-01-20 03:58:08.664369"]]
  [1m[35m (0.5ms)[0m  [1m[35mCOMMIT[0m
  [1m[35m (0.1ms)[0m  [1m[35mBEGIN[0m
  [1m[36mCat Load (0.2ms)[0m  [1m[34mSELECT  "cats".* FROM "cats" WHERE "cats"."id" = $1 LIMIT $2[0m  [["id", 6], ["LIMIT", 1]]
  [1m[36mToy Exists (0.4ms)[0m  [1m[34mSELECT  1 AS one FROM "toys" WHERE "toys"."name" = $1 AND "toys"."toyable_type" = 'Cat' AND "toys"."toyable_id" = 6 LIMIT $2[0m  [["name", "Monarch"], ["LIMIT", 1]]
  [1m[35mSQL (0.3ms)[0m  [1m[32mINSERT INTO "toys" ("name", "toyable_id", "toyable_type", "created_at", "updated_at") VALUES ($1, $2, $3, $4, $5) RETURNING "id"[0m  [["name", "Monarch"], ["toyable_id", 6], ["toyable_type", "Cat"], ["created_at", "2020-01-20 03:58:08.668395"], ["updated_at", "2020-01-20 03:58:08.668395"]]
  [1m[35m (0.3ms)[0m  [1m[35mCOMMIT[0m
  [1m[35m (0.1ms)[0m  [1m[35mBEGIN[0m
  [1m[36mCat Load (0.2ms)[0m  [1m[34mSELECT  "cats".* FROM "cats" WHERE "cats"."id" = $1 LIMIT $2[0m  [["id", 11], ["LIMIT", 1]]
  [1m[36mToy Exists (0.3ms)[0m  [1m[34mSELECT  1 AS one FROM "toys" WHERE "toys"."name" = $1 AND "toys"."toyable_id" IS NULL LIMIT $2[0m  [["name", "Feral X"], ["LIMIT", 1]]
  [1m[35m (0.1ms)[0m  [1m[31mROLLBACK[0m
  [1m[35m (0.1ms)[0m  [1m[35mBEGIN[0m
  [1m[36mCorgi Load (0.3ms)[0m  [1m[34mSELECT  "corgis".* FROM "corgis" WHERE "corgis"."id" = $1 LIMIT $2[0m  [["id", 2], ["LIMIT", 1]]
  [1m[36mToy Exists (0.3ms)[0m  [1m[34mSELECT  1 AS one FROM "toys" WHERE "toys"."name" = $1 AND "toys"."toyable_type" = 'Corgi' AND "toys"."toyable_id" = 2 LIMIT $2[0m  [["name", "Titan Boy"], ["LIMIT", 1]]
  [1m[35mSQL (0.3ms)[0m  [1m[32mINSERT INTO "toys" ("name", "toyable_id", "toyable_type", "created_at", "updated_at") VALUES ($1, $2, $3, $4, $5) RETURNING "id"[0m  [["name", "Titan Boy"], ["toyable_id", 2], ["toyable_type", "Corgi"], ["created_at", "2020-01-20 03:58:08.674530"], ["updated_at", "2020-01-20 03:58:08.674530"]]
  [1m[35m (0.4ms)[0m  [1m[35mCOMMIT[0m
  [1m[35m (0.1ms)[0m  [1m[35mBEGIN[0m
  [1m[36mCat Load (0.1ms)[0m  [1m[34mSELECT  "cats".* FROM "cats" WHERE "cats"."id" = $1 LIMIT $2[0m  [["id", 10], ["LIMIT", 1]]
  [1m[36mToy Exists (0.3ms)[0m  [1m[34mSELECT  1 AS one FROM "toys" WHERE "toys"."name" = $1 AND "toys"."toyable_type" = 'Cat' AND "toys"."toyable_id" = 10 LIMIT $2[0m  [["name", "Illustrious Tiger Shark"], ["LIMIT", 1]]
  [1m[35mSQL (0.3ms)[0m  [1m[32mINSERT INTO "toys" ("name", "toyable_id", "toyable_type", "created_at", "updated_at") VALUES ($1, $2, $3, $4, $5) RETURNING "id"[0m  [["name", "Illustrious Tiger Shark"], ["toyable_id", 10], ["toyable_type", "Cat"], ["created_at", "2020-01-20 03:58:08.677988"], ["updated_at", "2020-01-20 03:58:08.677988"]]
  [1m[35m (0.4ms)[0m  [1m[35mCOMMIT[0m
  [1m[35m (0.1ms)[0m  [1m[35mBEGIN[0m
  [1m[36mCorgi Load (0.1ms)[0m  [1m[34mSELECT  "corgis".* FROM "corgis" WHERE "corgis"."id" = $1 LIMIT $2[0m  [["id", 3], ["LIMIT", 1]]
  [1m[36mToy Exists (0.3ms)[0m  [1m[34mSELECT  1 AS one FROM "toys" WHERE "toys"."name" = $1 AND "toys"."toyable_type" = 'Corgi' AND "toys"."toyable_id" = 3 LIMIT $2[0m  [["name", "Rick Flag"], ["LIMIT", 1]]
  [1m[35mSQL (0.3ms)[0m  [1m[32mINSERT INTO "toys" ("name", "toyable_id", "toyable_type", "created_at", "updated_at") VALUES ($1, $2, $3, $4, $5) RETURNING "id"[0m  [["name", "Rick Flag"], ["toyable_id", 3], ["toyable_type", "Corgi"], ["created_at", "2020-01-20 03:58:08.681495"], ["updated_at", "2020-01-20 03:58:08.681495"]]
  [1m[35m (0.5ms)[0m  [1m[35mCOMMIT[0m
  [1m[36mCat Load (0.3ms)[0m  [1m[34mSELECT  "cats".* FROM "cats" LIMIT $1[0m  [["LIMIT", 11]]
  [1m[36mCat Load (0.8ms)[0m  [1m[34mSELECT  "cats".* FROM "cats" ORDER BY "cats"."id" ASC LIMIT $1[0m  [["LIMIT", 1]]
  [1m[36mToy Load (0.6ms)[0m  [1m[34mSELECT  "toys".* FROM "toys" WHERE "toys"."toyable_id" = $1 AND "toys"."toyable_type" = $2 LIMIT $3[0m  [["toyable_id", 1], ["toyable_type", "Cat"], ["LIMIT", 11]]
  [1m[36mCat Load (0.6ms)[0m  [1m[34mSELECT "cats".* FROM "cats"[0m
  [1m[36mCat Load (0.3ms)[0m  [1m[34mSELECT  "cats".* FROM "cats" ORDER BY "cats"."id" ASC LIMIT $1[0m  [["LIMIT", 1]]
  [1m[36mToy Load (1.0ms)[0m  [1m[34mSELECT "toys".* FROM "toys" WHERE "toys"."toyable_id" = $1 AND "toys"."toyable_type" = $2[0m  [["toyable_id", 1], ["toyable_type", "Cat"]]
  [1m[36mCat Load (0.4ms)[0m  [1m[34mSELECT  "cats".* FROM "cats" ORDER BY "cats"."id" DESC LIMIT $1[0m  [["LIMIT", 1]]
  [1m[36mToy Load (0.4ms)[0m  [1m[34mSELECT "toys".* FROM "toys" WHERE "toys"."toyable_id" = $1 AND "toys"."toyable_type" = $2[0m  [["toyable_id", 10], ["toyable_type", "Cat"]]
  [1m[36mToy Load (0.5ms)[0m  [1m[34mSELECT "toys".* FROM "toys"[0m
  [1m[36mCat Load (0.4ms)[0m  [1m[34mSELECT  "cats".* FROM "cats" ORDER BY "cats"."id" ASC LIMIT $1[0m  [["LIMIT", 1]]
  [1m[36mToy Load (0.5ms)[0m  [1m[34mSELECT "toys".* FROM "toys" WHERE "toys"."toyable_id" = $1 AND "toys"."toyable_type" = $2[0m  [["toyable_id", 1], ["toyable_type", "Cat"]]
  [1m[36mCorgi Load (0.4ms)[0m  [1m[34mSELECT  "corgis".* FROM "corgis" ORDER BY "corgis"."id" ASC LIMIT $1[0m  [["LIMIT", 1]]
  [1m[36mToy Load (0.3ms)[0m  [1m[34mSELECT "toys".* FROM "toys" WHERE "toys"."toyable_id" = $1 AND "toys"."toyable_type" = $2[0m  [["toyable_id", 1], ["toyable_type", "Corgi"]]
  [1m[36mToy Load (0.7ms)[0m  [1m[34mSELECT  "toys".* FROM "toys" ORDER BY "toys"."id" ASC LIMIT $1[0m  [["LIMIT", 1]]
  [1m[36mCorgi Load (0.4ms)[0m  [1m[34mSELECT  "corgis".* FROM "corgis" ORDER BY "corgis"."id" ASC LIMIT $1[0m  [["LIMIT", 1]]
  [1m[36mToy Load (0.5ms)[0m  [1m[34mSELECT  "toys".* FROM "toys" WHERE "toys"."name" = $1 LIMIT $2[0m  [["name", "Bone"], ["LIMIT", 1]]
  [1m[35m (0.1ms)[0m  [1m[35mBEGIN[0m
  [1m[36mToy Exists (0.5ms)[0m  [1m[34mSELECT  1 AS one FROM "toys" WHERE "toys"."name" = $1 AND "toys"."toyable_id" IS NULL LIMIT $2[0m  [["name", "Bone"], ["LIMIT", 1]]
  [1m[35m (0.3ms)[0m  [1m[31mROLLBACK[0m
  [1m[35m (0.2ms)[0m  [1m[35mBEGIN[0m
  [1m[36mCorgi Load (0.3ms)[0m  [1m[34mSELECT  "corgis".* FROM "corgis" WHERE "corgis"."id" = $1 LIMIT $2[0m  [["id", 1], ["LIMIT", 1]]
  [1m[36mToy Exists (0.4ms)[0m  [1m[34mSELECT  1 AS one FROM "toys" WHERE "toys"."name" = $1 AND "toys"."toyable_type" = 'Corgi' AND "toys"."toyable_id" = 1 LIMIT $2[0m  [["name", "Bone"], ["LIMIT", 1]]
  [1m[35mSQL (0.6ms)[0m  [1m[32mINSERT INTO "toys" ("name", "toyable_id", "toyable_type", "created_at", "updated_at") VALUES ($1, $2, $3, $4, $5) RETURNING "id"[0m  [["name", "Bone"], ["toyable_id", 1], ["toyable_type", "Corgi"], ["created_at", "2020-01-20 04:16:04.180355"], ["updated_at", "2020-01-20 04:16:04.180355"]]
  [1m[35m (2.0ms)[0m  [1m[35mCOMMIT[0m
  [1m[36mCorgi Load (0.5ms)[0m  [1m[34mSELECT  "corgis".* FROM "corgis" ORDER BY "corgis"."id" ASC LIMIT $1[0m  [["LIMIT", 1]]
  [1m[36mToy Load (0.3ms)[0m  [1m[34mSELECT "toys".* FROM "toys" WHERE "toys"."toyable_id" = $1 AND "toys"."toyable_type" = $2[0m  [["toyable_id", 1], ["toyable_type", "Corgi"]]
  [1m[36mCat Load (0.4ms)[0m  [1m[34mSELECT  "cats".* FROM "cats" ORDER BY "cats"."id" ASC LIMIT $1[0m  [["LIMIT", 1]]
  [1m[36mToy Load (0.7ms)[0m  [1m[34mSELECT  "toys".* FROM "toys" WHERE "toys"."name" = $1 LIMIT $2[0m  [["name", "Ronin IX"], ["LIMIT", 1]]
  [1m[35m (0.2ms)[0m  [1m[35mBEGIN[0m
  [1m[36mCat Load (0.3ms)[0m  [1m[34mSELECT  "cats".* FROM "cats" WHERE "cats"."id" = $1 LIMIT $2[0m  [["id", 1], ["LIMIT", 1]]
  [1m[36mToy Exists (0.6ms)[0m  [1m[34mSELECT  1 AS one FROM "toys" WHERE "toys"."name" = $1 AND ("toys"."id" != $2) AND "toys"."toyable_type" = 'Cat' AND "toys"."toyable_id" = 1 LIMIT $3[0m  [["name", "Ronin IX"], ["id", 30], ["LIMIT", 1]]
  [1m[35mSQL (0.7ms)[0m  [1m[33mUPDATE "toys" SET "toyable_type" = $1, "updated_at" = $2 WHERE "toys"."id" = $3[0m  [["toyable_type", "Cat"], ["updated_at", "2020-01-20 04:17:17.931133"], ["id", 30]]
  [1m[35m (0.6ms)[0m  [1m[35mCOMMIT[0m
  [1m[36mCat Load (0.4ms)[0m  [1m[34mSELECT  "cats".* FROM "cats" ORDER BY "cats"."id" ASC LIMIT $1[0m  [["LIMIT", 1]]
  [1m[36mToy Load (0.4ms)[0m  [1m[34mSELECT "toys".* FROM "toys" WHERE "toys"."toyable_id" = $1 AND "toys"."toyable_type" = $2[0m  [["toyable_id", 1], ["toyable_type", "Cat"]]
