  [1m[35mSQL (1.7ms)[0m  [1m[35mCREATE EXTENSION IF NOT EXISTS "plpgsql"[0m
  [1m[35m (1.6ms)[0m  [1m[35mDROP TABLE IF EXISTS "gifts" CASCADE[0m
  [1m[35m (17.5ms)[0m  [1m[35mCREATE TABLE "gifts" ("id" bigserial primary key, "title" character varying NOT NULL, "description" character varying NOT NULL, "guest_id" integer NOT NULL, "created_at" timestamp NOT NULL, "updated_at" timestamp NOT NULL)[0m
  [1m[35m (1.5ms)[0m  [1m[35mCREATE  INDEX  "index_gifts_on_guest_id" ON "gifts"  ("guest_id")[0m
  [1m[35m (0.2ms)[0m  [1m[35mDROP TABLE IF EXISTS "guests" CASCADE[0m
  [1m[35m (6.4ms)[0m  [1m[35mCREATE TABLE "guests" ("id" bigserial primary key, "name" character varying NOT NULL, "age" integer NOT NULL, "favorite_color" character varying NOT NULL, "created_at" timestamp NOT NULL, "updated_at" timestamp NOT NULL)[0m
  [1m[35m (0.3ms)[0m  [1m[35mDROP TABLE IF EXISTS "invitations" CASCADE[0m
  [1m[35m (5.4ms)[0m  [1m[35mCREATE TABLE "invitations" ("id" bigserial primary key, "guest_id" integer, "party_id" integer, "created_at" timestamp NOT NULL, "updated_at" timestamp NOT NULL)[0m
  [1m[35m (1.8ms)[0m  [1m[35mCREATE  INDEX  "index_invitations_on_guest_id" ON "invitations"  ("guest_id")[0m
  [1m[35m (1.8ms)[0m  [1m[35mCREATE  INDEX  "index_invitations_on_party_id" ON "invitations"  ("party_id")[0m
  [1m[35m (0.3ms)[0m  [1m[35mDROP TABLE IF EXISTS "parties" CASCADE[0m
  [1m[35m (5.7ms)[0m  [1m[35mCREATE TABLE "parties" ("id" bigserial primary key, "name" character varying NOT NULL, "location" character varying NOT NULL, "created_at" timestamp NOT NULL, "updated_at" timestamp NOT NULL)[0m
  [1m[35m (3.6ms)[0m  [1m[35mCREATE TABLE "schema_migrations" ("version" character varying NOT NULL PRIMARY KEY)[0m
  [1m[35m (1.2ms)[0m  [1m[34mSELECT "schema_migrations"."version" FROM "schema_migrations" ORDER BY "schema_migrations"."version" ASC[0m
  [1m[35m (1.0ms)[0m  [1m[32mINSERT INTO "schema_migrations" (version) VALUES (20170714204346)[0m
  [1m[35m (0.7ms)[0m  [1m[32mINSERT INTO "schema_migrations" (version) VALUES
(20170714204119),
(20170714204225),
(20170714204315);

[0m
  [1m[35m (5.8ms)[0m  [1m[35mCREATE TABLE "ar_internal_metadata" ("key" character varying NOT NULL PRIMARY KEY, "value" character varying, "created_at" timestamp NOT NULL, "updated_at" timestamp NOT NULL)[0m
  [1m[36mActiveRecord::InternalMetadata Load (0.4ms)[0m  [1m[34mSELECT  "ar_internal_metadata".* FROM "ar_internal_metadata" WHERE "ar_internal_metadata"."key" = $1 LIMIT $2[0m  [["key", "environment"], ["LIMIT", 1]]
  [1m[35m (0.2ms)[0m  [1m[35mBEGIN[0m
  [1m[35mSQL (1.0ms)[0m  [1m[32mINSERT INTO "ar_internal_metadata" ("key", "value", "created_at", "updated_at") VALUES ($1, $2, $3, $4) RETURNING "key"[0m  [["key", "environment"], ["value", "development"], ["created_at", "2020-06-08 00:39:15.275022"], ["updated_at", "2020-06-08 00:39:15.275022"]]
  [1m[35m (0.4ms)[0m  [1m[35mCOMMIT[0m
  [1m[36mActiveRecord::InternalMetadata Load (0.3ms)[0m  [1m[34mSELECT  "ar_internal_metadata".* FROM "ar_internal_metadata" WHERE "ar_internal_metadata"."key" = $1 LIMIT $2[0m  [["key", "environment"], ["LIMIT", 1]]
  [1m[35m (0.1ms)[0m  [1m[35mBEGIN[0m
  [1m[35m (0.1ms)[0m  [1m[35mCOMMIT[0m
  [1m[35mSQL (0.3ms)[0m  [1m[35mCREATE EXTENSION IF NOT EXISTS "plpgsql"[0m
  [1m[35m (0.2ms)[0m  [1m[35mDROP TABLE IF EXISTS "gifts" CASCADE[0m
  [1m[35m (7.6ms)[0m  [1m[35mCREATE TABLE "gifts" ("id" bigserial primary key, "title" character varying NOT NULL, "description" character varying NOT NULL, "guest_id" integer NOT NULL, "created_at" timestamp NOT NULL, "updated_at" timestamp NOT NULL)[0m
  [1m[35m (1.6ms)[0m  [1m[35mCREATE  INDEX  "index_gifts_on_guest_id" ON "gifts"  ("guest_id")[0m
  [1m[35m (0.2ms)[0m  [1m[35mDROP TABLE IF EXISTS "guests" CASCADE[0m
  [1m[35m (5.3ms)[0m  [1m[35mCREATE TABLE "guests" ("id" bigserial primary key, "name" character varying NOT NULL, "age" integer NOT NULL, "favorite_color" character varying NOT NULL, "created_at" timestamp NOT NULL, "updated_at" timestamp NOT NULL)[0m
  [1m[35m (2.0ms)[0m  [1m[35mDROP TABLE IF EXISTS "invitations" CASCADE[0m
  [1m[35m (3.3ms)[0m  [1m[35mCREATE TABLE "invitations" ("id" bigserial primary key, "guest_id" integer, "party_id" integer, "created_at" timestamp NOT NULL, "updated_at" timestamp NOT NULL)[0m
  [1m[35m (1.4ms)[0m  [1m[35mCREATE  INDEX  "index_invitations_on_guest_id" ON "invitations"  ("guest_id")[0m
  [1m[35m (1.3ms)[0m  [1m[35mCREATE  INDEX  "index_invitations_on_party_id" ON "invitations"  ("party_id")[0m
  [1m[35m (0.2ms)[0m  [1m[35mDROP TABLE IF EXISTS "parties" CASCADE[0m
  [1m[35m (5.6ms)[0m  [1m[35mCREATE TABLE "parties" ("id" bigserial primary key, "name" character varying NOT NULL, "location" character varying NOT NULL, "created_at" timestamp NOT NULL, "updated_at" timestamp NOT NULL)[0m
  [1m[35m (5.2ms)[0m  [1m[35mCREATE TABLE "schema_migrations" ("version" character varying NOT NULL PRIMARY KEY)[0m
  [1m[35m (0.9ms)[0m  [1m[34mSELECT "schema_migrations"."version" FROM "schema_migrations" ORDER BY "schema_migrations"."version" ASC[0m
  [1m[35m (0.7ms)[0m  [1m[32mINSERT INTO "schema_migrations" (version) VALUES (20170714204346)[0m
  [1m[35m (0.8ms)[0m  [1m[32mINSERT INTO "schema_migrations" (version) VALUES
(20170714204119),
(20170714204225),
(20170714204315);

[0m
  [1m[35m (4.6ms)[0m  [1m[35mCREATE TABLE "ar_internal_metadata" ("key" character varying NOT NULL PRIMARY KEY, "value" character varying, "created_at" timestamp NOT NULL, "updated_at" timestamp NOT NULL)[0m
  [1m[36mActiveRecord::InternalMetadata Load (0.7ms)[0m  [1m[34mSELECT  "ar_internal_metadata".* FROM "ar_internal_metadata" WHERE "ar_internal_metadata"."key" = $1 LIMIT $2[0m  [["key", "environment"], ["LIMIT", 1]]
  [1m[35m (0.2ms)[0m  [1m[35mBEGIN[0m
  [1m[35mSQL (1.2ms)[0m  [1m[32mINSERT INTO "ar_internal_metadata" ("key", "value", "created_at", "updated_at") VALUES ($1, $2, $3, $4) RETURNING "key"[0m  [["key", "environment"], ["value", "development"], ["created_at", "2020-06-08 00:39:15.369905"], ["updated_at", "2020-06-08 00:39:15.369905"]]
  [1m[35m (0.4ms)[0m  [1m[35mCOMMIT[0m
  [1m[36mActiveRecord::InternalMetadata Load (0.3ms)[0m  [1m[34mSELECT  "ar_internal_metadata".* FROM "ar_internal_metadata" WHERE "ar_internal_metadata"."key" = $1 LIMIT $2[0m  [["key", "environment"], ["LIMIT", 1]]
  [1m[35m (0.1ms)[0m  [1m[35mBEGIN[0m
  [1m[35mSQL (0.4ms)[0m  [1m[33mUPDATE "ar_internal_metadata" SET "value" = $1, "updated_at" = $2 WHERE "ar_internal_metadata"."key" = $3[0m  [["value", "test"], ["updated_at", "2020-06-08 00:39:15.375534"], ["key", "environment"]]
  [1m[35m (0.3ms)[0m  [1m[35mCOMMIT[0m
  [1m[35m (2.4ms)[0m  [1m[34mSELECT "schema_migrations"."version" FROM "schema_migrations" ORDER BY "schema_migrations"."version" ASC[0m
  [1m[35m (0.2ms)[0m  [1m[35mBEGIN[0m
  [1m[35mSQL (0.8ms)[0m  [1m[32mINSERT INTO "guests" ("name", "age", "favorite_color", "created_at", "updated_at") VALUES ($1, $2, $3, $4, $5) RETURNING "id"[0m  [["name", "John Smith"], ["age", 45], ["favorite_color", "Blue"], ["created_at", "2020-06-08 00:39:15.431007"], ["updated_at", "2020-06-08 00:39:15.431007"]]
  [1m[35m (0.5ms)[0m  [1m[35mCOMMIT[0m
  [1m[35m (0.1ms)[0m  [1m[35mBEGIN[0m
  [1m[35mSQL (0.3ms)[0m  [1m[32mINSERT INTO "guests" ("name", "age", "favorite_color", "created_at", "updated_at") VALUES ($1, $2, $3, $4, $5) RETURNING "id"[0m  [["name", "Jane Doe"], ["age", 47], ["favorite_color", "Green"], ["created_at", "2020-06-08 00:39:15.434000"], ["updated_at", "2020-06-08 00:39:15.434000"]]
  [1m[35m (0.4ms)[0m  [1m[35mCOMMIT[0m
  [1m[35m (0.1ms)[0m  [1m[35mBEGIN[0m
  [1m[35mSQL (0.3ms)[0m  [1m[32mINSERT INTO "guests" ("name", "age", "favorite_color", "created_at", "updated_at") VALUES ($1, $2, $3, $4, $5) RETURNING "id"[0m  [["name", "Josh Brown"], ["age", 22], ["favorite_color", "Brown"], ["created_at", "2020-06-08 00:39:15.436009"], ["updated_at", "2020-06-08 00:39:15.436009"]]
  [1m[35m (0.4ms)[0m  [1m[35mCOMMIT[0m
  [1m[35m (0.1ms)[0m  [1m[35mBEGIN[0m
  [1m[35mSQL (0.4ms)[0m  [1m[32mINSERT INTO "guests" ("name", "age", "favorite_color", "created_at", "updated_at") VALUES ($1, $2, $3, $4, $5) RETURNING "id"[0m  [["name", "Helen White"], ["age", 25], ["favorite_color", "White"], ["created_at", "2020-06-08 00:39:15.438017"], ["updated_at", "2020-06-08 00:39:15.438017"]]
  [1m[35m (0.4ms)[0m  [1m[35mCOMMIT[0m
  [1m[35m (0.1ms)[0m  [1m[35mBEGIN[0m
  [1m[35mSQL (0.4ms)[0m  [1m[32mINSERT INTO "guests" ("name", "age", "favorite_color", "created_at", "updated_at") VALUES ($1, $2, $3, $4, $5) RETURNING "id"[0m  [["name", "Job Bluth"], ["age", 41], ["favorite_color", "Red"], ["created_at", "2020-06-08 00:39:15.440078"], ["updated_at", "2020-06-08 00:39:15.440078"]]
  [1m[35m (0.4ms)[0m  [1m[35mCOMMIT[0m
  [1m[35m (0.2ms)[0m  [1m[35mBEGIN[0m
  [1m[35mSQL (0.7ms)[0m  [1m[32mINSERT INTO "gifts" ("title", "description", "guest_id", "created_at", "updated_at") VALUES ($1, $2, $3, $4, $5) RETURNING "id"[0m  [["title", "A Bottle of Wine"], ["description", "This one is not so great."], ["guest_id", 1], ["created_at", "2020-06-08 00:39:15.468528"], ["updated_at", "2020-06-08 00:39:15.468528"]]
  [1m[35m (0.5ms)[0m  [1m[35mCOMMIT[0m
  [1m[35m (0.1ms)[0m  [1m[35mBEGIN[0m
  [1m[35mSQL (0.3ms)[0m  [1m[32mINSERT INTO "gifts" ("title", "description", "guest_id", "created_at", "updated_at") VALUES ($1, $2, $3, $4, $5) RETURNING "id"[0m  [["title", "Another Bottle of Wine"], ["description", "This one is not so bad."], ["guest_id", 1], ["created_at", "2020-06-08 00:39:15.471563"], ["updated_at", "2020-06-08 00:39:15.471563"]]
  [1m[35m (0.3ms)[0m  [1m[35mCOMMIT[0m
  [1m[35m (0.1ms)[0m  [1m[35mBEGIN[0m
  [1m[35mSQL (0.3ms)[0m  [1m[32mINSERT INTO "gifts" ("title", "description", "guest_id", "created_at", "updated_at") VALUES ($1, $2, $3, $4, $5) RETURNING "id"[0m  [["title", "The Hunger Games"], ["description", "A bit dark for a gift, but it's good."], ["guest_id", 2], ["created_at", "2020-06-08 00:39:15.473415"], ["updated_at", "2020-06-08 00:39:15.473415"]]
  [1m[35m (0.4ms)[0m  [1m[35mCOMMIT[0m
  [1m[35m (0.1ms)[0m  [1m[35mBEGIN[0m
  [1m[35mSQL (0.3ms)[0m  [1m[32mINSERT INTO "gifts" ("title", "description", "guest_id", "created_at", "updated_at") VALUES ($1, $2, $3, $4, $5) RETURNING "id"[0m  [["title", "Baseball Glove"], ["description", "Feel like a kid again!"], ["guest_id", 3], ["created_at", "2020-06-08 00:39:15.475342"], ["updated_at", "2020-06-08 00:39:15.475342"]]
  [1m[35m (0.4ms)[0m  [1m[35mCOMMIT[0m
  [1m[35m (0.1ms)[0m  [1m[35mBEGIN[0m
  [1m[35mSQL (0.3ms)[0m  [1m[32mINSERT INTO "gifts" ("title", "description", "guest_id", "created_at", "updated_at") VALUES ($1, $2, $3, $4, $5) RETURNING "id"[0m  [["title", "Basketball Tickets"], ["description", "The team's going 82-0 this year."], ["guest_id", 3], ["created_at", "2020-06-08 00:39:15.477214"], ["updated_at", "2020-06-08 00:39:15.477214"]]
  [1m[35m (0.4ms)[0m  [1m[35mCOMMIT[0m
  [1m[35m (0.1ms)[0m  [1m[35mBEGIN[0m
  [1m[35mSQL (0.3ms)[0m  [1m[32mINSERT INTO "gifts" ("title", "description", "guest_id", "created_at", "updated_at") VALUES ($1, $2, $3, $4, $5) RETURNING "id"[0m  [["title", "Hawaiian Getaway"], ["description", "Helen has the best gifts."], ["guest_id", 4], ["created_at", "2020-06-08 00:39:15.479218"], ["updated_at", "2020-06-08 00:39:15.479218"]]
  [1m[35m (0.4ms)[0m  [1m[35mCOMMIT[0m
  [1m[35m (0.1ms)[0m  [1m[35mBEGIN[0m
  [1m[35mSQL (0.5ms)[0m  [1m[32mINSERT INTO "parties" ("name", "location", "created_at", "updated_at") VALUES ($1, $2, $3, $4) RETURNING "id"[0m  [["name", "Secret Santa Extravaganza"], ["location", "Portland"], ["created_at", "2020-06-08 00:39:15.492068"], ["updated_at", "2020-06-08 00:39:15.492068"]]
  [1m[35m (0.4ms)[0m  [1m[35mCOMMIT[0m
  [1m[35m (0.1ms)[0m  [1m[35mBEGIN[0m
  [1m[35mSQL (0.3ms)[0m  [1m[32mINSERT INTO "parties" ("name", "location", "created_at", "updated_at") VALUES ($1, $2, $3, $4) RETURNING "id"[0m  [["name", "Charles' Christmas Party"], ["location", "San Francisco"], ["created_at", "2020-06-08 00:39:15.494217"], ["updated_at", "2020-06-08 00:39:15.494217"]]
  [1m[35m (0.4ms)[0m  [1m[35mCOMMIT[0m
  [1m[35m (0.1ms)[0m  [1m[35mBEGIN[0m
  [1m[35mSQL (0.7ms)[0m  [1m[32mINSERT INTO "invitations" ("guest_id", "party_id", "created_at", "updated_at") VALUES ($1, $2, $3, $4) RETURNING "id"[0m  [["guest_id", 1], ["party_id", 1], ["created_at", "2020-06-08 00:39:15.507085"], ["updated_at", "2020-06-08 00:39:15.507085"]]
  [1m[35m (0.3ms)[0m  [1m[35mCOMMIT[0m
  [1m[35m (0.1ms)[0m  [1m[35mBEGIN[0m
  [1m[35mSQL (0.3ms)[0m  [1m[32mINSERT INTO "invitations" ("guest_id", "party_id", "created_at", "updated_at") VALUES ($1, $2, $3, $4) RETURNING "id"[0m  [["guest_id", 2], ["party_id", 1], ["created_at", "2020-06-08 00:39:15.509507"], ["updated_at", "2020-06-08 00:39:15.509507"]]
  [1m[35m (0.4ms)[0m  [1m[35mCOMMIT[0m
  [1m[35m (0.1ms)[0m  [1m[35mBEGIN[0m
  [1m[35mSQL (0.3ms)[0m  [1m[32mINSERT INTO "invitations" ("guest_id", "party_id", "created_at", "updated_at") VALUES ($1, $2, $3, $4) RETURNING "id"[0m  [["guest_id", 3], ["party_id", 1], ["created_at", "2020-06-08 00:39:15.511398"], ["updated_at", "2020-06-08 00:39:15.511398"]]
  [1m[35m (0.4ms)[0m  [1m[35mCOMMIT[0m
  [1m[35m (0.1ms)[0m  [1m[35mBEGIN[0m
  [1m[35mSQL (0.3ms)[0m  [1m[32mINSERT INTO "invitations" ("guest_id", "party_id", "created_at", "updated_at") VALUES ($1, $2, $3, $4) RETURNING "id"[0m  [["guest_id", 4], ["party_id", 1], ["created_at", "2020-06-08 00:39:15.513139"], ["updated_at", "2020-06-08 00:39:15.513139"]]
  [1m[35m (0.4ms)[0m  [1m[35mCOMMIT[0m
  [1m[35m (0.1ms)[0m  [1m[35mBEGIN[0m
  [1m[35mSQL (0.3ms)[0m  [1m[32mINSERT INTO "invitations" ("guest_id", "party_id", "created_at", "updated_at") VALUES ($1, $2, $3, $4) RETURNING "id"[0m  [["guest_id", 5], ["party_id", 1], ["created_at", "2020-06-08 00:39:15.514873"], ["updated_at", "2020-06-08 00:39:15.514873"]]
  [1m[35m (0.3ms)[0m  [1m[35mCOMMIT[0m
  [1m[35m (0.1ms)[0m  [1m[35mBEGIN[0m
  [1m[35mSQL (0.2ms)[0m  [1m[32mINSERT INTO "invitations" ("guest_id", "party_id", "created_at", "updated_at") VALUES ($1, $2, $3, $4) RETURNING "id"[0m  [["guest_id", 3], ["party_id", 2], ["created_at", "2020-06-08 00:39:15.516531"], ["updated_at", "2020-06-08 00:39:15.516531"]]
  [1m[35m (0.6ms)[0m  [1m[35mCOMMIT[0m
  [1m[35m (0.1ms)[0m  [1m[35mBEGIN[0m
  [1m[35mSQL (0.2ms)[0m  [1m[32mINSERT INTO "invitations" ("guest_id", "party_id", "created_at", "updated_at") VALUES ($1, $2, $3, $4) RETURNING "id"[0m  [["guest_id", 4], ["party_id", 2], ["created_at", "2020-06-08 00:39:15.518344"], ["updated_at", "2020-06-08 00:39:15.518344"]]
  [1m[35m (0.4ms)[0m  [1m[35mCOMMIT[0m
Started GET "/" for ::1 at 2020-06-07 21:10:46 -0400
  [1m[35m (3.4ms)[0m  [1m[34mSELECT "schema_migrations"."version" FROM "schema_migrations" ORDER BY "schema_migrations"."version" ASC[0m
Processing by Rails::WelcomeController#index as HTML
  Rendering /Users/techreset/.rbenv/versions/2.5.1/lib/ruby/gems/2.5.0/gems/railties-5.1.7/lib/rails/templates/rails/welcome/index.html.erb
  Rendered /Users/techreset/.rbenv/versions/2.5.1/lib/ruby/gems/2.5.0/gems/railties-5.1.7/lib/rails/templates/rails/welcome/index.html.erb (10.9ms)
Completed 200 OK in 55ms (Views: 38.9ms | ActiveRecord: 0.0ms)


Started GET "/api/guests/1" for ::1 at 2020-06-07 21:10:58 -0400
Processing by Api::GuestsController#show as JSON
  Parameters: {"id"=>"1"}
  [1m[36mGuest Load (1.5ms)[0m  [1m[34mSELECT  "guests".* FROM "guests" WHERE "guests"."id" = $1 LIMIT $2[0m  [["id", 1], ["LIMIT", 1]]
  Rendering api/guests/show.json.jbuilder
  Rendered api/guests/show.json.jbuilder (0.6ms)
Completed 200 OK in 84ms (Views: 9.9ms | ActiveRecord: 27.8ms)


Started GET "/api/guests/1" for ::1 at 2020-06-07 21:11:30 -0400
Processing by Api::GuestsController#show as JSON
  Parameters: {"id"=>"1"}
  [1m[36mGuest Load (0.6ms)[0m  [1m[34mSELECT  "guests".* FROM "guests" WHERE "guests"."id" = $1 LIMIT $2[0m  [["id", 1], ["LIMIT", 1]]
  Rendering api/guests/show.json.jbuilder
  Rendered api/guests/show.json.jbuilder (0.3ms)
Completed 200 OK in 13ms (Views: 9.8ms | ActiveRecord: 0.6ms)


Started GET "/api/guests/1" for ::1 at 2020-06-07 21:11:45 -0400
Processing by Api::GuestsController#show as JSON
  Parameters: {"id"=>"1"}
  [1m[36mGuest Load (1.0ms)[0m  [1m[34mSELECT  "guests".* FROM "guests" WHERE "guests"."id" = $1 LIMIT $2[0m  [["id", 1], ["LIMIT", 1]]
  Rendering api/guests/show.json.jbuilder
  Rendered api/guests/show.json.jbuilder (0.7ms)
Completed 200 OK in 14ms (Views: 10.5ms | ActiveRecord: 1.0ms)


Started GET "/api/guests/1" for ::1 at 2020-06-07 21:11:50 -0400
Processing by Api::GuestsController#show as JSON
  Parameters: {"id"=>"1"}
  [1m[36mGuest Load (0.4ms)[0m  [1m[34mSELECT  "guests".* FROM "guests" WHERE "guests"."id" = $1 LIMIT $2[0m  [["id", 1], ["LIMIT", 1]]
  Rendering api/guests/show.json.jbuilder
  Rendered api/guests/show.json.jbuilder (16.8ms)
Completed 500 Internal Server Error in 27ms (ActiveRecord: 0.4ms)



ActionView::Template::Error - undefined method `fares' for #<Guest:0x00007fa0ad87bc98>:
  app/views/api/guests/show.json.jbuilder:1:in `view template'
  app/controllers/api/guests_controller.rb:9:in `show'

Started POST "/__better_errors/10d1103a7a025f14/variables" for ::1 at 2020-06-07 21:11:50 -0400
Started GET "/api/guests/1" for ::1 at 2020-06-07 21:11:55 -0400
Processing by Api::GuestsController#show as JSON
  Parameters: {"id"=>"1"}
  [1m[36mGuest Load (0.4ms)[0m  [1m[34mSELECT  "guests".* FROM "guests" WHERE "guests"."id" = $1 LIMIT $2[0m  [["id", 1], ["LIMIT", 1]]
  Rendering api/guests/show.json.jbuilder
  Rendered api/guests/show.json.jbuilder (0.9ms)
Completed 200 OK in 15ms (Views: 13.0ms | ActiveRecord: 0.4ms)


Started GET "/api/guests/" for ::1 at 2020-06-07 21:22:28 -0400
Processing by Api::GuestsController#index as JSON
  Rendering api/guests/index.json.jbuilder
  [1m[36mGuest Load (0.4ms)[0m  [1m[34mSELECT "guests".* FROM "guests"[0m
  Rendered api/guests/index.json.jbuilder (2.6ms)
Completed 200 OK in 18ms (Views: 17.2ms | ActiveRecord: 0.4ms)


Started GET "/api/guests/" for ::1 at 2020-06-07 21:26:48 -0400
Processing by Api::GuestsController#index as JSON
  Rendering api/guests/index.json.jbuilder
  [1m[36mGuest Load (0.5ms)[0m  [1m[34mSELECT "guests".* FROM "guests"[0m
  Rendered api/guests/index.json.jbuilder (3.3ms)
Completed 200 OK in 16ms (Views: 15.0ms | ActiveRecord: 0.5ms)


Started GET "/api/guests/" for ::1 at 2020-06-07 21:26:49 -0400
Processing by Api::GuestsController#index as JSON
  Rendering api/guests/index.json.jbuilder
  [1m[36mGuest Load (0.3ms)[0m  [1m[34mSELECT "guests".* FROM "guests"[0m
  Rendered api/guests/index.json.jbuilder (13.1ms)
Completed 200 OK in 24ms (Views: 23.3ms | ActiveRecord: 0.3ms)


Started GET "/api/guests/1" for ::1 at 2020-06-07 21:38:00 -0400
Processing by Api::GuestsController#show as JSON
  Parameters: {"id"=>"1"}
  [1m[36mGuest Load (0.4ms)[0m  [1m[34mSELECT  "guests".* FROM "guests" WHERE "guests"."id" = $1 LIMIT $2[0m  [["id", 1], ["LIMIT", 1]]
  Rendering api/guests/show.json.jbuilder
  Rendered api/guests/show.json.jbuilder (0.4ms)
Completed 200 OK in 11ms (Views: 9.3ms | ActiveRecord: 0.4ms)


Started GET "/api/guests/" for ::1 at 2020-06-07 21:38:04 -0400
Processing by Api::GuestsController#index as JSON
  Rendering api/guests/index.json.jbuilder
  [1m[36mGuest Load (0.7ms)[0m  [1m[34mSELECT "guests".* FROM "guests"[0m
  Rendered api/guests/_guest.json.jbuilder (0.9ms)
  Rendered api/guests/_guest.json.jbuilder (0.2ms)
  Rendered api/guests/_guest.json.jbuilder (0.2ms)
  Rendered api/guests/_guest.json.jbuilder (0.2ms)
  Rendered api/guests/_guest.json.jbuilder (0.1ms)
  Rendered api/guests/index.json.jbuilder (14.1ms)
Completed 200 OK in 26ms (Views: 24.9ms | ActiveRecord: 0.7ms)


Started GET "/api/guests/" for ::1 at 2020-06-07 21:38:06 -0400
Processing by Api::GuestsController#index as JSON
  Rendering api/guests/index.json.jbuilder
  [1m[36mGuest Load (0.5ms)[0m  [1m[34mSELECT "guests".* FROM "guests"[0m
  Rendered api/guests/_guest.json.jbuilder (0.4ms)
  Rendered api/guests/_guest.json.jbuilder (0.1ms)
  Rendered api/guests/_guest.json.jbuilder (0.1ms)
  Rendered api/guests/_guest.json.jbuilder (0.1ms)
  Rendered api/guests/_guest.json.jbuilder (0.1ms)
  Rendered api/guests/index.json.jbuilder (8.1ms)
Completed 200 OK in 18ms (Views: 17.0ms | ActiveRecord: 0.5ms)


Started GET "/api/guests/" for ::1 at 2020-06-07 21:38:59 -0400
Processing by Api::GuestsController#index as JSON
  Rendering api/guests/index.json.jbuilder
  [1m[36mGuest Load (0.5ms)[0m  [1m[34mSELECT "guests".* FROM "guests"[0m
  Rendered api/guests/_guest.json.jbuilder (0.3ms)
  Rendered api/guests/_guest.json.jbuilder (0.1ms)
  Rendered api/guests/_guest.json.jbuilder (0.1ms)
  Rendered api/guests/_guest.json.jbuilder (0.1ms)
  Rendered api/guests/_guest.json.jbuilder (0.2ms)
  Rendered api/guests/index.json.jbuilder (8.0ms)
Completed 200 OK in 18ms (Views: 17.0ms | ActiveRecord: 0.5ms)


Started GET "/api/guests/1" for ::1 at 2020-06-07 21:39:02 -0400
Processing by Api::GuestsController#show as JSON
  Parameters: {"id"=>"1"}
  [1m[36mGuest Load (0.4ms)[0m  [1m[34mSELECT  "guests".* FROM "guests" WHERE "guests"."id" = $1 LIMIT $2[0m  [["id", 1], ["LIMIT", 1]]
  Rendering api/guests/show.json.jbuilder
  Rendered api/guests/_guest.json.jbuilder (0.6ms)
  Rendered api/guests/show.json.jbuilder (4.7ms)
Completed 200 OK in 18ms (Views: 16.2ms | ActiveRecord: 0.4ms)


Started GET "/api/guests/1" for ::1 at 2020-06-07 21:49:48 -0400
Processing by Api::GuestsController#show as JSON
  Parameters: {"id"=>"1"}
  [1m[36mGuest Load (0.8ms)[0m  [1m[34mSELECT  "guests".* FROM "guests" WHERE "guests"."id" = $1 LIMIT $2[0m  [["id", 1], ["LIMIT", 1]]
  Rendering api/guests/show.json.jbuilder
  Rendered api/guests/_guest.json.jbuilder (0.4ms)
  Rendered api/guests/show.json.jbuilder (3.2ms)
Completed 200 OK in 16ms (Views: 13.0ms | ActiveRecord: 1.2ms)


Started GET "/api/guests/1" for ::1 at 2020-06-07 21:50:43 -0400
Processing by Api::GuestsController#show as JSON
  Parameters: {"id"=>"1"}
  [1m[36mGuest Load (0.3ms)[0m  [1m[34mSELECT  "guests".* FROM "guests" WHERE "guests"."id" = $1 LIMIT $2[0m  [["id", 1], ["LIMIT", 1]]
  Rendering api/guests/show.json.jbuilder
  Rendered api/guests/show.json.jbuilder (1.0ms)
Completed 500 Internal Server Error in 14ms (ActiveRecord: 0.3ms)



SyntaxError - syntax error, unexpected tIDENTIFIER, expecting =>
...guest: @guest, json.gifts guest.gifts
...                          ^~~~~:
  app/views/api/guests/show.json.jbuilder:1:in `'
  app/controllers/api/guests_controller.rb:9:in `show'

Started POST "/__better_errors/e3c4b37cee4f82c6/variables" for ::1 at 2020-06-07 21:50:43 -0400
Started GET "/api/guests/1" for ::1 at 2020-06-07 21:53:31 -0400
Processing by Api::GuestsController#show as JSON
  Parameters: {"id"=>"1"}
  [1m[36mGuest Load (0.6ms)[0m  [1m[34mSELECT  "guests".* FROM "guests" WHERE "guests"."id" = $1 LIMIT $2[0m  [["id", 1], ["LIMIT", 1]]
  Rendering api/guests/show.json.jbuilder
  Rendered api/guests/_guest.json.jbuilder (0.3ms)
  [1m[36mGift Load (0.5ms)[0m  [1m[34mSELECT "gifts".* FROM "gifts" WHERE "gifts"."guest_id" = $1[0m  [["guest_id", 1]]
  Rendered api/guests/show.json.jbuilder (40.5ms)
Completed 200 OK in 51ms (Views: 41.2ms | ActiveRecord: 8.7ms)


Started GET "/api/gifts/1" for ::1 at 2020-06-07 22:00:07 -0400
Processing by Api::GiftsController#show as JSON
  Parameters: {"id"=>"1"}
  [1m[36mGift Load (0.6ms)[0m  [1m[34mSELECT  "gifts".* FROM "gifts" WHERE "gifts"."id" = $1 LIMIT $2[0m  [["id", 1], ["LIMIT", 1]]
  Rendering api/gifts/show.json.jbuilder
  Rendered api/gifts/show.json.jbuilder (0.7ms)
Completed 200 OK in 17ms (Views: 12.9ms | ActiveRecord: 0.6ms)


  [1m[36mGift Load (0.7ms)[0m  [1m[34mSELECT "gifts".* FROM "gifts"[0m
Started GET "/api/gifts/2" for ::1 at 2020-06-07 22:01:14 -0400
Processing by Api::GiftsController#show as JSON
  Parameters: {"id"=>"2"}
  [1m[36mGift Load (1.0ms)[0m  [1m[34mSELECT  "gifts".* FROM "gifts" WHERE "gifts"."id" = $1 LIMIT $2[0m  [["id", 2], ["LIMIT", 1]]
  Rendering api/gifts/show.json.jbuilder
  Rendered api/gifts/show.json.jbuilder (0.5ms)
Completed 200 OK in 16ms (Views: 12.7ms | ActiveRecord: 1.0ms)


Started GET "/api/gifts/3" for ::1 at 2020-06-07 22:01:32 -0400
Processing by Api::GiftsController#show as JSON
  Parameters: {"id"=>"3"}
  [1m[36mGift Load (0.4ms)[0m  [1m[34mSELECT  "gifts".* FROM "gifts" WHERE "gifts"."id" = $1 LIMIT $2[0m  [["id", 3], ["LIMIT", 1]]
  Rendering api/gifts/show.json.jbuilder
  Rendered api/gifts/show.json.jbuilder (0.5ms)
Completed 200 OK in 12ms (Views: 10.2ms | ActiveRecord: 0.4ms)


Started GET "/api/gifts/3" for ::1 at 2020-06-07 22:02:05 -0400
Processing by Api::GiftsController#show as JSON
  Parameters: {"id"=>"3"}
  [1m[36mGift Load (0.9ms)[0m  [1m[34mSELECT  "gifts".* FROM "gifts" WHERE "gifts"."id" = $1 LIMIT $2[0m  [["id", 3], ["LIMIT", 1]]
  Rendering api/gifts/show.json.jbuilder
  Rendered api/gifts/show.json.jbuilder (0.6ms)
Completed 200 OK in 12ms (Views: 9.4ms | ActiveRecord: 0.9ms)


Started GET "/api/gifts/3" for ::1 at 2020-06-07 22:09:00 -0400
Processing by Api::GiftsController#show as JSON
  Parameters: {"id"=>"3"}
  [1m[36mGift Load (0.8ms)[0m  [1m[34mSELECT  "gifts".* FROM "gifts" WHERE "gifts"."id" = $1 LIMIT $2[0m  [["id", 3], ["LIMIT", 1]]
  Rendering api/gifts/show.json.jbuilder
  Rendered api/gifts/show.json.jbuilder (0.8ms)
Completed 200 OK in 12ms (Views: 9.7ms | ActiveRecord: 0.8ms)


Started GET "/api/guests/1" for ::1 at 2020-06-07 22:11:03 -0400
Processing by Api::GuestsController#show as JSON
  Parameters: {"id"=>"1"}
  [1m[36mGuest Load (0.3ms)[0m  [1m[34mSELECT  "guests".* FROM "guests" WHERE "guests"."id" = $1 LIMIT $2[0m  [["id", 1], ["LIMIT", 1]]
  Rendering api/guests/show.json.jbuilder
  Rendered api/guests/_guest.json.jbuilder (0.3ms)
  [1m[36mGift Load (0.4ms)[0m  [1m[34mSELECT "gifts".* FROM "gifts" WHERE "gifts"."guest_id" = $1[0m  [["guest_id", 1]]
  Rendered api/guests/show.json.jbuilder (3.2ms)
Completed 200 OK in 13ms (Views: 11.4ms | ActiveRecord: 0.7ms)


Started GET "/api/guests/1/gifts" for ::1 at 2020-06-07 22:11:05 -0400
Processing by Api::GiftsController#index as JSON
  Parameters: {"guest_id"=>"1"}
  Rendering api/gifts/index.json.jbuilder
  [1m[36mGift Load (0.7ms)[0m  [1m[34mSELECT "gifts".* FROM "gifts" WHERE "gifts"."guest_id" = $1[0m  [["guest_id", 1]]
  Rendered api/gifts/index.json.jbuilder (2.9ms)
Completed 200 OK in 12ms (Views: 10.8ms | ActiveRecord: 0.7ms)


Started GET "/api/guests/2/gifts" for ::1 at 2020-06-07 22:11:13 -0400
Processing by Api::GiftsController#index as JSON
  Parameters: {"guest_id"=>"2"}
  Rendering api/gifts/index.json.jbuilder
  [1m[36mGift Load (0.6ms)[0m  [1m[34mSELECT "gifts".* FROM "gifts" WHERE "gifts"."guest_id" = $1[0m  [["guest_id", 2]]
  Rendered api/gifts/index.json.jbuilder (2.8ms)
Completed 200 OK in 13ms (Views: 11.6ms | ActiveRecord: 0.6ms)


Started GET "/api/guests/3/gifts" for ::1 at 2020-06-07 22:11:17 -0400
Processing by Api::GiftsController#index as JSON
  Parameters: {"guest_id"=>"3"}
  Rendering api/gifts/index.json.jbuilder
  [1m[36mGift Load (0.4ms)[0m  [1m[34mSELECT "gifts".* FROM "gifts" WHERE "gifts"."guest_id" = $1[0m  [["guest_id", 3]]
  Rendered api/gifts/index.json.jbuilder (2.7ms)
Completed 200 OK in 15ms (Views: 14.0ms | ActiveRecord: 0.4ms)


Started GET "/api/parties" for ::1 at 2020-06-07 22:19:17 -0400
Processing by Api::PartiesController#index as JSON
  Rendering api/parties/index.json.jbuilder
  [1m[36mParty Load (0.9ms)[0m  [1m[34mSELECT "parties".* FROM "parties"[0m
  Rendered api/parties/index.json.jbuilder (13.8ms)
Completed 200 OK in 31ms (Views: 16.6ms | ActiveRecord: 7.1ms)


  [1m[36mParty Load (0.6ms)[0m  [1m[34mSELECT "parties".* FROM "parties"[0m
  [1m[36mParty Load (0.5ms)[0m  [1m[34mSELECT  "parties".* FROM "parties" ORDER BY "parties"."id" ASC LIMIT $1[0m  [["LIMIT", 1]]
  [1m[36mGuest Load (0.9ms)[0m  [1m[34mSELECT "guests".* FROM "guests" INNER JOIN "invitations" ON "guests"."id" = "invitations"."guest_id" WHERE "invitations"."party_id" = $1[0m  [["party_id", 1]]
Started GET "/api/parties" for ::1 at 2020-06-07 22:21:18 -0400
Processing by Api::PartiesController#index as JSON
  Rendering api/parties/index.json.jbuilder
  [1m[36mParty Load (0.6ms)[0m  [1m[34mSELECT "parties".* FROM "parties"[0m
  [1m[36mGuest Load (0.8ms)[0m  [1m[34mSELECT "guests".* FROM "guests" INNER JOIN "invitations" ON "guests"."id" = "invitations"."guest_id" WHERE "invitations"."party_id" = $1[0m  [["party_id", 1]]
  [1m[36mGuest Load (0.9ms)[0m  [1m[34mSELECT "guests".* FROM "guests" INNER JOIN "invitations" ON "guests"."id" = "invitations"."guest_id" WHERE "invitations"."party_id" = $1[0m  [["party_id", 2]]
  Rendered api/parties/index.json.jbuilder (26.7ms)
Completed 200 OK in 36ms (Views: 30.9ms | ActiveRecord: 4.3ms)


Started GET "/api/parties/1" for ::1 at 2020-06-07 22:28:31 -0400
Processing by Api::PartiesController#show as JSON
  Parameters: {"id"=>"1"}
  [1m[36mParty Load (0.7ms)[0m  [1m[34mSELECT  "parties".* FROM "parties" WHERE "parties"."id" = $1 LIMIT $2[0m  [["id", 1], ["LIMIT", 1]]
  Rendering api/parties/show.json.jbuilder
  Rendered api/parties/show.json.jbuilder (0.6ms)
Completed 200 OK in 15ms (Views: 11.0ms | ActiveRecord: 0.7ms)


Started GET "/api/parties/2" for ::1 at 2020-06-07 22:28:55 -0400
Processing by Api::PartiesController#show as JSON
  Parameters: {"id"=>"2"}
  [1m[36mParty Load (0.4ms)[0m  [1m[34mSELECT  "parties".* FROM "parties" WHERE "parties"."id" = $1 LIMIT $2[0m  [["id", 2], ["LIMIT", 1]]
  Rendering api/parties/show.json.jbuilder
  Rendered api/parties/show.json.jbuilder (0.9ms)
Completed 200 OK in 15ms (Views: 11.9ms | ActiveRecord: 0.4ms)


Started GET "/api/parties/2" for ::1 at 2020-06-07 22:32:20 -0400
Processing by Api::PartiesController#show as JSON
  Parameters: {"id"=>"2"}
  [1m[36mParty Load (1.0ms)[0m  [1m[34mSELECT  "parties".* FROM "parties" WHERE "parties"."id" = $1 LIMIT $2[0m  [["id", 2], ["LIMIT", 1]]
  Rendering api/parties/show.json.jbuilder
  [1m[36mGuest Load (2.3ms)[0m  [1m[34mSELECT "guests".* FROM "guests" INNER JOIN "invitations" ON "guests"."id" = "invitations"."guest_id" WHERE "invitations"."party_id" = $1[0m  [["party_id", 2]]
  [1m[36mGift Load (0.4ms)[0m  [1m[34mSELECT "gifts".* FROM "gifts" WHERE "gifts"."guest_id" = $1[0m  [["guest_id", 3]]
  [1m[36mGift Load (0.6ms)[0m  [1m[34mSELECT "gifts".* FROM "gifts" WHERE "gifts"."guest_id" = $1[0m  [["guest_id", 4]]
  Rendered api/parties/show.json.jbuilder (9.8ms)
Completed 200 OK in 22ms (Views: 16.4ms | ActiveRecord: 4.4ms)


Started GET "/api/parties/2" for ::1 at 2020-06-07 22:32:53 -0400
Processing by Api::PartiesController#show as JSON
  Parameters: {"id"=>"2"}
  [1m[36mParty Load (0.3ms)[0m  [1m[34mSELECT  "parties".* FROM "parties" WHERE "parties"."id" = $1 LIMIT $2[0m  [["id", 2], ["LIMIT", 1]]
  Rendering api/parties/show.json.jbuilder
  [1m[36mGuest Load (0.9ms)[0m  [1m[34mSELECT "guests".* FROM "guests" INNER JOIN "invitations" ON "guests"."id" = "invitations"."guest_id" WHERE "invitations"."party_id" = $1[0m  [["party_id", 2]]
  [1m[36mGift Load (0.5ms)[0m  [1m[34mSELECT "gifts".* FROM "gifts" WHERE "gifts"."guest_id" = $1[0m  [["guest_id", 3]]
  [1m[36mGift Load (0.5ms)[0m  [1m[34mSELECT "gifts".* FROM "gifts" WHERE "gifts"."guest_id" = $1[0m  [["guest_id", 4]]
  Rendered api/parties/show.json.jbuilder (8.4ms)
Completed 200 OK in 21ms (Views: 17.4ms | ActiveRecord: 2.2ms)


Started GET "/api/parties/2" for ::1 at 2020-06-08 21:38:26 -0400
Processing by Api::PartiesController#show as JSON
  Parameters: {"id"=>"2"}
  [1m[36mParty Load (7.2ms)[0m  [1m[34mSELECT  "parties".* FROM "parties" WHERE "parties"."id" = $1 LIMIT $2[0m  [["id", 2], ["LIMIT", 1]]
  Rendering api/parties/show.json.jbuilder
  [1m[36mGuest Load (0.6ms)[0m  [1m[34mSELECT "guests".* FROM "guests" INNER JOIN "invitations" ON "guests"."id" = "invitations"."guest_id" WHERE "invitations"."party_id" = $1[0m  [["party_id", 2]]
  [1m[36mGift Load (0.4ms)[0m  [1m[34mSELECT "gifts".* FROM "gifts" WHERE "gifts"."guest_id" = $1[0m  [["guest_id", 3]]
  [1m[36mGift Load (0.4ms)[0m  [1m[34mSELECT "gifts".* FROM "gifts" WHERE "gifts"."guest_id" = $1[0m  [["guest_id", 4]]
  Rendered api/parties/show.json.jbuilder (76.2ms)
Completed 200 OK in 149ms (Views: 71.1ms | ActiveRecord: 54.8ms)


Started GET "/api/parties/" for ::1 at 2020-06-08 21:40:45 -0400
Processing by Api::PartiesController#index as JSON
  Rendering api/parties/index.json.jbuilder
  [1m[36mParty Load (0.6ms)[0m  [1m[34mSELECT "parties".* FROM "parties"[0m
  [1m[36mInvitation Load (0.8ms)[0m  [1m[34mSELECT "invitations".* FROM "invitations" WHERE "invitations"."party_id" IN (1, 2)[0m
  [1m[36mGuest Load (4.6ms)[0m  [1m[34mSELECT "guests".* FROM "guests" WHERE "guests"."id" IN (1, 2, 3, 4, 5)[0m
  [1m[36mGift Load (0.5ms)[0m  [1m[34mSELECT "gifts".* FROM "gifts" WHERE "gifts"."guest_id" IN (1, 2, 3, 4, 5)[0m
  Rendered api/parties/index.json.jbuilder (85.3ms)
Completed 200 OK in 101ms (Views: 84.1ms | ActiveRecord: 9.2ms)


Started GET "/api/parties/" for ::1 at 2020-06-08 21:41:41 -0400
Processing by Api::PartiesController#index as JSON
  Rendering api/parties/index.json.jbuilder
  [1m[36mParty Load (0.5ms)[0m  [1m[34mSELECT "parties".* FROM "parties"[0m
  [1m[36mGuest Load (0.5ms)[0m  [1m[34mSELECT "guests".* FROM "guests" INNER JOIN "invitations" ON "guests"."id" = "invitations"."guest_id" WHERE "invitations"."party_id" = $1[0m  [["party_id", 1]]
  [1m[36mGuest Load (0.6ms)[0m  [1m[34mSELECT "guests".* FROM "guests" INNER JOIN "invitations" ON "guests"."id" = "invitations"."guest_id" WHERE "invitations"."party_id" = $1[0m  [["party_id", 2]]
  Rendered api/parties/index.json.jbuilder (34.7ms)
Completed 200 OK in 47ms (Views: 39.4ms | ActiveRecord: 1.6ms)


Started GET "/api/parties/2" for ::1 at 2020-06-08 21:41:43 -0400
Processing by Api::PartiesController#show as JSON
  Parameters: {"id"=>"2"}
  [1m[36mParty Load (2.4ms)[0m  [1m[34mSELECT  "parties".* FROM "parties" WHERE "parties"."id" = $1 LIMIT $2[0m  [["id", 2], ["LIMIT", 1]]
Completed 500 Internal Server Error in 15ms (ActiveRecord: 2.4ms)



NoMethodError - undefined method `includes' for #<Party:0x00007fa0acc82fb8>:
  app/controllers/api/parties_controller.rb:8:in `show'

Started POST "/__better_errors/d2cadf127d8200ae/variables" for ::1 at 2020-06-08 21:41:43 -0400
Started GET "/api/parties/2" for ::1 at 2020-06-08 21:44:25 -0400
Processing by Api::PartiesController#show as JSON
  Parameters: {"id"=>"2"}
  [1m[35mSQL (2.4ms)[0m  [1m[34mSELECT  DISTINCT "parties"."id" FROM "parties" LEFT OUTER JOIN "invitations" ON "invitations"."party_id" = "parties"."id" LEFT OUTER JOIN "guests" ON "guests"."id" = "invitations"."guest_id" LEFT OUTER JOIN "gifts" ON "gifts"."guest_id" = "guests"."id" WHERE "parties"."id" = $1 LIMIT $2[0m  [["id", nil], ["LIMIT", 1]]
Completed 404 Not Found in 51ms (ActiveRecord: 17.2ms)



ActiveRecord::RecordNotFound - Couldn't find Party with 'id'={:id=>"2"}:
  app/controllers/api/parties_controller.rb:8:in `show'

Started POST "/__better_errors/b85cc6bef6c8dc09/variables" for ::1 at 2020-06-08 21:44:25 -0400
Started GET "/api/parties/2" for ::1 at 2020-06-08 21:44:36 -0400
Processing by Api::PartiesController#show as JSON
  Parameters: {"id"=>"2"}
  [1m[36mParty Load (0.5ms)[0m  [1m[34mSELECT  "parties".* FROM "parties" WHERE "parties"."id" = $1 LIMIT $2[0m  [["id", 2], ["LIMIT", 1]]
  [1m[36mInvitation Load (0.4ms)[0m  [1m[34mSELECT "invitations".* FROM "invitations" WHERE "invitations"."party_id" = 2[0m
  [1m[36mGuest Load (0.5ms)[0m  [1m[34mSELECT "guests".* FROM "guests" WHERE "guests"."id" IN (3, 4)[0m
  [1m[36mGift Load (0.4ms)[0m  [1m[34mSELECT "gifts".* FROM "gifts" WHERE "gifts"."guest_id" IN (3, 4)[0m
  Rendering api/parties/show.json.jbuilder
  Rendered api/parties/show.json.jbuilder (0.7ms)
Completed 200 OK in 79ms (Views: 7.3ms | ActiveRecord: 9.5ms)


  [1m[36mParty Load (0.6ms)[0m  [1m[34mSELECT "parties".* FROM "parties"[0m
  [1m[36mParty Load (0.5ms)[0m  [1m[34mSELECT "parties".* FROM "parties"[0m
  [1m[36mInvitation Load (1.9ms)[0m  [1m[34mSELECT "invitations".* FROM "invitations" WHERE "invitations"."party_id" IN (1, 2)[0m
  [1m[36mGuest Load (0.8ms)[0m  [1m[34mSELECT "guests".* FROM "guests" WHERE "guests"."id" IN (1, 2, 3, 4, 5)[0m
Started GET "/api/parties/2" for ::1 at 2020-06-08 21:47:43 -0400
Processing by Api::PartiesController#show as JSON
  Parameters: {"id"=>"2"}
  [1m[36mParty Load (0.3ms)[0m  [1m[34mSELECT  "parties".* FROM "parties" WHERE "parties"."id" = $1 LIMIT $2[0m  [["id", 2], ["LIMIT", 1]]
Completed 500 Internal Server Error in 11ms (ActiveRecord: 0.3ms)



NoMethodError - undefined method `-' for nil:NilClass:
  app/controllers/api/parties_controller.rb:9:in `show'

Started POST "/__better_errors/6ec575337d5e4bf7/variables" for ::1 at 2020-06-08 21:47:43 -0400
Started GET "/api/parties/2" for ::1 at 2020-06-08 21:47:55 -0400
Processing by Api::PartiesController#show as JSON
  Parameters: {"id"=>"2"}
  [1m[36mParty Load (2.1ms)[0m  [1m[34mSELECT  "parties".* FROM "parties" WHERE "parties"."id" = $1 LIMIT $2[0m  [["id", 2], ["LIMIT", 1]]
  Rendering api/parties/show.json.jbuilder
  [1m[36mGuest Load (0.9ms)[0m  [1m[34mSELECT "guests".* FROM "guests" INNER JOIN "invitations" ON "guests"."id" = "invitations"."guest_id" WHERE "invitations"."party_id" = $1[0m  [["party_id", 2]]
  [1m[36mGift Load (0.5ms)[0m  [1m[34mSELECT "gifts".* FROM "gifts" WHERE "gifts"."guest_id" = $1[0m  [["guest_id", 3]]
  [1m[36mGift Load (0.3ms)[0m  [1m[34mSELECT "gifts".* FROM "gifts" WHERE "gifts"."guest_id" = $1[0m  [["guest_id", 4]]
  Rendered api/parties/show.json.jbuilder (34.1ms)
Completed 200 OK in 64ms (Views: 44.0ms | ActiveRecord: 3.8ms)


Started GET "/api/parties/1" for ::1 at 2020-06-08 21:48:25 -0400
Processing by Api::PartiesController#show as JSON
  Parameters: {"id"=>"1"}
  [1m[36mParty Load (0.9ms)[0m  [1m[34mSELECT  "parties".* FROM "parties" WHERE "parties"."id" = $1 LIMIT $2[0m  [["id", 1], ["LIMIT", 1]]
  Rendering api/parties/show.json.jbuilder
  [1m[36mGuest Load (1.8ms)[0m  [1m[34mSELECT "guests".* FROM "guests" INNER JOIN "invitations" ON "guests"."id" = "invitations"."guest_id" WHERE "invitations"."party_id" = $1[0m  [["party_id", 1]]
  [1m[36mGift Load (0.9ms)[0m  [1m[34mSELECT "gifts".* FROM "gifts" WHERE "gifts"."guest_id" = $1[0m  [["guest_id", 1]]
  [1m[36mGift Load (1.3ms)[0m  [1m[34mSELECT "gifts".* FROM "gifts" WHERE "gifts"."guest_id" = $1[0m  [["guest_id", 2]]
  [1m[36mGift Load (1.4ms)[0m  [1m[34mSELECT "gifts".* FROM "gifts" WHERE "gifts"."guest_id" = $1[0m  [["guest_id", 3]]
  [1m[36mGift Load (0.4ms)[0m  [1m[34mSELECT "gifts".* FROM "gifts" WHERE "gifts"."guest_id" = $1[0m  [["guest_id", 4]]
  [1m[36mGift Load (0.3ms)[0m  [1m[34mSELECT "gifts".* FROM "gifts" WHERE "gifts"."guest_id" = $1[0m  [["guest_id", 5]]
  Rendered api/parties/show.json.jbuilder (19.5ms)
Completed 200 OK in 34ms (Views: 24.8ms | ActiveRecord: 7.0ms)


Started GET "/api/parties/1" for ::1 at 2020-06-08 21:49:04 -0400
Processing by Api::PartiesController#show as JSON
  Parameters: {"id"=>"1"}
  [1m[36mParty Load (0.4ms)[0m  [1m[34mSELECT  "parties".* FROM "parties" WHERE "parties"."id" = $1 LIMIT $2[0m  [["id", 1], ["LIMIT", 1]]
  [1m[36mInvitation Load (0.5ms)[0m  [1m[34mSELECT "invitations".* FROM "invitations" WHERE "invitations"."party_id" = 1[0m
  [1m[36mGuest Load (0.4ms)[0m  [1m[34mSELECT "guests".* FROM "guests" WHERE "guests"."id" IN (1, 2, 3, 4, 5)[0m
  [1m[36mGift Load (0.5ms)[0m  [1m[34mSELECT "gifts".* FROM "gifts" WHERE "gifts"."guest_id" IN (1, 2, 3, 4, 5)[0m
  Rendering api/parties/show.json.jbuilder
  Rendered api/parties/show.json.jbuilder (1.3ms)
Completed 200 OK in 91ms (Views: 9.2ms | ActiveRecord: 24.9ms)


Started GET "/api/parties/1" for ::1 at 2020-06-08 21:49:22 -0400
Processing by Api::PartiesController#show as JSON
  Parameters: {"id"=>"1"}
  [1m[36mParty Load (1.1ms)[0m  [1m[34mSELECT  "parties".* FROM "parties" WHERE "parties"."id" = $1 LIMIT $2[0m  [["id", 1], ["LIMIT", 1]]
  [1m[36mInvitation Load (1.0ms)[0m  [1m[34mSELECT "invitations".* FROM "invitations" WHERE "invitations"."party_id" = 1[0m
  [1m[36mGuest Load (1.9ms)[0m  [1m[34mSELECT "guests".* FROM "guests" WHERE "guests"."id" IN (1, 2, 3, 4, 5)[0m
  [1m[36mGift Load (0.8ms)[0m  [1m[34mSELECT "gifts".* FROM "gifts" WHERE "gifts"."guest_id" IN (1, 2, 3, 4, 5)[0m
  Rendering api/parties/show.json.jbuilder
  Rendered api/parties/show.json.jbuilder (1.1ms)
Completed 200 OK in 21ms (Views: 8.4ms | ActiveRecord: 4.8ms)


Started GET "/api/guests/1" for ::1 at 2020-06-08 21:54:28 -0400
Processing by Api::GuestsController#show as JSON
  Parameters: {"id"=>"1"}
  [1m[36mGuest Load (0.9ms)[0m  [1m[34mSELECT  "guests".* FROM "guests" WHERE "guests"."id" = $1 LIMIT $2[0m  [["id", 1], ["LIMIT", 1]]
  Rendering api/guests/show.json.jbuilder
  Rendered api/guests/_guest.json.jbuilder (0.8ms)
  [1m[36mGift Load (1.0ms)[0m  [1m[34mSELECT "gifts".* FROM "gifts" WHERE "gifts"."guest_id" = $1[0m  [["guest_id", 1]]
  Rendered api/guests/show.json.jbuilder (8.7ms)
Completed 200 OK in 24ms (Views: 20.2ms | ActiveRecord: 2.0ms)


Started GET "/api/guests/2" for ::1 at 2020-06-08 21:54:32 -0400
Processing by Api::GuestsController#show as JSON
  Parameters: {"id"=>"2"}
  [1m[36mGuest Load (0.7ms)[0m  [1m[34mSELECT  "guests".* FROM "guests" WHERE "guests"."id" = $1 LIMIT $2[0m  [["id", 2], ["LIMIT", 1]]
  Rendering api/guests/show.json.jbuilder
  Rendered api/guests/_guest.json.jbuilder (0.4ms)
  [1m[36mGift Load (0.5ms)[0m  [1m[34mSELECT "gifts".* FROM "gifts" WHERE "gifts"."guest_id" = $1[0m  [["guest_id", 2]]
  Rendered api/guests/show.json.jbuilder (5.1ms)
Completed 200 OK in 18ms (Views: 14.6ms | ActiveRecord: 1.3ms)


Started GET "/api/guests/3" for ::1 at 2020-06-08 21:54:34 -0400
Processing by Api::GuestsController#show as JSON
  Parameters: {"id"=>"3"}
  [1m[36mGuest Load (0.5ms)[0m  [1m[34mSELECT  "guests".* FROM "guests" WHERE "guests"."id" = $1 LIMIT $2[0m  [["id", 3], ["LIMIT", 1]]
  Rendering api/guests/show.json.jbuilder
  Rendered api/guests/_guest.json.jbuilder (0.3ms)
  [1m[36mGift Load (0.5ms)[0m  [1m[34mSELECT "gifts".* FROM "gifts" WHERE "gifts"."guest_id" = $1[0m  [["guest_id", 3]]
  Rendered api/guests/show.json.jbuilder (4.1ms)
Completed 200 OK in 17ms (Views: 14.7ms | ActiveRecord: 1.0ms)


Started GET "/api/guests/4" for ::1 at 2020-06-08 21:54:36 -0400
Processing by Api::GuestsController#show as JSON
  Parameters: {"id"=>"4"}
  [1m[36mGuest Load (2.5ms)[0m  [1m[34mSELECT  "guests".* FROM "guests" WHERE "guests"."id" = $1 LIMIT $2[0m  [["id", 4], ["LIMIT", 1]]
  Rendering api/guests/show.json.jbuilder
  Rendered api/guests/_guest.json.jbuilder (0.4ms)
  [1m[36mGift Load (0.5ms)[0m  [1m[34mSELECT "gifts".* FROM "gifts" WHERE "gifts"."guest_id" = $1[0m  [["guest_id", 4]]
  Rendered api/guests/show.json.jbuilder (4.3ms)
Completed 200 OK in 18ms (Views: 12.8ms | ActiveRecord: 3.1ms)


Started GET "/api/guests/5" for ::1 at 2020-06-08 21:54:38 -0400
Processing by Api::GuestsController#show as JSON
  Parameters: {"id"=>"5"}
  [1m[36mGuest Load (0.9ms)[0m  [1m[34mSELECT  "guests".* FROM "guests" WHERE "guests"."id" = $1 LIMIT $2[0m  [["id", 5], ["LIMIT", 1]]
  Rendering api/guests/show.json.jbuilder
  Rendered api/guests/_guest.json.jbuilder (0.4ms)
  [1m[36mGift Load (0.4ms)[0m  [1m[34mSELECT "gifts".* FROM "gifts" WHERE "gifts"."guest_id" = $1[0m  [["guest_id", 5]]
  Rendered api/guests/show.json.jbuilder (4.5ms)
Completed 200 OK in 17ms (Views: 14.7ms | ActiveRecord: 1.4ms)


Started GET "/api/guests/6" for ::1 at 2020-06-08 21:54:40 -0400
Processing by Api::GuestsController#show as JSON
  Parameters: {"id"=>"6"}
  [1m[36mGuest Load (2.9ms)[0m  [1m[34mSELECT  "guests".* FROM "guests" WHERE "guests"."id" = $1 LIMIT $2[0m  [["id", 6], ["LIMIT", 1]]
  Rendering api/guests/show.json.jbuilder
  Rendered api/guests/_guest.json.jbuilder (5.8ms)
  Rendered api/guests/show.json.jbuilder (7.9ms)
Completed 500 Internal Server Error in 22ms (ActiveRecord: 2.9ms)



ActionView::Template::Error - undefined method `name' for nil:NilClass:
  app/views/api/guests/_guest.json.jbuilder:1:in `view template'
  app/views/api/guests/show.json.jbuilder:1:in `_app_views_api_guests_show_json_jbuilder___645937410006074877_70164043296080'
  app/controllers/api/guests_controller.rb:9:in `show'

Started POST "/__better_errors/8b48751a3cc2fbda/variables" for ::1 at 2020-06-08 21:54:40 -0400
Started GET "/api/guests/1" for ::1 at 2020-06-08 21:54:42 -0400
Processing by Api::GuestsController#show as JSON
  Parameters: {"id"=>"1"}
  [1m[36mGuest Load (0.4ms)[0m  [1m[34mSELECT  "guests".* FROM "guests" WHERE "guests"."id" = $1 LIMIT $2[0m  [["id", 1], ["LIMIT", 1]]
  Rendering api/guests/show.json.jbuilder
  Rendered api/guests/_guest.json.jbuilder (0.5ms)
  [1m[36mGift Load (0.4ms)[0m  [1m[34mSELECT "gifts".* FROM "gifts" WHERE "gifts"."guest_id" = $1[0m  [["guest_id", 1]]
  Rendered api/guests/show.json.jbuilder (5.6ms)
Completed 200 OK in 23ms (Views: 20.5ms | ActiveRecord: 0.7ms)


Started GET "/api/gifts/1" for ::1 at 2020-06-08 21:55:54 -0400
Processing by Api::GiftsController#show as JSON
  Parameters: {"id"=>"1"}
  [1m[36mGift Load (0.8ms)[0m  [1m[34mSELECT  "gifts".* FROM "gifts" WHERE "gifts"."id" = $1 LIMIT $2[0m  [["id", 1], ["LIMIT", 1]]
  Rendering api/gifts/show.json.jbuilder
  Rendered api/gifts/show.json.jbuilder (0.6ms)
Completed 200 OK in 16ms (Views: 12.2ms | ActiveRecord: 0.8ms)


Started GET "/api/guests/1" for ::1 at 2020-06-08 21:56:08 -0400
Processing by Api::GuestsController#show as JSON
  Parameters: {"id"=>"1"}
  [1m[36mGuest Load (0.2ms)[0m  [1m[34mSELECT  "guests".* FROM "guests" WHERE "guests"."id" = $1 LIMIT $2[0m  [["id", 1], ["LIMIT", 1]]
  Rendering api/guests/show.json.jbuilder
  Rendered api/guests/_guest.json.jbuilder (0.3ms)
  [1m[36mGift Load (0.5ms)[0m  [1m[34mSELECT "gifts".* FROM "gifts" WHERE "gifts"."guest_id" = $1[0m  [["guest_id", 1]]
  Rendered api/guests/show.json.jbuilder (3.2ms)
Completed 200 OK in 13ms (Views: 11.2ms | ActiveRecord: 0.7ms)


Started GET "/api/guests/1/gifts" for ::1 at 2020-06-08 21:56:09 -0400
Processing by Api::GiftsController#index as JSON
  Parameters: {"guest_id"=>"1"}
  Rendering api/gifts/index.json.jbuilder
  [1m[36mGift Load (0.6ms)[0m  [1m[34mSELECT "gifts".* FROM "gifts" WHERE "gifts"."guest_id" = $1[0m  [["guest_id", 1]]
  Rendered api/gifts/index.json.jbuilder (5.2ms)
Completed 200 OK in 24ms (Views: 22.4ms | ActiveRecord: 0.6ms)


  [1m[36mGuest Load (0.5ms)[0m  [1m[34mSELECT "guests".* FROM "guests"[0m
  [1m[36mGift Load (0.6ms)[0m  [1m[34mSELECT "gifts".* FROM "gifts" WHERE "gifts"."guest_id" IN (1, 2, 3, 4, 5)[0m
  [1m[36mGuest Load (0.6ms)[0m  [1m[34mSELECT "guests".* FROM "guests"[0m
  [1m[36mGift Load (0.6ms)[0m  [1m[34mSELECT "gifts".* FROM "gifts" WHERE "gifts"."guest_id" IN (1, 2, 3, 4, 5)[0m
  [1m[36mGuest Load (0.4ms)[0m  [1m[34mSELECT "guests".* FROM "guests"[0m
  [1m[36mGift Load (0.6ms)[0m  [1m[34mSELECT "gifts".* FROM "gifts" WHERE "gifts"."guest_id" IN (1, 2, 3, 4, 5)[0m
  [1m[36mGuest Load (0.5ms)[0m  [1m[34mSELECT "guests".* FROM "guests"[0m
  [1m[36mGift Load (0.5ms)[0m  [1m[34mSELECT "gifts".* FROM "gifts" WHERE "gifts"."guest_id" IN (1, 2, 3, 4, 5)[0m
  [1m[36mGuest Load (0.5ms)[0m  [1m[34mSELECT "guests".* FROM "guests"[0m
  [1m[36mGuest Load (2.8ms)[0m  [1m[34mSELECT "guests".* FROM "guests"[0m
  [1m[36mGuest Load (0.5ms)[0m  [1m[34mSELECT "guests".* FROM "guests"[0m
  [1m[36mGuest Load (0.8ms)[0m  [1m[34mSELECT "guests".* FROM "guests"[0m
  [1m[36mGuest Load (0.4ms)[0m  [1m[34mSELECT  "guests".* FROM "guests" ORDER BY "guests"."id" ASC LIMIT $1[0m  [["LIMIT", 1]]
  [1m[36mGift Load (0.7ms)[0m  [1m[34mSELECT "gifts".* FROM "gifts" WHERE "gifts"."guest_id" = $1[0m  [["guest_id", 1]]
  [1m[36mGuest Load (0.9ms)[0m  [1m[34mSELECT "guests".* FROM "guests"[0m
  [1m[36mGift Load (0.4ms)[0m  [1m[34mSELECT "gifts".* FROM "gifts" WHERE "gifts"."guest_id" = $1[0m  [["guest_id", 1]]
  [1m[36mGift Load (0.6ms)[0m  [1m[34mSELECT "gifts".* FROM "gifts" WHERE "gifts"."guest_id" = $1[0m  [["guest_id", 2]]
  [1m[36mGift Load (0.4ms)[0m  [1m[34mSELECT "gifts".* FROM "gifts" WHERE "gifts"."guest_id" = $1[0m  [["guest_id", 3]]
  [1m[36mGift Load (0.6ms)[0m  [1m[34mSELECT "gifts".* FROM "gifts" WHERE "gifts"."guest_id" = $1[0m  [["guest_id", 4]]
  [1m[36mGift Load (1.4ms)[0m  [1m[34mSELECT "gifts".* FROM "gifts" WHERE "gifts"."guest_id" = $1[0m  [["guest_id", 5]]
  [1m[36mGuest Load (0.4ms)[0m  [1m[34mSELECT "guests".* FROM "guests"[0m
  [1m[36mGift Load (0.6ms)[0m  [1m[34mSELECT "gifts".* FROM "gifts" WHERE "gifts"."guest_id" IN (1, 2, 3, 4, 5)[0m
